Performing C SOURCE FILE Test CMAKE_HAVE_LIBC_PTHREAD failed with the following output:
Change Dir: G:/GITHUB/GitHubDesktop/curl/out/build/x64-Debug/CMakeFiles/CMakeTmp

Run Build Command(s):C:/Program Files/Microsoft Visual Studio/2022/Community/Common7/IDE/CommonExtensions/Microsoft/CMake/Ninja/ninja.exe cmTC_bfecc && [1/2] Building C object CMakeFiles\cmTC_bfecc.dir\src.c.obj
FAILED: CMakeFiles/cmTC_bfecc.dir/src.c.obj 
C:\PROGRA~1\MIB055~1\2022\COMMUN~1\VC\Tools\MSVC\1433~1.316\bin\HostX64\x64\cl.exe  /nologo -DCMAKE_HAVE_LIBC_PTHREAD  /DWIN32 /D_WINDOWS  /Zi /Ob0 /Od /RTC1 -MDd    -D_WINSOCKAPI_= /showIncludes /FoCMakeFiles\cmTC_bfecc.dir\src.c.obj /FdCMakeFiles\cmTC_bfecc.dir\ /FS -c G:\GITHUB\GitHubDesktop\curl\out\build\x64-Debug\CMakeFiles\CMakeTmp\src.c
G:\GITHUB\GitHubDesktop\curl\out\build\x64-Debug\CMakeFiles\CMakeTmp\src.c(1): fatal error C1083: Cannot open include file: 'pthread.h': No such file or directory
ninja: build stopped: subcommand failed.


Source file was:
#include <pthread.h>

static void* test_func(void* data)
{
  return data;
}

int main(void)
{
  pthread_t thread;
  pthread_create(&thread, NULL, test_func, NULL);
  pthread_detach(thread);
  pthread_cancel(thread);
  pthread_join(thread, NULL);
  pthread_atfork(NULL, NULL, NULL);
  pthread_exit(NULL);

  return 0;
}

Determining if the function pthread_create exists in the pthreads failed with the following output:
Change Dir: G:/GITHUB/GitHubDesktop/curl/out/build/x64-Debug/CMakeFiles/CMakeTmp

Run Build Command(s):C:/Program Files/Microsoft Visual Studio/2022/Community/Common7/IDE/CommonExtensions/Microsoft/CMake/Ninja/ninja.exe cmTC_e2d7f && [1/2] Building C object CMakeFiles\cmTC_e2d7f.dir\CheckFunctionExists.c.obj
[2/2] Linking C executable cmTC_e2d7f.exe
FAILED: cmTC_e2d7f.exe 
cmd.exe /C "cd . && "C:\Program Files\Microsoft Visual Studio\2022\Community\Common7\IDE\CommonExtensions\Microsoft\CMake\CMake\bin\cmake.exe" -E vs_link_exe --intdir=CMakeFiles\cmTC_e2d7f.dir --rc=C:\PROGRA~2\WI3CF2~1\10\bin\100226~1.0\x64\rc.exe --mt=C:\PROGRA~2\WI3CF2~1\10\bin\100226~1.0\x64\mt.exe --manifests  -- C:\PROGRA~1\MIB055~1\2022\COMMUN~1\VC\Tools\MSVC\1433~1.316\bin\HostX64\x64\link.exe /nologo CMakeFiles\cmTC_e2d7f.dir\CheckFunctionExists.c.obj  /out:cmTC_e2d7f.exe /implib:cmTC_e2d7f.lib /pdb:cmTC_e2d7f.pdb /version:0.0 /machine:x64  /debug /INCREMENTAL /subsystem:console  pthreads.lib  kernel32.lib user32.lib gdi32.lib winspool.lib shell32.lib ole32.lib oleaut32.lib uuid.lib comdlg32.lib advapi32.lib && cd ."
LINK Pass 1: command "C:\PROGRA~1\MIB055~1\2022\COMMUN~1\VC\Tools\MSVC\1433~1.316\bin\HostX64\x64\link.exe /nologo CMakeFiles\cmTC_e2d7f.dir\CheckFunctionExists.c.obj /out:cmTC_e2d7f.exe /implib:cmTC_e2d7f.lib /pdb:cmTC_e2d7f.pdb /version:0.0 /machine:x64 /debug /INCREMENTAL /subsystem:console pthreads.lib kernel32.lib user32.lib gdi32.lib winspool.lib shell32.lib ole32.lib oleaut32.lib uuid.lib comdlg32.lib advapi32.lib /MANIFEST /MANIFESTFILE:CMakeFiles\cmTC_e2d7f.dir/intermediate.manifest CMakeFiles\cmTC_e2d7f.dir/manifest.res" failed (exit code 1104) with the following output:
LINK : fatal error LNK1104: cannot open file 'pthreads.lib'
ninja: build stopped: subcommand failed.



Determining if the function pthread_create exists in the pthread failed with the following output:
Change Dir: G:/GITHUB/GitHubDesktop/curl/out/build/x64-Debug/CMakeFiles/CMakeTmp

Run Build Command(s):C:/Program Files/Microsoft Visual Studio/2022/Community/Common7/IDE/CommonExtensions/Microsoft/CMake/Ninja/ninja.exe cmTC_6808f && [1/2] Building C object CMakeFiles\cmTC_6808f.dir\CheckFunctionExists.c.obj
[2/2] Linking C executable cmTC_6808f.exe
FAILED: cmTC_6808f.exe 
cmd.exe /C "cd . && "C:\Program Files\Microsoft Visual Studio\2022\Community\Common7\IDE\CommonExtensions\Microsoft\CMake\CMake\bin\cmake.exe" -E vs_link_exe --intdir=CMakeFiles\cmTC_6808f.dir --rc=C:\PROGRA~2\WI3CF2~1\10\bin\100226~1.0\x64\rc.exe --mt=C:\PROGRA~2\WI3CF2~1\10\bin\100226~1.0\x64\mt.exe --manifests  -- C:\PROGRA~1\MIB055~1\2022\COMMUN~1\VC\Tools\MSVC\1433~1.316\bin\HostX64\x64\link.exe /nologo CMakeFiles\cmTC_6808f.dir\CheckFunctionExists.c.obj  /out:cmTC_6808f.exe /implib:cmTC_6808f.lib /pdb:cmTC_6808f.pdb /version:0.0 /machine:x64  /debug /INCREMENTAL /subsystem:console  pthread.lib  kernel32.lib user32.lib gdi32.lib winspool.lib shell32.lib ole32.lib oleaut32.lib uuid.lib comdlg32.lib advapi32.lib && cd ."
LINK Pass 1: command "C:\PROGRA~1\MIB055~1\2022\COMMUN~1\VC\Tools\MSVC\1433~1.316\bin\HostX64\x64\link.exe /nologo CMakeFiles\cmTC_6808f.dir\CheckFunctionExists.c.obj /out:cmTC_6808f.exe /implib:cmTC_6808f.lib /pdb:cmTC_6808f.pdb /version:0.0 /machine:x64 /debug /INCREMENTAL /subsystem:console pthread.lib kernel32.lib user32.lib gdi32.lib winspool.lib shell32.lib ole32.lib oleaut32.lib uuid.lib comdlg32.lib advapi32.lib /MANIFEST /MANIFESTFILE:CMakeFiles\cmTC_6808f.dir/intermediate.manifest CMakeFiles\cmTC_6808f.dir/manifest.res" failed (exit code 1104) with the following output:
LINK : fatal error LNK1104: cannot open file 'pthread.lib'
ninja: build stopped: subcommand failed.



Determining if files ;winldap.h exist failed with the following output:
Change Dir: G:/GITHUB/GitHubDesktop/curl/out/build/x64-Debug/CMakeFiles/CMakeTmp

Run Build Command(s):C:/Program Files/Microsoft Visual Studio/2022/Community/Common7/IDE/CommonExtensions/Microsoft/CMake/Ninja/ninja.exe cmTC_b93dc && [1/2] Building C object CMakeFiles\cmTC_b93dc.dir\HAVE_WINLDAP_H.c.obj
FAILED: CMakeFiles/cmTC_b93dc.dir/HAVE_WINLDAP_H.c.obj 
C:\PROGRA~1\MIB055~1\2022\COMMUN~1\VC\Tools\MSVC\1433~1.316\bin\HostX64\x64\cl.exe  /nologo   /DWIN32 /D_WINDOWS  /Zi /Ob0 /Od /RTC1 -MDd    -D_WINSOCKAPI_= /showIncludes /FoCMakeFiles\cmTC_b93dc.dir\HAVE_WINLDAP_H.c.obj /FdCMakeFiles\cmTC_b93dc.dir\ /FS -c G:\GITHUB\GitHubDesktop\curl\out\build\x64-Debug\CMakeFiles\CheckIncludeFiles\HAVE_WINLDAP_H.c
C:\Program Files (x86)\Windows Kits\10\include\10.0.22621.0\um\winnt.h(169): fatal error C1189: #error:  "No Target Architecture"
ninja: build stopped: subcommand failed.


Source:
/* */
#include <winldap.h>


int main(void){return 0;}

Determining if files ;ldap_ssl.h exist failed with the following output:
Change Dir: G:/GITHUB/GitHubDesktop/curl/out/build/x64-Debug/CMakeFiles/CMakeTmp

Run Build Command(s):C:/Program Files/Microsoft Visual Studio/2022/Community/Common7/IDE/CommonExtensions/Microsoft/CMake/Ninja/ninja.exe cmTC_b081d && [1/2] Building C object CMakeFiles\cmTC_b081d.dir\HAVE_LDAP_SSL_H.c.obj
FAILED: CMakeFiles/cmTC_b081d.dir/HAVE_LDAP_SSL_H.c.obj 
C:\PROGRA~1\MIB055~1\2022\COMMUN~1\VC\Tools\MSVC\1433~1.316\bin\HostX64\x64\cl.exe  /nologo   /DWIN32 /D_WINDOWS  /Zi /Ob0 /Od /RTC1 -MDd    -D_WINSOCKAPI_= /showIncludes /FoCMakeFiles\cmTC_b081d.dir\HAVE_LDAP_SSL_H.c.obj /FdCMakeFiles\cmTC_b081d.dir\ /FS -c G:\GITHUB\GitHubDesktop\curl\out\build\x64-Debug\CMakeFiles\CheckIncludeFiles\HAVE_LDAP_SSL_H.c
G:\GITHUB\GitHubDesktop\curl\out\build\x64-Debug\CMakeFiles\CheckIncludeFiles\HAVE_LDAP_SSL_H.c(2): fatal error C1083: Cannot open include file: 'ldap_ssl.h': No such file or directory
ninja: build stopped: subcommand failed.


Source:
/* */
#include <ldap_ssl.h>


int main(void){return 0;}

Determining if the function idn2_lookup_ul exists in the idn2;wldap32;winmm;ws2_32 failed with the following output:
Change Dir: G:/GITHUB/GitHubDesktop/curl/out/build/x64-Debug/CMakeFiles/CMakeTmp

Run Build Command(s):C:/Program Files/Microsoft Visual Studio/2022/Community/Common7/IDE/CommonExtensions/Microsoft/CMake/Ninja/ninja.exe cmTC_43f82 && [1/2] Building C object CMakeFiles\cmTC_43f82.dir\CheckFunctionExists.c.obj
[2/2] Linking C executable cmTC_43f82.exe
FAILED: cmTC_43f82.exe 
cmd.exe /C "cd . && "C:\Program Files\Microsoft Visual Studio\2022\Community\Common7\IDE\CommonExtensions\Microsoft\CMake\CMake\bin\cmake.exe" -E vs_link_exe --intdir=CMakeFiles\cmTC_43f82.dir --rc=C:\PROGRA~2\WI3CF2~1\10\bin\100226~1.0\x64\rc.exe --mt=C:\PROGRA~2\WI3CF2~1\10\bin\100226~1.0\x64\mt.exe --manifests  -- C:\PROGRA~1\MIB055~1\2022\COMMUN~1\VC\Tools\MSVC\1433~1.316\bin\HostX64\x64\link.exe /nologo CMakeFiles\cmTC_43f82.dir\CheckFunctionExists.c.obj  /out:cmTC_43f82.exe /implib:cmTC_43f82.lib /pdb:cmTC_43f82.pdb /version:0.0 /machine:x64  /debug /INCREMENTAL /subsystem:console  idn2.lib  wldap32.lib  winmm.lib  ws2_32.lib  kernel32.lib user32.lib gdi32.lib winspool.lib shell32.lib ole32.lib oleaut32.lib uuid.lib comdlg32.lib advapi32.lib && cd ."
LINK Pass 1: command "C:\PROGRA~1\MIB055~1\2022\COMMUN~1\VC\Tools\MSVC\1433~1.316\bin\HostX64\x64\link.exe /nologo CMakeFiles\cmTC_43f82.dir\CheckFunctionExists.c.obj /out:cmTC_43f82.exe /implib:cmTC_43f82.lib /pdb:cmTC_43f82.pdb /version:0.0 /machine:x64 /debug /INCREMENTAL /subsystem:console idn2.lib wldap32.lib winmm.lib ws2_32.lib kernel32.lib user32.lib gdi32.lib winspool.lib shell32.lib ole32.lib oleaut32.lib uuid.lib comdlg32.lib advapi32.lib /MANIFEST /MANIFESTFILE:CMakeFiles\cmTC_43f82.dir/intermediate.manifest CMakeFiles\cmTC_43f82.dir/manifest.res" failed (exit code 1104) with the following output:
LINK : fatal error LNK1104: cannot open file 'idn2.lib'
ninja: build stopped: subcommand failed.



Determining if files windows.h;ws2tcpip.h;winsock2.h;wincrypt.h;sys/filio.h exist failed with the following output:
Change Dir: G:/GITHUB/GitHubDesktop/curl/out/build/x64-Debug/CMakeFiles/CMakeTmp

Run Build Command(s):C:/Program Files/Microsoft Visual Studio/2022/Community/Common7/IDE/CommonExtensions/Microsoft/CMake/Ninja/ninja.exe cmTC_af908 && [1/2] Building C object CMakeFiles\cmTC_af908.dir\HAVE_SYS_FILIO_H.c.obj
FAILED: CMakeFiles/cmTC_af908.dir/HAVE_SYS_FILIO_H.c.obj 
C:\PROGRA~1\MIB055~1\2022\COMMUN~1\VC\Tools\MSVC\1433~1.316\bin\HostX64\x64\cl.exe  /nologo   /DWIN32 /D_WINDOWS  /Zi /Ob0 /Od /RTC1 -MDd    -D_WINSOCKAPI_= /showIncludes /FoCMakeFiles\cmTC_af908.dir\HAVE_SYS_FILIO_H.c.obj /FdCMakeFiles\cmTC_af908.dir\ /FS -c G:\GITHUB\GitHubDesktop\curl\out\build\x64-Debug\CMakeFiles\CheckIncludeFiles\HAVE_SYS_FILIO_H.c
G:\GITHUB\GitHubDesktop\curl\out\build\x64-Debug\CMakeFiles\CheckIncludeFiles\HAVE_SYS_FILIO_H.c(6): fatal error C1083: Cannot open include file: 'sys/filio.h': No such file or directory
ninja: build stopped: subcommand failed.


Source:
/* */
#include <windows.h>
#include <ws2tcpip.h>
#include <winsock2.h>
#include <wincrypt.h>
#include <sys/filio.h>


int main(void){return 0;}

Determining if files windows.h;ws2tcpip.h;winsock2.h;wincrypt.h;sys/ioctl.h exist failed with the following output:
Change Dir: G:/GITHUB/GitHubDesktop/curl/out/build/x64-Debug/CMakeFiles/CMakeTmp

Run Build Command(s):C:/Program Files/Microsoft Visual Studio/2022/Community/Common7/IDE/CommonExtensions/Microsoft/CMake/Ninja/ninja.exe cmTC_98a04 && [1/2] Building C object CMakeFiles\cmTC_98a04.dir\HAVE_SYS_IOCTL_H.c.obj
FAILED: CMakeFiles/cmTC_98a04.dir/HAVE_SYS_IOCTL_H.c.obj 
C:\PROGRA~1\MIB055~1\2022\COMMUN~1\VC\Tools\MSVC\1433~1.316\bin\HostX64\x64\cl.exe  /nologo   /DWIN32 /D_WINDOWS  /Zi /Ob0 /Od /RTC1 -MDd    -D_WINSOCKAPI_= /showIncludes /FoCMakeFiles\cmTC_98a04.dir\HAVE_SYS_IOCTL_H.c.obj /FdCMakeFiles\cmTC_98a04.dir\ /FS -c G:\GITHUB\GitHubDesktop\curl\out\build\x64-Debug\CMakeFiles\CheckIncludeFiles\HAVE_SYS_IOCTL_H.c
G:\GITHUB\GitHubDesktop\curl\out\build\x64-Debug\CMakeFiles\CheckIncludeFiles\HAVE_SYS_IOCTL_H.c(6): fatal error C1083: Cannot open include file: 'sys/ioctl.h': No such file or directory
ninja: build stopped: subcommand failed.


Source:
/* */
#include <windows.h>
#include <ws2tcpip.h>
#include <winsock2.h>
#include <wincrypt.h>
#include <sys/ioctl.h>


int main(void){return 0;}

Determining if files windows.h;ws2tcpip.h;winsock2.h;wincrypt.h;sys/resource.h exist failed with the following output:
Change Dir: G:/GITHUB/GitHubDesktop/curl/out/build/x64-Debug/CMakeFiles/CMakeTmp

Run Build Command(s):C:/Program Files/Microsoft Visual Studio/2022/Community/Common7/IDE/CommonExtensions/Microsoft/CMake/Ninja/ninja.exe cmTC_12c6a && [1/2] Building C object CMakeFiles\cmTC_12c6a.dir\HAVE_SYS_RESOURCE_H.c.obj
FAILED: CMakeFiles/cmTC_12c6a.dir/HAVE_SYS_RESOURCE_H.c.obj 
C:\PROGRA~1\MIB055~1\2022\COMMUN~1\VC\Tools\MSVC\1433~1.316\bin\HostX64\x64\cl.exe  /nologo   /DWIN32 /D_WINDOWS  /Zi /Ob0 /Od /RTC1 -MDd    -D_WINSOCKAPI_= /showIncludes /FoCMakeFiles\cmTC_12c6a.dir\HAVE_SYS_RESOURCE_H.c.obj /FdCMakeFiles\cmTC_12c6a.dir\ /FS -c G:\GITHUB\GitHubDesktop\curl\out\build\x64-Debug\CMakeFiles\CheckIncludeFiles\HAVE_SYS_RESOURCE_H.c
G:\GITHUB\GitHubDesktop\curl\out\build\x64-Debug\CMakeFiles\CheckIncludeFiles\HAVE_SYS_RESOURCE_H.c(6): fatal error C1083: Cannot open include file: 'sys/resource.h': No such file or directory
ninja: build stopped: subcommand failed.


Source:
/* */
#include <windows.h>
#include <ws2tcpip.h>
#include <winsock2.h>
#include <wincrypt.h>
#include <sys/resource.h>


int main(void){return 0;}

Determining if files windows.h;ws2tcpip.h;winsock2.h;wincrypt.h;sys/stat.h;sys/types.h;sys/un.h exist failed with the following output:
Change Dir: G:/GITHUB/GitHubDesktop/curl/out/build/x64-Debug/CMakeFiles/CMakeTmp

Run Build Command(s):C:/Program Files/Microsoft Visual Studio/2022/Community/Common7/IDE/CommonExtensions/Microsoft/CMake/Ninja/ninja.exe cmTC_e0d5e && [1/2] Building C object CMakeFiles\cmTC_e0d5e.dir\HAVE_SYS_UN_H.c.obj
FAILED: CMakeFiles/cmTC_e0d5e.dir/HAVE_SYS_UN_H.c.obj 
C:\PROGRA~1\MIB055~1\2022\COMMUN~1\VC\Tools\MSVC\1433~1.316\bin\HostX64\x64\cl.exe  /nologo   /DWIN32 /D_WINDOWS  /Zi /Ob0 /Od /RTC1 -MDd    -D_WINSOCKAPI_= /showIncludes /FoCMakeFiles\cmTC_e0d5e.dir\HAVE_SYS_UN_H.c.obj /FdCMakeFiles\cmTC_e0d5e.dir\ /FS -c G:\GITHUB\GitHubDesktop\curl\out\build\x64-Debug\CMakeFiles\CheckIncludeFiles\HAVE_SYS_UN_H.c
G:\GITHUB\GitHubDesktop\curl\out\build\x64-Debug\CMakeFiles\CheckIncludeFiles\HAVE_SYS_UN_H.c(8): fatal error C1083: Cannot open include file: 'sys/un.h': No such file or directory
ninja: build stopped: subcommand failed.


Source:
/* */
#include <windows.h>
#include <ws2tcpip.h>
#include <winsock2.h>
#include <wincrypt.h>
#include <sys/stat.h>
#include <sys/types.h>
#include <sys/un.h>


int main(void){return 0;}

Determining if files windows.h;ws2tcpip.h;winsock2.h;wincrypt.h;sys/stat.h;sys/types.h;sys/utime.h;sys/xattr.h exist failed with the following output:
Change Dir: G:/GITHUB/GitHubDesktop/curl/out/build/x64-Debug/CMakeFiles/CMakeTmp

Run Build Command(s):C:/Program Files/Microsoft Visual Studio/2022/Community/Common7/IDE/CommonExtensions/Microsoft/CMake/Ninja/ninja.exe cmTC_d056c && [1/2] Building C object CMakeFiles\cmTC_d056c.dir\HAVE_SYS_XATTR_H.c.obj
FAILED: CMakeFiles/cmTC_d056c.dir/HAVE_SYS_XATTR_H.c.obj 
C:\PROGRA~1\MIB055~1\2022\COMMUN~1\VC\Tools\MSVC\1433~1.316\bin\HostX64\x64\cl.exe  /nologo   /DWIN32 /D_WINDOWS  /Zi /Ob0 /Od /RTC1 -MDd    -D_WINSOCKAPI_= /showIncludes /FoCMakeFiles\cmTC_d056c.dir\HAVE_SYS_XATTR_H.c.obj /FdCMakeFiles\cmTC_d056c.dir\ /FS -c G:\GITHUB\GitHubDesktop\curl\out\build\x64-Debug\CMakeFiles\CheckIncludeFiles\HAVE_SYS_XATTR_H.c
G:\GITHUB\GitHubDesktop\curl\out\build\x64-Debug\CMakeFiles\CheckIncludeFiles\HAVE_SYS_XATTR_H.c(9): fatal error C1083: Cannot open include file: 'sys/xattr.h': No such file or directory
ninja: build stopped: subcommand failed.


Source:
/* */
#include <windows.h>
#include <ws2tcpip.h>
#include <winsock2.h>
#include <wincrypt.h>
#include <sys/stat.h>
#include <sys/types.h>
#include <sys/utime.h>
#include <sys/xattr.h>


int main(void){return 0;}

Determining if files windows.h;ws2tcpip.h;winsock2.h;wincrypt.h;sys/stat.h;sys/types.h;sys/utime.h;arpa/tftp.h exist failed with the following output:
Change Dir: G:/GITHUB/GitHubDesktop/curl/out/build/x64-Debug/CMakeFiles/CMakeTmp

Run Build Command(s):C:/Program Files/Microsoft Visual Studio/2022/Community/Common7/IDE/CommonExtensions/Microsoft/CMake/Ninja/ninja.exe cmTC_a4138 && [1/2] Building C object CMakeFiles\cmTC_a4138.dir\HAVE_ARPA_TFTP_H.c.obj
FAILED: CMakeFiles/cmTC_a4138.dir/HAVE_ARPA_TFTP_H.c.obj 
C:\PROGRA~1\MIB055~1\2022\COMMUN~1\VC\Tools\MSVC\1433~1.316\bin\HostX64\x64\cl.exe  /nologo   /DWIN32 /D_WINDOWS  /Zi /Ob0 /Od /RTC1 -MDd    -D_WINSOCKAPI_= /showIncludes /FoCMakeFiles\cmTC_a4138.dir\HAVE_ARPA_TFTP_H.c.obj /FdCMakeFiles\cmTC_a4138.dir\ /FS -c G:\GITHUB\GitHubDesktop\curl\out\build\x64-Debug\CMakeFiles\CheckIncludeFiles\HAVE_ARPA_TFTP_H.c
G:\GITHUB\GitHubDesktop\curl\out\build\x64-Debug\CMakeFiles\CheckIncludeFiles\HAVE_ARPA_TFTP_H.c(9): fatal error C1083: Cannot open include file: 'arpa/tftp.h': No such file or directory
ninja: build stopped: subcommand failed.


Source:
/* */
#include <windows.h>
#include <ws2tcpip.h>
#include <winsock2.h>
#include <wincrypt.h>
#include <sys/stat.h>
#include <sys/types.h>
#include <sys/utime.h>
#include <arpa/tftp.h>


int main(void){return 0;}

Determining if files windows.h;ws2tcpip.h;winsock2.h;wincrypt.h;sys/stat.h;sys/types.h;sys/utime.h;assert.h;errno.h;fcntl.h;idn2.h exist failed with the following output:
Change Dir: G:/GITHUB/GitHubDesktop/curl/out/build/x64-Debug/CMakeFiles/CMakeTmp

Run Build Command(s):C:/Program Files/Microsoft Visual Studio/2022/Community/Common7/IDE/CommonExtensions/Microsoft/CMake/Ninja/ninja.exe cmTC_4339e && [1/2] Building C object CMakeFiles\cmTC_4339e.dir\HAVE_IDN2_H.c.obj
FAILED: CMakeFiles/cmTC_4339e.dir/HAVE_IDN2_H.c.obj 
C:\PROGRA~1\MIB055~1\2022\COMMUN~1\VC\Tools\MSVC\1433~1.316\bin\HostX64\x64\cl.exe  /nologo   /DWIN32 /D_WINDOWS  /Zi /Ob0 /Od /RTC1 -MDd    -D_WINSOCKAPI_= /showIncludes /FoCMakeFiles\cmTC_4339e.dir\HAVE_IDN2_H.c.obj /FdCMakeFiles\cmTC_4339e.dir\ /FS -c G:\GITHUB\GitHubDesktop\curl\out\build\x64-Debug\CMakeFiles\CheckIncludeFiles\HAVE_IDN2_H.c
G:\GITHUB\GitHubDesktop\curl\out\build\x64-Debug\CMakeFiles\CheckIncludeFiles\HAVE_IDN2_H.c(12): fatal error C1083: Cannot open include file: 'idn2.h': No such file or directory
ninja: build stopped: subcommand failed.


Source:
/* */
#include <windows.h>
#include <ws2tcpip.h>
#include <winsock2.h>
#include <wincrypt.h>
#include <sys/stat.h>
#include <sys/types.h>
#include <sys/utime.h>
#include <assert.h>
#include <errno.h>
#include <fcntl.h>
#include <idn2.h>


int main(void){return 0;}

Determining if files windows.h;ws2tcpip.h;winsock2.h;wincrypt.h;sys/stat.h;sys/types.h;sys/utime.h;assert.h;errno.h;fcntl.h;ifaddrs.h exist failed with the following output:
Change Dir: G:/GITHUB/GitHubDesktop/curl/out/build/x64-Debug/CMakeFiles/CMakeTmp

Run Build Command(s):C:/Program Files/Microsoft Visual Studio/2022/Community/Common7/IDE/CommonExtensions/Microsoft/CMake/Ninja/ninja.exe cmTC_5f6d2 && [1/2] Building C object CMakeFiles\cmTC_5f6d2.dir\HAVE_IFADDRS_H.c.obj
FAILED: CMakeFiles/cmTC_5f6d2.dir/HAVE_IFADDRS_H.c.obj 
C:\PROGRA~1\MIB055~1\2022\COMMUN~1\VC\Tools\MSVC\1433~1.316\bin\HostX64\x64\cl.exe  /nologo   /DWIN32 /D_WINDOWS  /Zi /Ob0 /Od /RTC1 -MDd    -D_WINSOCKAPI_= /showIncludes /FoCMakeFiles\cmTC_5f6d2.dir\HAVE_IFADDRS_H.c.obj /FdCMakeFiles\cmTC_5f6d2.dir\ /FS -c G:\GITHUB\GitHubDesktop\curl\out\build\x64-Debug\CMakeFiles\CheckIncludeFiles\HAVE_IFADDRS_H.c
G:\GITHUB\GitHubDesktop\curl\out\build\x64-Debug\CMakeFiles\CheckIncludeFiles\HAVE_IFADDRS_H.c(12): fatal error C1083: Cannot open include file: 'ifaddrs.h': No such file or directory
ninja: build stopped: subcommand failed.


Source:
/* */
#include <windows.h>
#include <ws2tcpip.h>
#include <winsock2.h>
#include <wincrypt.h>
#include <sys/stat.h>
#include <sys/types.h>
#include <sys/utime.h>
#include <assert.h>
#include <errno.h>
#include <fcntl.h>
#include <ifaddrs.h>


int main(void){return 0;}

Determining if files windows.h;ws2tcpip.h;winsock2.h;wincrypt.h;sys/stat.h;sys/types.h;sys/utime.h;assert.h;errno.h;fcntl.h;io.h;libgen.h exist failed with the following output:
Change Dir: G:/GITHUB/GitHubDesktop/curl/out/build/x64-Debug/CMakeFiles/CMakeTmp

Run Build Command(s):C:/Program Files/Microsoft Visual Studio/2022/Community/Common7/IDE/CommonExtensions/Microsoft/CMake/Ninja/ninja.exe cmTC_3d5ef && [1/2] Building C object CMakeFiles\cmTC_3d5ef.dir\HAVE_LIBGEN_H.c.obj
FAILED: CMakeFiles/cmTC_3d5ef.dir/HAVE_LIBGEN_H.c.obj 
C:\PROGRA~1\MIB055~1\2022\COMMUN~1\VC\Tools\MSVC\1433~1.316\bin\HostX64\x64\cl.exe  /nologo   /DWIN32 /D_WINDOWS  /Zi /Ob0 /Od /RTC1 -MDd    -D_WINSOCKAPI_= /showIncludes /FoCMakeFiles\cmTC_3d5ef.dir\HAVE_LIBGEN_H.c.obj /FdCMakeFiles\cmTC_3d5ef.dir\ /FS -c G:\GITHUB\GitHubDesktop\curl\out\build\x64-Debug\CMakeFiles\CheckIncludeFiles\HAVE_LIBGEN_H.c
G:\GITHUB\GitHubDesktop\curl\out\build\x64-Debug\CMakeFiles\CheckIncludeFiles\HAVE_LIBGEN_H.c(13): fatal error C1083: Cannot open include file: 'libgen.h': No such file or directory
ninja: build stopped: subcommand failed.


Source:
/* */
#include <windows.h>
#include <ws2tcpip.h>
#include <winsock2.h>
#include <wincrypt.h>
#include <sys/stat.h>
#include <sys/types.h>
#include <sys/utime.h>
#include <assert.h>
#include <errno.h>
#include <fcntl.h>
#include <io.h>
#include <libgen.h>


int main(void){return 0;}

Determining if files windows.h;ws2tcpip.h;winsock2.h;wincrypt.h;sys/stat.h;sys/types.h;sys/utime.h;assert.h;errno.h;fcntl.h;io.h;locale.h;netinet/tcp.h exist failed with the following output:
Change Dir: G:/GITHUB/GitHubDesktop/curl/out/build/x64-Debug/CMakeFiles/CMakeTmp

Run Build Command(s):C:/Program Files/Microsoft Visual Studio/2022/Community/Common7/IDE/CommonExtensions/Microsoft/CMake/Ninja/ninja.exe cmTC_7994d && [1/2] Building C object CMakeFiles\cmTC_7994d.dir\HAVE_NETINET_TCP_H.c.obj
FAILED: CMakeFiles/cmTC_7994d.dir/HAVE_NETINET_TCP_H.c.obj 
C:\PROGRA~1\MIB055~1\2022\COMMUN~1\VC\Tools\MSVC\1433~1.316\bin\HostX64\x64\cl.exe  /nologo   /DWIN32 /D_WINDOWS  /Zi /Ob0 /Od /RTC1 -MDd    -D_WINSOCKAPI_= /showIncludes /FoCMakeFiles\cmTC_7994d.dir\HAVE_NETINET_TCP_H.c.obj /FdCMakeFiles\cmTC_7994d.dir\ /FS -c G:\GITHUB\GitHubDesktop\curl\out\build\x64-Debug\CMakeFiles\CheckIncludeFiles\HAVE_NETINET_TCP_H.c
G:\GITHUB\GitHubDesktop\curl\out\build\x64-Debug\CMakeFiles\CheckIncludeFiles\HAVE_NETINET_TCP_H.c(14): fatal error C1083: Cannot open include file: 'netinet/tcp.h': No such file or directory
ninja: build stopped: subcommand failed.


Source:
/* */
#include <windows.h>
#include <ws2tcpip.h>
#include <winsock2.h>
#include <wincrypt.h>
#include <sys/stat.h>
#include <sys/types.h>
#include <sys/utime.h>
#include <assert.h>
#include <errno.h>
#include <fcntl.h>
#include <io.h>
#include <locale.h>
#include <netinet/tcp.h>


int main(void){return 0;}

Determining if the include file linux/tcp.h exists failed with the following output:
Change Dir: G:/GITHUB/GitHubDesktop/curl/out/build/x64-Debug/CMakeFiles/CMakeTmp

Run Build Command(s):C:/Program Files/Microsoft Visual Studio/2022/Community/Common7/IDE/CommonExtensions/Microsoft/CMake/Ninja/ninja.exe cmTC_c4e16 && [1/2] Building C object CMakeFiles\cmTC_c4e16.dir\CheckIncludeFile.c.obj
FAILED: CMakeFiles/cmTC_c4e16.dir/CheckIncludeFile.c.obj 
C:\PROGRA~1\MIB055~1\2022\COMMUN~1\VC\Tools\MSVC\1433~1.316\bin\HostX64\x64\cl.exe  /nologo   /DWIN32 /D_WINDOWS  /Zi /Ob0 /Od /RTC1 -MDd    -D_WINSOCKAPI_= /showIncludes /FoCMakeFiles\cmTC_c4e16.dir\CheckIncludeFile.c.obj /FdCMakeFiles\cmTC_c4e16.dir\ /FS -c G:\GITHUB\GitHubDesktop\curl\out\build\x64-Debug\CMakeFiles\CMakeTmp\CheckIncludeFile.c
G:\GITHUB\GitHubDesktop\curl\out\build\x64-Debug\CMakeFiles\CMakeTmp\CheckIncludeFile.c(1): fatal error C1083: Cannot open include file: 'linux/tcp.h': No such file or directory
ninja: build stopped: subcommand failed.



Determining if files windows.h;ws2tcpip.h;winsock2.h;wincrypt.h;sys/stat.h;sys/types.h;sys/utime.h;assert.h;errno.h;fcntl.h;io.h;locale.h;poll.h exist failed with the following output:
Change Dir: G:/GITHUB/GitHubDesktop/curl/out/build/x64-Debug/CMakeFiles/CMakeTmp

Run Build Command(s):C:/Program Files/Microsoft Visual Studio/2022/Community/Common7/IDE/CommonExtensions/Microsoft/CMake/Ninja/ninja.exe cmTC_58596 && [1/2] Building C object CMakeFiles\cmTC_58596.dir\HAVE_POLL_H.c.obj
FAILED: CMakeFiles/cmTC_58596.dir/HAVE_POLL_H.c.obj 
C:\PROGRA~1\MIB055~1\2022\COMMUN~1\VC\Tools\MSVC\1433~1.316\bin\HostX64\x64\cl.exe  /nologo   /DWIN32 /D_WINDOWS  /Zi /Ob0 /Od /RTC1 -MDd    -D_WINSOCKAPI_= /showIncludes /FoCMakeFiles\cmTC_58596.dir\HAVE_POLL_H.c.obj /FdCMakeFiles\cmTC_58596.dir\ /FS -c G:\GITHUB\GitHubDesktop\curl\out\build\x64-Debug\CMakeFiles\CheckIncludeFiles\HAVE_POLL_H.c
G:\GITHUB\GitHubDesktop\curl\out\build\x64-Debug\CMakeFiles\CheckIncludeFiles\HAVE_POLL_H.c(14): fatal error C1083: Cannot open include file: 'poll.h': No such file or directory
ninja: build stopped: subcommand failed.


Source:
/* */
#include <windows.h>
#include <ws2tcpip.h>
#include <winsock2.h>
#include <wincrypt.h>
#include <sys/stat.h>
#include <sys/types.h>
#include <sys/utime.h>
#include <assert.h>
#include <errno.h>
#include <fcntl.h>
#include <io.h>
#include <locale.h>
#include <poll.h>


int main(void){return 0;}

Determining if files windows.h;ws2tcpip.h;winsock2.h;wincrypt.h;sys/stat.h;sys/types.h;sys/utime.h;assert.h;errno.h;fcntl.h;io.h;locale.h;setjmp.h;signal.h;ssl.h exist failed with the following output:
Change Dir: G:/GITHUB/GitHubDesktop/curl/out/build/x64-Debug/CMakeFiles/CMakeTmp

Run Build Command(s):C:/Program Files/Microsoft Visual Studio/2022/Community/Common7/IDE/CommonExtensions/Microsoft/CMake/Ninja/ninja.exe cmTC_750df && [1/2] Building C object CMakeFiles\cmTC_750df.dir\HAVE_SSL_H.c.obj
FAILED: CMakeFiles/cmTC_750df.dir/HAVE_SSL_H.c.obj 
C:\PROGRA~1\MIB055~1\2022\COMMUN~1\VC\Tools\MSVC\1433~1.316\bin\HostX64\x64\cl.exe  /nologo   /DWIN32 /D_WINDOWS  /Zi /Ob0 /Od /RTC1 -MDd    -D_WINSOCKAPI_= /showIncludes /FoCMakeFiles\cmTC_750df.dir\HAVE_SSL_H.c.obj /FdCMakeFiles\cmTC_750df.dir\ /FS -c G:\GITHUB\GitHubDesktop\curl\out\build\x64-Debug\CMakeFiles\CheckIncludeFiles\HAVE_SSL_H.c
G:\GITHUB\GitHubDesktop\curl\out\build\x64-Debug\CMakeFiles\CheckIncludeFiles\HAVE_SSL_H.c(16): fatal error C1083: Cannot open include file: 'ssl.h': No such file or directory
ninja: build stopped: subcommand failed.


Source:
/* */
#include <windows.h>
#include <ws2tcpip.h>
#include <winsock2.h>
#include <wincrypt.h>
#include <sys/stat.h>
#include <sys/types.h>
#include <sys/utime.h>
#include <assert.h>
#include <errno.h>
#include <fcntl.h>
#include <io.h>
#include <locale.h>
#include <setjmp.h>
#include <signal.h>
#include <ssl.h>


int main(void){return 0;}

Determining if files windows.h;ws2tcpip.h;winsock2.h;wincrypt.h;sys/stat.h;sys/types.h;sys/utime.h;assert.h;errno.h;fcntl.h;io.h;locale.h;setjmp.h;signal.h;stdatomic.h exist failed with the following output:
Change Dir: G:/GITHUB/GitHubDesktop/curl/out/build/x64-Debug/CMakeFiles/CMakeTmp

Run Build Command(s):C:/Program Files/Microsoft Visual Studio/2022/Community/Common7/IDE/CommonExtensions/Microsoft/CMake/Ninja/ninja.exe cmTC_38d73 && [1/2] Building C object CMakeFiles\cmTC_38d73.dir\HAVE_STDATOMIC_H.c.obj
FAILED: CMakeFiles/cmTC_38d73.dir/HAVE_STDATOMIC_H.c.obj 
C:\PROGRA~1\MIB055~1\2022\COMMUN~1\VC\Tools\MSVC\1433~1.316\bin\HostX64\x64\cl.exe  /nologo   /DWIN32 /D_WINDOWS  /Zi /Ob0 /Od /RTC1 -MDd    -D_WINSOCKAPI_= /showIncludes /FoCMakeFiles\cmTC_38d73.dir\HAVE_STDATOMIC_H.c.obj /FdCMakeFiles\cmTC_38d73.dir\ /FS -c G:\GITHUB\GitHubDesktop\curl\out\build\x64-Debug\CMakeFiles\CheckIncludeFiles\HAVE_STDATOMIC_H.c
C:\Program Files\Microsoft Visual Studio\2022\Community\VC\Tools\MSVC\14.33.31629\include\stdatomic.h(15): fatal error C1189: #error:  <stdatomic.h> is not yet supported when compiling as C, but this is planned for a future release.
ninja: build stopped: subcommand failed.


Source:
/* */
#include <windows.h>
#include <ws2tcpip.h>
#include <winsock2.h>
#include <wincrypt.h>
#include <sys/stat.h>
#include <sys/types.h>
#include <sys/utime.h>
#include <assert.h>
#include <errno.h>
#include <fcntl.h>
#include <io.h>
#include <locale.h>
#include <setjmp.h>
#include <signal.h>
#include <stdatomic.h>


int main(void){return 0;}

Determining if files windows.h;ws2tcpip.h;winsock2.h;wincrypt.h;sys/stat.h;sys/types.h;sys/utime.h;assert.h;errno.h;fcntl.h;io.h;locale.h;setjmp.h;signal.h;stdbool.h;stdlib.h;string.h;stropts.h exist failed with the following output:
Change Dir: G:/GITHUB/GitHubDesktop/curl/out/build/x64-Debug/CMakeFiles/CMakeTmp

Run Build Command(s):C:/Program Files/Microsoft Visual Studio/2022/Community/Common7/IDE/CommonExtensions/Microsoft/CMake/Ninja/ninja.exe cmTC_d15a8 && [1/2] Building C object CMakeFiles\cmTC_d15a8.dir\HAVE_STROPTS_H.c.obj
FAILED: CMakeFiles/cmTC_d15a8.dir/HAVE_STROPTS_H.c.obj 
C:\PROGRA~1\MIB055~1\2022\COMMUN~1\VC\Tools\MSVC\1433~1.316\bin\HostX64\x64\cl.exe  /nologo   /DWIN32 /D_WINDOWS  /Zi /Ob0 /Od /RTC1 -MDd    -D_WINSOCKAPI_= /showIncludes /FoCMakeFiles\cmTC_d15a8.dir\HAVE_STROPTS_H.c.obj /FdCMakeFiles\cmTC_d15a8.dir\ /FS -c G:\GITHUB\GitHubDesktop\curl\out\build\x64-Debug\CMakeFiles\CheckIncludeFiles\HAVE_STROPTS_H.c
G:\GITHUB\GitHubDesktop\curl\out\build\x64-Debug\CMakeFiles\CheckIncludeFiles\HAVE_STROPTS_H.c(19): fatal error C1083: Cannot open include file: 'stropts.h': No such file or directory
ninja: build stopped: subcommand failed.


Source:
/* */
#include <windows.h>
#include <ws2tcpip.h>
#include <winsock2.h>
#include <wincrypt.h>
#include <sys/stat.h>
#include <sys/types.h>
#include <sys/utime.h>
#include <assert.h>
#include <errno.h>
#include <fcntl.h>
#include <io.h>
#include <locale.h>
#include <setjmp.h>
#include <signal.h>
#include <stdbool.h>
#include <stdlib.h>
#include <string.h>
#include <stropts.h>


int main(void){return 0;}

Determining if files windows.h;ws2tcpip.h;winsock2.h;wincrypt.h;sys/stat.h;sys/types.h;sys/utime.h;assert.h;errno.h;fcntl.h;io.h;locale.h;setjmp.h;signal.h;stdbool.h;stdlib.h;string.h;time.h;unistd.h exist failed with the following output:
Change Dir: G:/GITHUB/GitHubDesktop/curl/out/build/x64-Debug/CMakeFiles/CMakeTmp

Run Build Command(s):C:/Program Files/Microsoft Visual Studio/2022/Community/Common7/IDE/CommonExtensions/Microsoft/CMake/Ninja/ninja.exe cmTC_0f42a && [1/2] Building C object CMakeFiles\cmTC_0f42a.dir\HAVE_UNISTD_H.c.obj
FAILED: CMakeFiles/cmTC_0f42a.dir/HAVE_UNISTD_H.c.obj 
C:\PROGRA~1\MIB055~1\2022\COMMUN~1\VC\Tools\MSVC\1433~1.316\bin\HostX64\x64\cl.exe  /nologo   /DWIN32 /D_WINDOWS  /Zi /Ob0 /Od /RTC1 -MDd    -D_WINSOCKAPI_= /showIncludes /FoCMakeFiles\cmTC_0f42a.dir\HAVE_UNISTD_H.c.obj /FdCMakeFiles\cmTC_0f42a.dir\ /FS -c G:\GITHUB\GitHubDesktop\curl\out\build\x64-Debug\CMakeFiles\CheckIncludeFiles\HAVE_UNISTD_H.c
G:\GITHUB\GitHubDesktop\curl\out\build\x64-Debug\CMakeFiles\CheckIncludeFiles\HAVE_UNISTD_H.c(20): fatal error C1083: Cannot open include file: 'unistd.h': No such file or directory
ninja: build stopped: subcommand failed.


Source:
/* */
#include <windows.h>
#include <ws2tcpip.h>
#include <winsock2.h>
#include <wincrypt.h>
#include <sys/stat.h>
#include <sys/types.h>
#include <sys/utime.h>
#include <assert.h>
#include <errno.h>
#include <fcntl.h>
#include <io.h>
#include <locale.h>
#include <setjmp.h>
#include <signal.h>
#include <stdbool.h>
#include <stdlib.h>
#include <string.h>
#include <time.h>
#include <unistd.h>


int main(void){return 0;}

Determining if files windows.h;ws2tcpip.h;winsock2.h;wincrypt.h;sys/stat.h;sys/types.h;sys/utime.h;assert.h;errno.h;fcntl.h;io.h;locale.h;setjmp.h;signal.h;stdbool.h;stdlib.h;string.h;time.h;stddef.h;sys/utsname.h exist failed with the following output:
Change Dir: G:/GITHUB/GitHubDesktop/curl/out/build/x64-Debug/CMakeFiles/CMakeTmp

Run Build Command(s):C:/Program Files/Microsoft Visual Studio/2022/Community/Common7/IDE/CommonExtensions/Microsoft/CMake/Ninja/ninja.exe cmTC_4fa1c && [1/2] Building C object CMakeFiles\cmTC_4fa1c.dir\HAVE_SYS_UTSNAME_H.c.obj
FAILED: CMakeFiles/cmTC_4fa1c.dir/HAVE_SYS_UTSNAME_H.c.obj 
C:\PROGRA~1\MIB055~1\2022\COMMUN~1\VC\Tools\MSVC\1433~1.316\bin\HostX64\x64\cl.exe  /nologo   /DWIN32 /D_WINDOWS  /Zi /Ob0 /Od /RTC1 -MDd    -D_WINSOCKAPI_= /showIncludes /FoCMakeFiles\cmTC_4fa1c.dir\HAVE_SYS_UTSNAME_H.c.obj /FdCMakeFiles\cmTC_4fa1c.dir\ /FS -c G:\GITHUB\GitHubDesktop\curl\out\build\x64-Debug\CMakeFiles\CheckIncludeFiles\HAVE_SYS_UTSNAME_H.c
G:\GITHUB\GitHubDesktop\curl\out\build\x64-Debug\CMakeFiles\CheckIncludeFiles\HAVE_SYS_UTSNAME_H.c(21): fatal error C1083: Cannot open include file: 'sys/utsname.h': No such file or directory
ninja: build stopped: subcommand failed.


Source:
/* */
#include <windows.h>
#include <ws2tcpip.h>
#include <winsock2.h>
#include <wincrypt.h>
#include <sys/stat.h>
#include <sys/types.h>
#include <sys/utime.h>
#include <assert.h>
#include <errno.h>
#include <fcntl.h>
#include <io.h>
#include <locale.h>
#include <setjmp.h>
#include <signal.h>
#include <stdbool.h>
#include <stdlib.h>
#include <string.h>
#include <time.h>
#include <stddef.h>
#include <sys/utsname.h>


int main(void){return 0;}

Determining size of ssize_t failed with the following output:
Change Dir: G:/GITHUB/GitHubDesktop/curl/out/build/x64-Debug/CMakeFiles/CMakeTmp

Run Build Command(s):C:/Program Files/Microsoft Visual Studio/2022/Community/Common7/IDE/CommonExtensions/Microsoft/CMake/Ninja/ninja.exe cmTC_3f4c0 && [1/2] Building C object CMakeFiles\cmTC_3f4c0.dir\SIZEOF_SSIZE_T.c.obj
FAILED: CMakeFiles/cmTC_3f4c0.dir/SIZEOF_SSIZE_T.c.obj 
C:\PROGRA~1\MIB055~1\2022\COMMUN~1\VC\Tools\MSVC\1433~1.316\bin\HostX64\x64\cl.exe  /nologo   /DWIN32 /D_WINDOWS  /Zi /Ob0 /Od /RTC1 -MDd    -D_WINSOCKAPI_= /showIncludes /FoCMakeFiles\cmTC_3f4c0.dir\SIZEOF_SSIZE_T.c.obj /FdCMakeFiles\cmTC_3f4c0.dir\ /FS -c G:\GITHUB\GitHubDesktop\curl\out\build\x64-Debug\CMakeFiles\CheckTypeSize\SIZEOF_SSIZE_T.c
G:\GITHUB\GitHubDesktop\curl\out\build\x64-Debug\CMakeFiles\CheckTypeSize\SIZEOF_SSIZE_T.c(28): error C2065: 'ssize_t': undeclared identifier
G:\GITHUB\GitHubDesktop\curl\out\build\x64-Debug\CMakeFiles\CheckTypeSize\SIZEOF_SSIZE_T.c(29): error C2065: 'ssize_t': undeclared identifier
G:\GITHUB\GitHubDesktop\curl\out\build\x64-Debug\CMakeFiles\CheckTypeSize\SIZEOF_SSIZE_T.c(30): error C2065: 'ssize_t': undeclared identifier
G:\GITHUB\GitHubDesktop\curl\out\build\x64-Debug\CMakeFiles\CheckTypeSize\SIZEOF_SSIZE_T.c(31): error C2065: 'ssize_t': undeclared identifier
G:\GITHUB\GitHubDesktop\curl\out\build\x64-Debug\CMakeFiles\CheckTypeSize\SIZEOF_SSIZE_T.c(32): error C2065: 'ssize_t': undeclared identifier
ninja: build stopped: subcommand failed.


G:/GITHUB/GitHubDesktop/curl/out/build/x64-Debug/CMakeFiles/CheckTypeSize/SIZEOF_SSIZE_T.c:
#include <sys/types.h>
#include <stddef.h>


#undef KEY
#if defined(__i386)
# define KEY '_','_','i','3','8','6'
#elif defined(__x86_64)
# define KEY '_','_','x','8','6','_','6','4'
#elif defined(__PPC64__)
# define KEY '_','_','P','P','C','6','4','_','_'
#elif defined(__ppc64__)
# define KEY '_','_','p','p','c','6','4','_','_'
#elif defined(__PPC__)
# define KEY '_','_','P','P','C','_','_'
#elif defined(__ppc__)
# define KEY '_','_','p','p','c','_','_'
#elif defined(__aarch64__)
# define KEY '_','_','a','a','r','c','h','6','4','_','_'
#elif defined(__ARM_ARCH_7A__)
# define KEY '_','_','A','R','M','_','A','R','C','H','_','7','A','_','_'
#elif defined(__ARM_ARCH_7S__)
# define KEY '_','_','A','R','M','_','A','R','C','H','_','7','S','_','_'
#endif

#define SIZE (sizeof(ssize_t))
static char info_size[] =  {'I', 'N', 'F', 'O', ':', 's','i','z','e','[',
  ('0' + ((SIZE / 10000)%10)),
  ('0' + ((SIZE / 1000)%10)),
  ('0' + ((SIZE / 100)%10)),
  ('0' + ((SIZE / 10)%10)),
  ('0' +  (SIZE    % 10)),
  ']',
#ifdef KEY
  ' ','k','e','y','[', KEY, ']',
#endif
  '\0'};

#ifdef __CLASSIC_C__
int main(argc, argv) int argc; char *argv[];
#else
int main(int argc, char *argv[])
#endif
{
  int require = 0;
  require += info_size[argc];
  (void)argv;
  return require;
}


Determining if the fchmod exist failed with the following output:
Change Dir: G:/GITHUB/GitHubDesktop/curl/out/build/x64-Debug/CMakeFiles/CMakeTmp

Run Build Command(s):C:/Program Files/Microsoft Visual Studio/2022/Community/Common7/IDE/CommonExtensions/Microsoft/CMake/Ninja/ninja.exe cmTC_33c64 && [1/2] Building C object CMakeFiles\cmTC_33c64.dir\CheckSymbolExists.c.obj
FAILED: CMakeFiles/cmTC_33c64.dir/CheckSymbolExists.c.obj 
C:\PROGRA~1\MIB055~1\2022\COMMUN~1\VC\Tools\MSVC\1433~1.316\bin\HostX64\x64\cl.exe  /nologo   /DWIN32 /D_WINDOWS  /Zi /Ob0 /Od /RTC1 -MDd    -D_WINSOCKAPI_= /showIncludes /FoCMakeFiles\cmTC_33c64.dir\CheckSymbolExists.c.obj /FdCMakeFiles\cmTC_33c64.dir\ /FS -c G:\GITHUB\GitHubDesktop\curl\out\build\x64-Debug\CMakeFiles\CMakeTmp\CheckSymbolExists.c
G:\GITHUB\GitHubDesktop\curl\out\build\x64-Debug\CMakeFiles\CMakeTmp\CheckSymbolExists.c(26): error C2065: 'fchmod': undeclared identifier
ninja: build stopped: subcommand failed.


File G:/GITHUB/GitHubDesktop/curl/out/build/x64-Debug/CMakeFiles/CMakeTmp/CheckSymbolExists.c:
/* */
#include <windows.h>
#include <ws2tcpip.h>
#include <winsock2.h>
#include <wincrypt.h>
#include <sys/stat.h>
#include <sys/types.h>
#include <sys/utime.h>
#include <assert.h>
#include <errno.h>
#include <fcntl.h>
#include <io.h>
#include <locale.h>
#include <setjmp.h>
#include <signal.h>
#include <stdbool.h>
#include <stdlib.h>
#include <string.h>
#include <time.h>
#include <stddef.h>

int main(int argc, char** argv)
{
  (void)argv;
#ifndef fchmod
  return ((int*)(&fchmod))[argc];
#else
  (void)argc;
  return 0;
#endif
}
Determining if the basename exist failed with the following output:
Change Dir: G:/GITHUB/GitHubDesktop/curl/out/build/x64-Debug/CMakeFiles/CMakeTmp

Run Build Command(s):C:/Program Files/Microsoft Visual Studio/2022/Community/Common7/IDE/CommonExtensions/Microsoft/CMake/Ninja/ninja.exe cmTC_2e1ef && [1/2] Building C object CMakeFiles\cmTC_2e1ef.dir\CheckSymbolExists.c.obj
FAILED: CMakeFiles/cmTC_2e1ef.dir/CheckSymbolExists.c.obj 
C:\PROGRA~1\MIB055~1\2022\COMMUN~1\VC\Tools\MSVC\1433~1.316\bin\HostX64\x64\cl.exe  /nologo   /DWIN32 /D_WINDOWS  /Zi /Ob0 /Od /RTC1 -MDd    -D_WINSOCKAPI_= /showIncludes /FoCMakeFiles\cmTC_2e1ef.dir\CheckSymbolExists.c.obj /FdCMakeFiles\cmTC_2e1ef.dir\ /FS -c G:\GITHUB\GitHubDesktop\curl\out\build\x64-Debug\CMakeFiles\CMakeTmp\CheckSymbolExists.c
G:\GITHUB\GitHubDesktop\curl\out\build\x64-Debug\CMakeFiles\CMakeTmp\CheckSymbolExists.c(26): error C2065: 'basename': undeclared identifier
ninja: build stopped: subcommand failed.


File G:/GITHUB/GitHubDesktop/curl/out/build/x64-Debug/CMakeFiles/CMakeTmp/CheckSymbolExists.c:
/* */
#include <windows.h>
#include <ws2tcpip.h>
#include <winsock2.h>
#include <wincrypt.h>
#include <sys/stat.h>
#include <sys/types.h>
#include <sys/utime.h>
#include <assert.h>
#include <errno.h>
#include <fcntl.h>
#include <io.h>
#include <locale.h>
#include <setjmp.h>
#include <signal.h>
#include <stdbool.h>
#include <stdlib.h>
#include <string.h>
#include <time.h>
#include <stddef.h>

int main(int argc, char** argv)
{
  (void)argv;
#ifndef basename
  return ((int*)(&basename))[argc];
#else
  (void)argc;
  return 0;
#endif
}
Determining if the socketpair exist failed with the following output:
Change Dir: G:/GITHUB/GitHubDesktop/curl/out/build/x64-Debug/CMakeFiles/CMakeTmp

Run Build Command(s):C:/Program Files/Microsoft Visual Studio/2022/Community/Common7/IDE/CommonExtensions/Microsoft/CMake/Ninja/ninja.exe cmTC_bae94 && [1/2] Building C object CMakeFiles\cmTC_bae94.dir\CheckSymbolExists.c.obj
FAILED: CMakeFiles/cmTC_bae94.dir/CheckSymbolExists.c.obj 
C:\PROGRA~1\MIB055~1\2022\COMMUN~1\VC\Tools\MSVC\1433~1.316\bin\HostX64\x64\cl.exe  /nologo   /DWIN32 /D_WINDOWS  /Zi /Ob0 /Od /RTC1 -MDd    -D_WINSOCKAPI_= /showIncludes /FoCMakeFiles\cmTC_bae94.dir\CheckSymbolExists.c.obj /FdCMakeFiles\cmTC_bae94.dir\ /FS -c G:\GITHUB\GitHubDesktop\curl\out\build\x64-Debug\CMakeFiles\CMakeTmp\CheckSymbolExists.c
G:\GITHUB\GitHubDesktop\curl\out\build\x64-Debug\CMakeFiles\CMakeTmp\CheckSymbolExists.c(26): error C2065: 'socketpair': undeclared identifier
ninja: build stopped: subcommand failed.


File G:/GITHUB/GitHubDesktop/curl/out/build/x64-Debug/CMakeFiles/CMakeTmp/CheckSymbolExists.c:
/* */
#include <windows.h>
#include <ws2tcpip.h>
#include <winsock2.h>
#include <wincrypt.h>
#include <sys/stat.h>
#include <sys/types.h>
#include <sys/utime.h>
#include <assert.h>
#include <errno.h>
#include <fcntl.h>
#include <io.h>
#include <locale.h>
#include <setjmp.h>
#include <signal.h>
#include <stdbool.h>
#include <stdlib.h>
#include <string.h>
#include <time.h>
#include <stddef.h>

int main(int argc, char** argv)
{
  (void)argv;
#ifndef socketpair
  return ((int*)(&socketpair))[argc];
#else
  (void)argc;
  return 0;
#endif
}
Determining if the strtok_r exist failed with the following output:
Change Dir: G:/GITHUB/GitHubDesktop/curl/out/build/x64-Debug/CMakeFiles/CMakeTmp

Run Build Command(s):C:/Program Files/Microsoft Visual Studio/2022/Community/Common7/IDE/CommonExtensions/Microsoft/CMake/Ninja/ninja.exe cmTC_3b083 && [1/2] Building C object CMakeFiles\cmTC_3b083.dir\CheckSymbolExists.c.obj
FAILED: CMakeFiles/cmTC_3b083.dir/CheckSymbolExists.c.obj 
C:\PROGRA~1\MIB055~1\2022\COMMUN~1\VC\Tools\MSVC\1433~1.316\bin\HostX64\x64\cl.exe  /nologo   /DWIN32 /D_WINDOWS  /Zi /Ob0 /Od /RTC1 -MDd    -D_WINSOCKAPI_= /showIncludes /FoCMakeFiles\cmTC_3b083.dir\CheckSymbolExists.c.obj /FdCMakeFiles\cmTC_3b083.dir\ /FS -c G:\GITHUB\GitHubDesktop\curl\out\build\x64-Debug\CMakeFiles\CMakeTmp\CheckSymbolExists.c
G:\GITHUB\GitHubDesktop\curl\out\build\x64-Debug\CMakeFiles\CMakeTmp\CheckSymbolExists.c(26): error C2065: 'strtok_r': undeclared identifier
ninja: build stopped: subcommand failed.


File G:/GITHUB/GitHubDesktop/curl/out/build/x64-Debug/CMakeFiles/CMakeTmp/CheckSymbolExists.c:
/* */
#include <windows.h>
#include <ws2tcpip.h>
#include <winsock2.h>
#include <wincrypt.h>
#include <sys/stat.h>
#include <sys/types.h>
#include <sys/utime.h>
#include <assert.h>
#include <errno.h>
#include <fcntl.h>
#include <io.h>
#include <locale.h>
#include <setjmp.h>
#include <signal.h>
#include <stdbool.h>
#include <stdlib.h>
#include <string.h>
#include <time.h>
#include <stddef.h>

int main(int argc, char** argv)
{
  (void)argv;
#ifndef strtok_r
  return ((int*)(&strtok_r))[argc];
#else
  (void)argc;
  return 0;
#endif
}
Determining if the strcasecmp exist failed with the following output:
Change Dir: G:/GITHUB/GitHubDesktop/curl/out/build/x64-Debug/CMakeFiles/CMakeTmp

Run Build Command(s):C:/Program Files/Microsoft Visual Studio/2022/Community/Common7/IDE/CommonExtensions/Microsoft/CMake/Ninja/ninja.exe cmTC_31200 && [1/2] Building C object CMakeFiles\cmTC_31200.dir\CheckSymbolExists.c.obj
FAILED: CMakeFiles/cmTC_31200.dir/CheckSymbolExists.c.obj 
C:\PROGRA~1\MIB055~1\2022\COMMUN~1\VC\Tools\MSVC\1433~1.316\bin\HostX64\x64\cl.exe  /nologo   /DWIN32 /D_WINDOWS  /Zi /Ob0 /Od /RTC1 -MDd    -D_WINSOCKAPI_= /showIncludes /FoCMakeFiles\cmTC_31200.dir\CheckSymbolExists.c.obj /FdCMakeFiles\cmTC_31200.dir\ /FS -c G:\GITHUB\GitHubDesktop\curl\out\build\x64-Debug\CMakeFiles\CMakeTmp\CheckSymbolExists.c
G:\GITHUB\GitHubDesktop\curl\out\build\x64-Debug\CMakeFiles\CMakeTmp\CheckSymbolExists.c(26): error C2065: 'strcasecmp': undeclared identifier
ninja: build stopped: subcommand failed.


File G:/GITHUB/GitHubDesktop/curl/out/build/x64-Debug/CMakeFiles/CMakeTmp/CheckSymbolExists.c:
/* */
#include <windows.h>
#include <ws2tcpip.h>
#include <winsock2.h>
#include <wincrypt.h>
#include <sys/stat.h>
#include <sys/types.h>
#include <sys/utime.h>
#include <assert.h>
#include <errno.h>
#include <fcntl.h>
#include <io.h>
#include <locale.h>
#include <setjmp.h>
#include <signal.h>
#include <stdbool.h>
#include <stdlib.h>
#include <string.h>
#include <time.h>
#include <stddef.h>

int main(int argc, char** argv)
{
  (void)argv;
#ifndef strcasecmp
  return ((int*)(&strcasecmp))[argc];
#else
  (void)argc;
  return 0;
#endif
}
Determining if the alarm exist failed with the following output:
Change Dir: G:/GITHUB/GitHubDesktop/curl/out/build/x64-Debug/CMakeFiles/CMakeTmp

Run Build Command(s):C:/Program Files/Microsoft Visual Studio/2022/Community/Common7/IDE/CommonExtensions/Microsoft/CMake/Ninja/ninja.exe cmTC_bcf41 && [1/2] Building C object CMakeFiles\cmTC_bcf41.dir\CheckSymbolExists.c.obj
FAILED: CMakeFiles/cmTC_bcf41.dir/CheckSymbolExists.c.obj 
C:\PROGRA~1\MIB055~1\2022\COMMUN~1\VC\Tools\MSVC\1433~1.316\bin\HostX64\x64\cl.exe  /nologo   /DWIN32 /D_WINDOWS  /Zi /Ob0 /Od /RTC1 -MDd    -D_WINSOCKAPI_= /showIncludes /FoCMakeFiles\cmTC_bcf41.dir\CheckSymbolExists.c.obj /FdCMakeFiles\cmTC_bcf41.dir\ /FS -c G:\GITHUB\GitHubDesktop\curl\out\build\x64-Debug\CMakeFiles\CMakeTmp\CheckSymbolExists.c
G:\GITHUB\GitHubDesktop\curl\out\build\x64-Debug\CMakeFiles\CMakeTmp\CheckSymbolExists.c(26): error C2065: 'alarm': undeclared identifier
ninja: build stopped: subcommand failed.


File G:/GITHUB/GitHubDesktop/curl/out/build/x64-Debug/CMakeFiles/CMakeTmp/CheckSymbolExists.c:
/* */
#include <windows.h>
#include <ws2tcpip.h>
#include <winsock2.h>
#include <wincrypt.h>
#include <sys/stat.h>
#include <sys/types.h>
#include <sys/utime.h>
#include <assert.h>
#include <errno.h>
#include <fcntl.h>
#include <io.h>
#include <locale.h>
#include <setjmp.h>
#include <signal.h>
#include <stdbool.h>
#include <stdlib.h>
#include <string.h>
#include <time.h>
#include <stddef.h>

int main(int argc, char** argv)
{
  (void)argv;
#ifndef alarm
  return ((int*)(&alarm))[argc];
#else
  (void)argc;
  return 0;
#endif
}
Determining if the getppid exist failed with the following output:
Change Dir: G:/GITHUB/GitHubDesktop/curl/out/build/x64-Debug/CMakeFiles/CMakeTmp

Run Build Command(s):C:/Program Files/Microsoft Visual Studio/2022/Community/Common7/IDE/CommonExtensions/Microsoft/CMake/Ninja/ninja.exe cmTC_4061e && [1/2] Building C object CMakeFiles\cmTC_4061e.dir\CheckSymbolExists.c.obj
FAILED: CMakeFiles/cmTC_4061e.dir/CheckSymbolExists.c.obj 
C:\PROGRA~1\MIB055~1\2022\COMMUN~1\VC\Tools\MSVC\1433~1.316\bin\HostX64\x64\cl.exe  /nologo   /DWIN32 /D_WINDOWS  /Zi /Ob0 /Od /RTC1 -MDd    -D_WINSOCKAPI_= /showIncludes /FoCMakeFiles\cmTC_4061e.dir\CheckSymbolExists.c.obj /FdCMakeFiles\cmTC_4061e.dir\ /FS -c G:\GITHUB\GitHubDesktop\curl\out\build\x64-Debug\CMakeFiles\CMakeTmp\CheckSymbolExists.c
G:\GITHUB\GitHubDesktop\curl\out\build\x64-Debug\CMakeFiles\CMakeTmp\CheckSymbolExists.c(26): error C2065: 'getppid': undeclared identifier
ninja: build stopped: subcommand failed.


File G:/GITHUB/GitHubDesktop/curl/out/build/x64-Debug/CMakeFiles/CMakeTmp/CheckSymbolExists.c:
/* */
#include <windows.h>
#include <ws2tcpip.h>
#include <winsock2.h>
#include <wincrypt.h>
#include <sys/stat.h>
#include <sys/types.h>
#include <sys/utime.h>
#include <assert.h>
#include <errno.h>
#include <fcntl.h>
#include <io.h>
#include <locale.h>
#include <setjmp.h>
#include <signal.h>
#include <stdbool.h>
#include <stdlib.h>
#include <string.h>
#include <time.h>
#include <stddef.h>

int main(int argc, char** argv)
{
  (void)argv;
#ifndef getppid
  return ((int*)(&getppid))[argc];
#else
  (void)argc;
  return 0;
#endif
}
Determining if the utimes exist failed with the following output:
Change Dir: G:/GITHUB/GitHubDesktop/curl/out/build/x64-Debug/CMakeFiles/CMakeTmp

Run Build Command(s):C:/Program Files/Microsoft Visual Studio/2022/Community/Common7/IDE/CommonExtensions/Microsoft/CMake/Ninja/ninja.exe cmTC_16e9d && [1/2] Building C object CMakeFiles\cmTC_16e9d.dir\CheckSymbolExists.c.obj
FAILED: CMakeFiles/cmTC_16e9d.dir/CheckSymbolExists.c.obj 
C:\PROGRA~1\MIB055~1\2022\COMMUN~1\VC\Tools\MSVC\1433~1.316\bin\HostX64\x64\cl.exe  /nologo   /DWIN32 /D_WINDOWS  /Zi /Ob0 /Od /RTC1 -MDd    -D_WINSOCKAPI_= /showIncludes /FoCMakeFiles\cmTC_16e9d.dir\CheckSymbolExists.c.obj /FdCMakeFiles\cmTC_16e9d.dir\ /FS -c G:\GITHUB\GitHubDesktop\curl\out\build\x64-Debug\CMakeFiles\CMakeTmp\CheckSymbolExists.c
G:\GITHUB\GitHubDesktop\curl\out\build\x64-Debug\CMakeFiles\CMakeTmp\CheckSymbolExists.c(26): error C2065: 'utimes': undeclared identifier
ninja: build stopped: subcommand failed.


File G:/GITHUB/GitHubDesktop/curl/out/build/x64-Debug/CMakeFiles/CMakeTmp/CheckSymbolExists.c:
/* */
#include <windows.h>
#include <ws2tcpip.h>
#include <winsock2.h>
#include <wincrypt.h>
#include <sys/stat.h>
#include <sys/types.h>
#include <sys/utime.h>
#include <assert.h>
#include <errno.h>
#include <fcntl.h>
#include <io.h>
#include <locale.h>
#include <setjmp.h>
#include <signal.h>
#include <stdbool.h>
#include <stdlib.h>
#include <string.h>
#include <time.h>
#include <stddef.h>

int main(int argc, char** argv)
{
  (void)argv;
#ifndef utimes
  return ((int*)(&utimes))[argc];
#else
  (void)argc;
  return 0;
#endif
}
Determining if the getpwuid_r exist failed with the following output:
Change Dir: G:/GITHUB/GitHubDesktop/curl/out/build/x64-Debug/CMakeFiles/CMakeTmp

Run Build Command(s):C:/Program Files/Microsoft Visual Studio/2022/Community/Common7/IDE/CommonExtensions/Microsoft/CMake/Ninja/ninja.exe cmTC_23d4f && [1/2] Building C object CMakeFiles\cmTC_23d4f.dir\CheckSymbolExists.c.obj
FAILED: CMakeFiles/cmTC_23d4f.dir/CheckSymbolExists.c.obj 
C:\PROGRA~1\MIB055~1\2022\COMMUN~1\VC\Tools\MSVC\1433~1.316\bin\HostX64\x64\cl.exe  /nologo   /DWIN32 /D_WINDOWS  /Zi /Ob0 /Od /RTC1 -MDd    -D_WINSOCKAPI_= /showIncludes /FoCMakeFiles\cmTC_23d4f.dir\CheckSymbolExists.c.obj /FdCMakeFiles\cmTC_23d4f.dir\ /FS -c G:\GITHUB\GitHubDesktop\curl\out\build\x64-Debug\CMakeFiles\CMakeTmp\CheckSymbolExists.c
G:\GITHUB\GitHubDesktop\curl\out\build\x64-Debug\CMakeFiles\CMakeTmp\CheckSymbolExists.c(26): error C2065: 'getpwuid_r': undeclared identifier
ninja: build stopped: subcommand failed.


File G:/GITHUB/GitHubDesktop/curl/out/build/x64-Debug/CMakeFiles/CMakeTmp/CheckSymbolExists.c:
/* */
#include <windows.h>
#include <ws2tcpip.h>
#include <winsock2.h>
#include <wincrypt.h>
#include <sys/stat.h>
#include <sys/types.h>
#include <sys/utime.h>
#include <assert.h>
#include <errno.h>
#include <fcntl.h>
#include <io.h>
#include <locale.h>
#include <setjmp.h>
#include <signal.h>
#include <stdbool.h>
#include <stdlib.h>
#include <string.h>
#include <time.h>
#include <stddef.h>

int main(int argc, char** argv)
{
  (void)argv;
#ifndef getpwuid_r
  return ((int*)(&getpwuid_r))[argc];
#else
  (void)argc;
  return 0;
#endif
}
Determining if the strerror_r exist failed with the following output:
Change Dir: G:/GITHUB/GitHubDesktop/curl/out/build/x64-Debug/CMakeFiles/CMakeTmp

Run Build Command(s):C:/Program Files/Microsoft Visual Studio/2022/Community/Common7/IDE/CommonExtensions/Microsoft/CMake/Ninja/ninja.exe cmTC_40238 && [1/2] Building C object CMakeFiles\cmTC_40238.dir\CheckSymbolExists.c.obj
FAILED: CMakeFiles/cmTC_40238.dir/CheckSymbolExists.c.obj 
C:\PROGRA~1\MIB055~1\2022\COMMUN~1\VC\Tools\MSVC\1433~1.316\bin\HostX64\x64\cl.exe  /nologo   /DWIN32 /D_WINDOWS  /Zi /Ob0 /Od /RTC1 -MDd    -D_WINSOCKAPI_= /showIncludes /FoCMakeFiles\cmTC_40238.dir\CheckSymbolExists.c.obj /FdCMakeFiles\cmTC_40238.dir\ /FS -c G:\GITHUB\GitHubDesktop\curl\out\build\x64-Debug\CMakeFiles\CMakeTmp\CheckSymbolExists.c
G:\GITHUB\GitHubDesktop\curl\out\build\x64-Debug\CMakeFiles\CMakeTmp\CheckSymbolExists.c(26): error C2065: 'strerror_r': undeclared identifier
ninja: build stopped: subcommand failed.


File G:/GITHUB/GitHubDesktop/curl/out/build/x64-Debug/CMakeFiles/CMakeTmp/CheckSymbolExists.c:
/* */
#include <windows.h>
#include <ws2tcpip.h>
#include <winsock2.h>
#include <wincrypt.h>
#include <sys/stat.h>
#include <sys/types.h>
#include <sys/utime.h>
#include <assert.h>
#include <errno.h>
#include <fcntl.h>
#include <io.h>
#include <locale.h>
#include <setjmp.h>
#include <signal.h>
#include <stdbool.h>
#include <stdlib.h>
#include <string.h>
#include <time.h>
#include <stddef.h>

int main(int argc, char** argv)
{
  (void)argv;
#ifndef strerror_r
  return ((int*)(&strerror_r))[argc];
#else
  (void)argc;
  return 0;
#endif
}
Determining if the siginterrupt exist failed with the following output:
Change Dir: G:/GITHUB/GitHubDesktop/curl/out/build/x64-Debug/CMakeFiles/CMakeTmp

Run Build Command(s):C:/Program Files/Microsoft Visual Studio/2022/Community/Common7/IDE/CommonExtensions/Microsoft/CMake/Ninja/ninja.exe cmTC_50305 && [1/2] Building C object CMakeFiles\cmTC_50305.dir\CheckSymbolExists.c.obj
FAILED: CMakeFiles/cmTC_50305.dir/CheckSymbolExists.c.obj 
C:\PROGRA~1\MIB055~1\2022\COMMUN~1\VC\Tools\MSVC\1433~1.316\bin\HostX64\x64\cl.exe  /nologo   /DWIN32 /D_WINDOWS  /Zi /Ob0 /Od /RTC1 -MDd    -D_WINSOCKAPI_= /showIncludes /FoCMakeFiles\cmTC_50305.dir\CheckSymbolExists.c.obj /FdCMakeFiles\cmTC_50305.dir\ /FS -c G:\GITHUB\GitHubDesktop\curl\out\build\x64-Debug\CMakeFiles\CMakeTmp\CheckSymbolExists.c
G:\GITHUB\GitHubDesktop\curl\out\build\x64-Debug\CMakeFiles\CMakeTmp\CheckSymbolExists.c(26): error C2065: 'siginterrupt': undeclared identifier
ninja: build stopped: subcommand failed.


File G:/GITHUB/GitHubDesktop/curl/out/build/x64-Debug/CMakeFiles/CMakeTmp/CheckSymbolExists.c:
/* */
#include <windows.h>
#include <ws2tcpip.h>
#include <winsock2.h>
#include <wincrypt.h>
#include <sys/stat.h>
#include <sys/types.h>
#include <sys/utime.h>
#include <assert.h>
#include <errno.h>
#include <fcntl.h>
#include <io.h>
#include <locale.h>
#include <setjmp.h>
#include <signal.h>
#include <stdbool.h>
#include <stdlib.h>
#include <string.h>
#include <time.h>
#include <stddef.h>

int main(int argc, char** argv)
{
  (void)argv;
#ifndef siginterrupt
  return ((int*)(&siginterrupt))[argc];
#else
  (void)argc;
  return 0;
#endif
}
Determining if the pipe exist failed with the following output:
Change Dir: G:/GITHUB/GitHubDesktop/curl/out/build/x64-Debug/CMakeFiles/CMakeTmp

Run Build Command(s):C:/Program Files/Microsoft Visual Studio/2022/Community/Common7/IDE/CommonExtensions/Microsoft/CMake/Ninja/ninja.exe cmTC_e2aa0 && [1/2] Building C object CMakeFiles\cmTC_e2aa0.dir\CheckSymbolExists.c.obj
FAILED: CMakeFiles/cmTC_e2aa0.dir/CheckSymbolExists.c.obj 
C:\PROGRA~1\MIB055~1\2022\COMMUN~1\VC\Tools\MSVC\1433~1.316\bin\HostX64\x64\cl.exe  /nologo   /DWIN32 /D_WINDOWS  /Zi /Ob0 /Od /RTC1 -MDd    -D_WINSOCKAPI_= /showIncludes /FoCMakeFiles\cmTC_e2aa0.dir\CheckSymbolExists.c.obj /FdCMakeFiles\cmTC_e2aa0.dir\ /FS -c G:\GITHUB\GitHubDesktop\curl\out\build\x64-Debug\CMakeFiles\CMakeTmp\CheckSymbolExists.c
G:\GITHUB\GitHubDesktop\curl\out\build\x64-Debug\CMakeFiles\CMakeTmp\CheckSymbolExists.c(26): error C2065: 'pipe': undeclared identifier
ninja: build stopped: subcommand failed.


File G:/GITHUB/GitHubDesktop/curl/out/build/x64-Debug/CMakeFiles/CMakeTmp/CheckSymbolExists.c:
/* */
#include <windows.h>
#include <ws2tcpip.h>
#include <winsock2.h>
#include <wincrypt.h>
#include <sys/stat.h>
#include <sys/types.h>
#include <sys/utime.h>
#include <assert.h>
#include <errno.h>
#include <fcntl.h>
#include <io.h>
#include <locale.h>
#include <setjmp.h>
#include <signal.h>
#include <stdbool.h>
#include <stdlib.h>
#include <string.h>
#include <time.h>
#include <stddef.h>

int main(int argc, char** argv)
{
  (void)argv;
#ifndef pipe
  return ((int*)(&pipe))[argc];
#else
  (void)argc;
  return 0;
#endif
}
Determining if the ftruncate exist failed with the following output:
Change Dir: G:/GITHUB/GitHubDesktop/curl/out/build/x64-Debug/CMakeFiles/CMakeTmp

Run Build Command(s):C:/Program Files/Microsoft Visual Studio/2022/Community/Common7/IDE/CommonExtensions/Microsoft/CMake/Ninja/ninja.exe cmTC_0f765 && [1/2] Building C object CMakeFiles\cmTC_0f765.dir\CheckSymbolExists.c.obj
FAILED: CMakeFiles/cmTC_0f765.dir/CheckSymbolExists.c.obj 
C:\PROGRA~1\MIB055~1\2022\COMMUN~1\VC\Tools\MSVC\1433~1.316\bin\HostX64\x64\cl.exe  /nologo   /DWIN32 /D_WINDOWS  /Zi /Ob0 /Od /RTC1 -MDd    -D_WINSOCKAPI_= /showIncludes /FoCMakeFiles\cmTC_0f765.dir\CheckSymbolExists.c.obj /FdCMakeFiles\cmTC_0f765.dir\ /FS -c G:\GITHUB\GitHubDesktop\curl\out\build\x64-Debug\CMakeFiles\CMakeTmp\CheckSymbolExists.c
G:\GITHUB\GitHubDesktop\curl\out\build\x64-Debug\CMakeFiles\CMakeTmp\CheckSymbolExists.c(26): error C2065: 'ftruncate': undeclared identifier
ninja: build stopped: subcommand failed.


File G:/GITHUB/GitHubDesktop/curl/out/build/x64-Debug/CMakeFiles/CMakeTmp/CheckSymbolExists.c:
/* */
#include <windows.h>
#include <ws2tcpip.h>
#include <winsock2.h>
#include <wincrypt.h>
#include <sys/stat.h>
#include <sys/types.h>
#include <sys/utime.h>
#include <assert.h>
#include <errno.h>
#include <fcntl.h>
#include <io.h>
#include <locale.h>
#include <setjmp.h>
#include <signal.h>
#include <stdbool.h>
#include <stdlib.h>
#include <string.h>
#include <time.h>
#include <stddef.h>

int main(int argc, char** argv)
{
  (void)argv;
#ifndef ftruncate
  return ((int*)(&ftruncate))[argc];
#else
  (void)argc;
  return 0;
#endif
}
Determining if the if_nametoindex exist failed with the following output:
Change Dir: G:/GITHUB/GitHubDesktop/curl/out/build/x64-Debug/CMakeFiles/CMakeTmp

Run Build Command(s):C:/Program Files/Microsoft Visual Studio/2022/Community/Common7/IDE/CommonExtensions/Microsoft/CMake/Ninja/ninja.exe cmTC_fc7f9 && [1/2] Building C object CMakeFiles\cmTC_fc7f9.dir\CheckSymbolExists.c.obj
FAILED: CMakeFiles/cmTC_fc7f9.dir/CheckSymbolExists.c.obj 
C:\PROGRA~1\MIB055~1\2022\COMMUN~1\VC\Tools\MSVC\1433~1.316\bin\HostX64\x64\cl.exe  /nologo   /DWIN32 /D_WINDOWS  /Zi /Ob0 /Od /RTC1 -MDd    -D_WINSOCKAPI_= /showIncludes /FoCMakeFiles\cmTC_fc7f9.dir\CheckSymbolExists.c.obj /FdCMakeFiles\cmTC_fc7f9.dir\ /FS -c G:\GITHUB\GitHubDesktop\curl\out\build\x64-Debug\CMakeFiles\CMakeTmp\CheckSymbolExists.c
G:\GITHUB\GitHubDesktop\curl\out\build\x64-Debug\CMakeFiles\CMakeTmp\CheckSymbolExists.c(26): error C2065: 'if_nametoindex': undeclared identifier
ninja: build stopped: subcommand failed.


File G:/GITHUB/GitHubDesktop/curl/out/build/x64-Debug/CMakeFiles/CMakeTmp/CheckSymbolExists.c:
/* */
#include <windows.h>
#include <ws2tcpip.h>
#include <winsock2.h>
#include <wincrypt.h>
#include <sys/stat.h>
#include <sys/types.h>
#include <sys/utime.h>
#include <assert.h>
#include <errno.h>
#include <fcntl.h>
#include <io.h>
#include <locale.h>
#include <setjmp.h>
#include <signal.h>
#include <stdbool.h>
#include <stdlib.h>
#include <string.h>
#include <time.h>
#include <stddef.h>

int main(int argc, char** argv)
{
  (void)argv;
#ifndef if_nametoindex
  return ((int*)(&if_nametoindex))[argc];
#else
  (void)argc;
  return 0;
#endif
}
Determining if the getrlimit exist failed with the following output:
Change Dir: G:/GITHUB/GitHubDesktop/curl/out/build/x64-Debug/CMakeFiles/CMakeTmp

Run Build Command(s):C:/Program Files/Microsoft Visual Studio/2022/Community/Common7/IDE/CommonExtensions/Microsoft/CMake/Ninja/ninja.exe cmTC_64e3b && [1/2] Building C object CMakeFiles\cmTC_64e3b.dir\CheckSymbolExists.c.obj
FAILED: CMakeFiles/cmTC_64e3b.dir/CheckSymbolExists.c.obj 
C:\PROGRA~1\MIB055~1\2022\COMMUN~1\VC\Tools\MSVC\1433~1.316\bin\HostX64\x64\cl.exe  /nologo   /DWIN32 /D_WINDOWS  /Zi /Ob0 /Od /RTC1 -MDd    -D_WINSOCKAPI_= /showIncludes /FoCMakeFiles\cmTC_64e3b.dir\CheckSymbolExists.c.obj /FdCMakeFiles\cmTC_64e3b.dir\ /FS -c G:\GITHUB\GitHubDesktop\curl\out\build\x64-Debug\CMakeFiles\CMakeTmp\CheckSymbolExists.c
G:\GITHUB\GitHubDesktop\curl\out\build\x64-Debug\CMakeFiles\CMakeTmp\CheckSymbolExists.c(26): error C2065: 'getrlimit': undeclared identifier
ninja: build stopped: subcommand failed.


File G:/GITHUB/GitHubDesktop/curl/out/build/x64-Debug/CMakeFiles/CMakeTmp/CheckSymbolExists.c:
/* */
#include <windows.h>
#include <ws2tcpip.h>
#include <winsock2.h>
#include <wincrypt.h>
#include <sys/stat.h>
#include <sys/types.h>
#include <sys/utime.h>
#include <assert.h>
#include <errno.h>
#include <fcntl.h>
#include <io.h>
#include <locale.h>
#include <setjmp.h>
#include <signal.h>
#include <stdbool.h>
#include <stdlib.h>
#include <string.h>
#include <time.h>
#include <stddef.h>

int main(int argc, char** argv)
{
  (void)argv;
#ifndef getrlimit
  return ((int*)(&getrlimit))[argc];
#else
  (void)argc;
  return 0;
#endif
}
Determining if the setrlimit exist failed with the following output:
Change Dir: G:/GITHUB/GitHubDesktop/curl/out/build/x64-Debug/CMakeFiles/CMakeTmp

Run Build Command(s):C:/Program Files/Microsoft Visual Studio/2022/Community/Common7/IDE/CommonExtensions/Microsoft/CMake/Ninja/ninja.exe cmTC_4baaa && [1/2] Building C object CMakeFiles\cmTC_4baaa.dir\CheckSymbolExists.c.obj
FAILED: CMakeFiles/cmTC_4baaa.dir/CheckSymbolExists.c.obj 
C:\PROGRA~1\MIB055~1\2022\COMMUN~1\VC\Tools\MSVC\1433~1.316\bin\HostX64\x64\cl.exe  /nologo   /DWIN32 /D_WINDOWS  /Zi /Ob0 /Od /RTC1 -MDd    -D_WINSOCKAPI_= /showIncludes /FoCMakeFiles\cmTC_4baaa.dir\CheckSymbolExists.c.obj /FdCMakeFiles\cmTC_4baaa.dir\ /FS -c G:\GITHUB\GitHubDesktop\curl\out\build\x64-Debug\CMakeFiles\CMakeTmp\CheckSymbolExists.c
G:\GITHUB\GitHubDesktop\curl\out\build\x64-Debug\CMakeFiles\CMakeTmp\CheckSymbolExists.c(26): error C2065: 'setrlimit': undeclared identifier
ninja: build stopped: subcommand failed.


File G:/GITHUB/GitHubDesktop/curl/out/build/x64-Debug/CMakeFiles/CMakeTmp/CheckSymbolExists.c:
/* */
#include <windows.h>
#include <ws2tcpip.h>
#include <winsock2.h>
#include <wincrypt.h>
#include <sys/stat.h>
#include <sys/types.h>
#include <sys/utime.h>
#include <assert.h>
#include <errno.h>
#include <fcntl.h>
#include <io.h>
#include <locale.h>
#include <setjmp.h>
#include <signal.h>
#include <stdbool.h>
#include <stdlib.h>
#include <string.h>
#include <time.h>
#include <stddef.h>

int main(int argc, char** argv)
{
  (void)argv;
#ifndef setrlimit
  return ((int*)(&setrlimit))[argc];
#else
  (void)argc;
  return 0;
#endif
}
Determining if the snprintf exist failed with the following output:
Change Dir: G:/GITHUB/GitHubDesktop/curl/out/build/x64-Debug/CMakeFiles/CMakeTmp

Run Build Command(s):C:/Program Files/Microsoft Visual Studio/2022/Community/Common7/IDE/CommonExtensions/Microsoft/CMake/Ninja/ninja.exe cmTC_b9a60 && [1/2] Building C object CMakeFiles\cmTC_b9a60.dir\CheckSymbolExists.c.obj
FAILED: CMakeFiles/cmTC_b9a60.dir/CheckSymbolExists.c.obj 
C:\PROGRA~1\MIB055~1\2022\COMMUN~1\VC\Tools\MSVC\1433~1.316\bin\HostX64\x64\cl.exe  /nologo   /DWIN32 /D_WINDOWS  /Zi /Ob0 /Od /RTC1 -MDd    -D_WINSOCKAPI_= /showIncludes /FoCMakeFiles\cmTC_b9a60.dir\CheckSymbolExists.c.obj /FdCMakeFiles\cmTC_b9a60.dir\ /FS -c G:\GITHUB\GitHubDesktop\curl\out\build\x64-Debug\CMakeFiles\CMakeTmp\CheckSymbolExists.c
G:\GITHUB\GitHubDesktop\curl\out\build\x64-Debug\CMakeFiles\CMakeTmp\CheckSymbolExists.c(26): error C2065: 'snprintf': undeclared identifier
ninja: build stopped: subcommand failed.


File G:/GITHUB/GitHubDesktop/curl/out/build/x64-Debug/CMakeFiles/CMakeTmp/CheckSymbolExists.c:
/* */
#include <windows.h>
#include <ws2tcpip.h>
#include <winsock2.h>
#include <wincrypt.h>
#include <sys/stat.h>
#include <sys/types.h>
#include <sys/utime.h>
#include <assert.h>
#include <errno.h>
#include <fcntl.h>
#include <io.h>
#include <locale.h>
#include <setjmp.h>
#include <signal.h>
#include <stdbool.h>
#include <stdlib.h>
#include <string.h>
#include <time.h>
#include <stddef.h>

int main(int argc, char** argv)
{
  (void)argv;
#ifndef snprintf
  return ((int*)(&snprintf))[argc];
#else
  (void)argc;
  return 0;
#endif
}
Determining if the function mach_absolute_time exists failed with the following output:
Change Dir: G:/GITHUB/GitHubDesktop/curl/out/build/x64-Debug/CMakeFiles/CMakeTmp

Run Build Command(s):C:/Program Files/Microsoft Visual Studio/2022/Community/Common7/IDE/CommonExtensions/Microsoft/CMake/Ninja/ninja.exe cmTC_1792f && [1/2] Building C object CMakeFiles\cmTC_1792f.dir\CheckFunctionExists.c.obj
[2/2] Linking C executable cmTC_1792f.exe
FAILED: cmTC_1792f.exe 
cmd.exe /C "cd . && "C:\Program Files\Microsoft Visual Studio\2022\Community\Common7\IDE\CommonExtensions\Microsoft\CMake\CMake\bin\cmake.exe" -E vs_link_exe --intdir=CMakeFiles\cmTC_1792f.dir --rc=C:\PROGRA~2\WI3CF2~1\10\bin\100226~1.0\x64\rc.exe --mt=C:\PROGRA~2\WI3CF2~1\10\bin\100226~1.0\x64\mt.exe --manifests  -- C:\PROGRA~1\MIB055~1\2022\COMMUN~1\VC\Tools\MSVC\1433~1.316\bin\HostX64\x64\link.exe /nologo CMakeFiles\cmTC_1792f.dir\CheckFunctionExists.c.obj  /out:cmTC_1792f.exe /implib:cmTC_1792f.lib /pdb:cmTC_1792f.pdb /version:0.0 /machine:x64  /debug /INCREMENTAL /subsystem:console  ws2_32.lib  kernel32.lib user32.lib gdi32.lib winspool.lib shell32.lib ole32.lib oleaut32.lib uuid.lib comdlg32.lib advapi32.lib && cd ."
LINK Pass 1: command "C:\PROGRA~1\MIB055~1\2022\COMMUN~1\VC\Tools\MSVC\1433~1.316\bin\HostX64\x64\link.exe /nologo CMakeFiles\cmTC_1792f.dir\CheckFunctionExists.c.obj /out:cmTC_1792f.exe /implib:cmTC_1792f.lib /pdb:cmTC_1792f.pdb /version:0.0 /machine:x64 /debug /INCREMENTAL /subsystem:console ws2_32.lib kernel32.lib user32.lib gdi32.lib winspool.lib shell32.lib ole32.lib oleaut32.lib uuid.lib comdlg32.lib advapi32.lib /MANIFEST /MANIFESTFILE:CMakeFiles\cmTC_1792f.dir/intermediate.manifest CMakeFiles\cmTC_1792f.dir/manifest.res" failed (exit code 1120) with the following output:
CheckFunctionExists.c.obj : error LNK2019: unresolved external symbol mach_absolute_time referenced in function main
cmTC_1792f.exe : fatal error LNK1120: 1 unresolved externals
ninja: build stopped: subcommand failed.



Determining if the fsetxattr exist failed with the following output:
Change Dir: G:/GITHUB/GitHubDesktop/curl/out/build/x64-Debug/CMakeFiles/CMakeTmp

Run Build Command(s):C:/Program Files/Microsoft Visual Studio/2022/Community/Common7/IDE/CommonExtensions/Microsoft/CMake/Ninja/ninja.exe cmTC_0da35 && [1/2] Building C object CMakeFiles\cmTC_0da35.dir\CheckSymbolExists.c.obj
FAILED: CMakeFiles/cmTC_0da35.dir/CheckSymbolExists.c.obj 
C:\PROGRA~1\MIB055~1\2022\COMMUN~1\VC\Tools\MSVC\1433~1.316\bin\HostX64\x64\cl.exe  /nologo   /DWIN32 /D_WINDOWS  /Zi /Ob0 /Od /RTC1 -MDd    -D_WINSOCKAPI_= /showIncludes /FoCMakeFiles\cmTC_0da35.dir\CheckSymbolExists.c.obj /FdCMakeFiles\cmTC_0da35.dir\ /FS -c G:\GITHUB\GitHubDesktop\curl\out\build\x64-Debug\CMakeFiles\CMakeTmp\CheckSymbolExists.c
G:\GITHUB\GitHubDesktop\curl\out\build\x64-Debug\CMakeFiles\CMakeTmp\CheckSymbolExists.c(26): error C2065: 'fsetxattr': undeclared identifier
ninja: build stopped: subcommand failed.


File G:/GITHUB/GitHubDesktop/curl/out/build/x64-Debug/CMakeFiles/CMakeTmp/CheckSymbolExists.c:
/* */
#include <windows.h>
#include <ws2tcpip.h>
#include <winsock2.h>
#include <wincrypt.h>
#include <sys/stat.h>
#include <sys/types.h>
#include <sys/utime.h>
#include <assert.h>
#include <errno.h>
#include <fcntl.h>
#include <io.h>
#include <locale.h>
#include <setjmp.h>
#include <signal.h>
#include <stdbool.h>
#include <stdlib.h>
#include <string.h>
#include <time.h>
#include <stddef.h>

int main(int argc, char** argv)
{
  (void)argv;
#ifndef fsetxattr
  return ((int*)(&fsetxattr))[argc];
#else
  (void)argc;
  return 0;
#endif
}
Determining size of sa_family_t failed with the following output:
Change Dir: G:/GITHUB/GitHubDesktop/curl/out/build/x64-Debug/CMakeFiles/CMakeTmp

Run Build Command(s):C:/Program Files/Microsoft Visual Studio/2022/Community/Common7/IDE/CommonExtensions/Microsoft/CMake/Ninja/ninja.exe cmTC_9e9b4 && [1/2] Building C object CMakeFiles\cmTC_9e9b4.dir\SIZEOF_SA_FAMILY_T.c.obj
FAILED: CMakeFiles/cmTC_9e9b4.dir/SIZEOF_SA_FAMILY_T.c.obj 
C:\PROGRA~1\MIB055~1\2022\COMMUN~1\VC\Tools\MSVC\1433~1.316\bin\HostX64\x64\cl.exe  /nologo   /DWIN32 /D_WINDOWS  /Zi /Ob0 /Od /RTC1 -MDd    -D_WINSOCKAPI_= /showIncludes /FoCMakeFiles\cmTC_9e9b4.dir\SIZEOF_SA_FAMILY_T.c.obj /FdCMakeFiles\cmTC_9e9b4.dir\ /FS -c G:\GITHUB\GitHubDesktop\curl\out\build\x64-Debug\CMakeFiles\CheckTypeSize\SIZEOF_SA_FAMILY_T.c
G:\GITHUB\GitHubDesktop\curl\out\build\x64-Debug\CMakeFiles\CheckTypeSize\SIZEOF_SA_FAMILY_T.c(3): fatal error C1083: Cannot open include file: 'sys/socket.h': No such file or directory
ninja: build stopped: subcommand failed.


G:/GITHUB/GitHubDesktop/curl/out/build/x64-Debug/CMakeFiles/CheckTypeSize/SIZEOF_SA_FAMILY_T.c:
#include <sys/types.h>
#include <stddef.h>
#include "sys/socket.h"


#undef KEY
#if defined(__i386)
# define KEY '_','_','i','3','8','6'
#elif defined(__x86_64)
# define KEY '_','_','x','8','6','_','6','4'
#elif defined(__PPC64__)
# define KEY '_','_','P','P','C','6','4','_','_'
#elif defined(__ppc64__)
# define KEY '_','_','p','p','c','6','4','_','_'
#elif defined(__PPC__)
# define KEY '_','_','P','P','C','_','_'
#elif defined(__ppc__)
# define KEY '_','_','p','p','c','_','_'
#elif defined(__aarch64__)
# define KEY '_','_','a','a','r','c','h','6','4','_','_'
#elif defined(__ARM_ARCH_7A__)
# define KEY '_','_','A','R','M','_','A','R','C','H','_','7','A','_','_'
#elif defined(__ARM_ARCH_7S__)
# define KEY '_','_','A','R','M','_','A','R','C','H','_','7','S','_','_'
#endif

#define SIZE (sizeof(sa_family_t))
static char info_size[] =  {'I', 'N', 'F', 'O', ':', 's','i','z','e','[',
  ('0' + ((SIZE / 10000)%10)),
  ('0' + ((SIZE / 1000)%10)),
  ('0' + ((SIZE / 100)%10)),
  ('0' + ((SIZE / 10)%10)),
  ('0' +  (SIZE    % 10)),
  ']',
#ifdef KEY
  ' ','k','e','y','[', KEY, ']',
#endif
  '\0'};

#ifdef __CLASSIC_C__
int main(argc, argv) int argc; char *argv[];
#else
int main(int argc, char *argv[])
#endif
{
  int require = 0;
  require += info_size[argc];
  (void)argv;
  return require;
}


Determining size of ADDRESS_FAMILY failed with the following output:
Change Dir: G:/GITHUB/GitHubDesktop/curl/out/build/x64-Debug/CMakeFiles/CMakeTmp

Run Build Command(s):C:/Program Files/Microsoft Visual Studio/2022/Community/Common7/IDE/CommonExtensions/Microsoft/CMake/Ninja/ninja.exe cmTC_b5018 && [1/2] Building C object CMakeFiles\cmTC_b5018.dir\SIZEOF_ADDRESS_FAMILY.c.obj
FAILED: CMakeFiles/cmTC_b5018.dir/SIZEOF_ADDRESS_FAMILY.c.obj 
C:\PROGRA~1\MIB055~1\2022\COMMUN~1\VC\Tools\MSVC\1433~1.316\bin\HostX64\x64\cl.exe  /nologo   /DWIN32 /D_WINDOWS  /Zi /Ob0 /Od /RTC1 -MDd    -D_WINSOCKAPI_= /showIncludes /FoCMakeFiles\cmTC_b5018.dir\SIZEOF_ADDRESS_FAMILY.c.obj /FdCMakeFiles\cmTC_b5018.dir\ /FS -c G:\GITHUB\GitHubDesktop\curl\out\build\x64-Debug\CMakeFiles\CheckTypeSize\SIZEOF_ADDRESS_FAMILY.c
C:\Program Files (x86)\Windows Kits\10\include\10.0.22621.0\shared\ws2def.h(47): fatal error C1189: #error:  Do not include winsock.h and ws2def.h in the same module. Instead include only winsock2.h.
ninja: build stopped: subcommand failed.


G:/GITHUB/GitHubDesktop/curl/out/build/x64-Debug/CMakeFiles/CheckTypeSize/SIZEOF_ADDRESS_FAMILY.c:
#include <sys/types.h>
#include <stddef.h>
#include "ws2def.h"


#undef KEY
#if defined(__i386)
# define KEY '_','_','i','3','8','6'
#elif defined(__x86_64)
# define KEY '_','_','x','8','6','_','6','4'
#elif defined(__PPC64__)
# define KEY '_','_','P','P','C','6','4','_','_'
#elif defined(__ppc64__)
# define KEY '_','_','p','p','c','6','4','_','_'
#elif defined(__PPC__)
# define KEY '_','_','P','P','C','_','_'
#elif defined(__ppc__)
# define KEY '_','_','p','p','c','_','_'
#elif defined(__aarch64__)
# define KEY '_','_','a','a','r','c','h','6','4','_','_'
#elif defined(__ARM_ARCH_7A__)
# define KEY '_','_','A','R','M','_','A','R','C','H','_','7','A','_','_'
#elif defined(__ARM_ARCH_7S__)
# define KEY '_','_','A','R','M','_','A','R','C','H','_','7','S','_','_'
#endif

#define SIZE (sizeof(ADDRESS_FAMILY))
static char info_size[] =  {'I', 'N', 'F', 'O', ':', 's','i','z','e','[',
  ('0' + ((SIZE / 10000)%10)),
  ('0' + ((SIZE / 1000)%10)),
  ('0' + ((SIZE / 100)%10)),
  ('0' + ((SIZE / 10)%10)),
  ('0' +  (SIZE    % 10)),
  ']',
#ifdef KEY
  ' ','k','e','y','[', KEY, ']',
#endif
  '\0'};

#ifdef __CLASSIC_C__
int main(argc, argv) int argc; char *argv[];
#else
int main(int argc, char *argv[])
#endif
{
  int require = 0;
  require += info_size[argc];
  (void)argv;
  return require;
}


Performing Curl Test HAVE_FCNTL_O_NONBLOCK failed with the following output:
Change Dir: G:/GITHUB/GitHubDesktop/curl/out/build/x64-Debug/CMakeFiles/CMakeTmp

Run Build Command(s):C:/Program Files/Microsoft Visual Studio/2022/Community/Common7/IDE/CommonExtensions/Microsoft/CMake/Ninja/ninja.exe cmTC_96905 && [1/2] Building C object CMakeFiles\cmTC_96905.dir\CurlTests.c.obj
FAILED: CMakeFiles/cmTC_96905.dir/CurlTests.c.obj 
C:\PROGRA~1\MIB055~1\2022\COMMUN~1\VC\Tools\MSVC\1433~1.316\bin\HostX64\x64\cl.exe  /nologo   /DWIN32 /D_WINDOWS -DHAVE_FCNTL_O_NONBLOCK  -DHAVE_WINDOWS_H -DHAVE_WS2TCPIP_H -DHAVE_WINSOCK2_H -DHAVE_WINCRYPT_H -DHAVE_SYS_STAT_H -DHAVE_SYS_TYPES_H -DHAVE_SYS_UTIME_H -DHAVE_ASSERT_H -DHAVE_ERRNO_H -DHAVE_FCNTL_H -DHAVE_IO_H -DHAVE_LOCALE_H -DHAVE_SETJMP_H -DHAVE_SIGNAL_H -DHAVE_STDBOOL_H -DHAVE_STDLIB_H -DHAVE_STRING_H -DHAVE_TIME_H -DHAVE_STDDEF_H /Zi /Ob0 /Od /RTC1 -MDd /showIncludes /FoCMakeFiles\cmTC_96905.dir\CurlTests.c.obj /FdCMakeFiles\cmTC_96905.dir\ /FS -c G:\GITHUB\GitHubDesktop\curl\CMake\CurlTests.c
G:\GITHUB\GitHubDesktop\curl\CMake\CurlTests.c(46): fatal error C1083: Cannot open include file: 'unistd.h': No such file or directory
ninja: build stopped: subcommand failed.


Performing Curl Test HAVE_IOCTLSOCKET_CAMEL failed with the following output:
Change Dir: G:/GITHUB/GitHubDesktop/curl/out/build/x64-Debug/CMakeFiles/CMakeTmp

Run Build Command(s):C:/Program Files/Microsoft Visual Studio/2022/Community/Common7/IDE/CommonExtensions/Microsoft/CMake/Ninja/ninja.exe cmTC_43bda && [1/2] Building C object CMakeFiles\cmTC_43bda.dir\CurlTests.c.obj
[2/2] Linking C executable cmTC_43bda.exe
FAILED: cmTC_43bda.exe 
cmd.exe /C "cd . && "C:\Program Files\Microsoft Visual Studio\2022\Community\Common7\IDE\CommonExtensions\Microsoft\CMake\CMake\bin\cmake.exe" -E vs_link_exe --intdir=CMakeFiles\cmTC_43bda.dir --rc=C:\PROGRA~2\WI3CF2~1\10\bin\100226~1.0\x64\rc.exe --mt=C:\PROGRA~2\WI3CF2~1\10\bin\100226~1.0\x64\mt.exe --manifests  -- C:\PROGRA~1\MIB055~1\2022\COMMUN~1\VC\Tools\MSVC\1433~1.316\bin\HostX64\x64\link.exe /nologo CMakeFiles\cmTC_43bda.dir\CurlTests.c.obj  /out:cmTC_43bda.exe /implib:cmTC_43bda.lib /pdb:cmTC_43bda.pdb /version:0.0 /machine:x64  /debug /INCREMENTAL /subsystem:console  ws2_32.lib  kernel32.lib user32.lib gdi32.lib winspool.lib shell32.lib ole32.lib oleaut32.lib uuid.lib comdlg32.lib advapi32.lib && cd ."
LINK Pass 1: command "C:\PROGRA~1\MIB055~1\2022\COMMUN~1\VC\Tools\MSVC\1433~1.316\bin\HostX64\x64\link.exe /nologo CMakeFiles\cmTC_43bda.dir\CurlTests.c.obj /out:cmTC_43bda.exe /implib:cmTC_43bda.lib /pdb:cmTC_43bda.pdb /version:0.0 /machine:x64 /debug /INCREMENTAL /subsystem:console ws2_32.lib kernel32.lib user32.lib gdi32.lib winspool.lib shell32.lib ole32.lib oleaut32.lib uuid.lib comdlg32.lib advapi32.lib /MANIFEST /MANIFESTFILE:CMakeFiles\cmTC_43bda.dir/intermediate.manifest CMakeFiles\cmTC_43bda.dir/manifest.res" failed (exit code 1120) with the following output:
CurlTests.c.obj : error LNK2019: unresolved external symbol IoctlSocket referenced in function main
cmTC_43bda.exe : fatal error LNK1120: 1 unresolved externals
ninja: build stopped: subcommand failed.


Performing Curl Test HAVE_IOCTLSOCKET_CAMEL_FIONBIO failed with the following output:
Change Dir: G:/GITHUB/GitHubDesktop/curl/out/build/x64-Debug/CMakeFiles/CMakeTmp

Run Build Command(s):C:/Program Files/Microsoft Visual Studio/2022/Community/Common7/IDE/CommonExtensions/Microsoft/CMake/Ninja/ninja.exe cmTC_d4717 && [1/2] Building C object CMakeFiles\cmTC_d4717.dir\CurlTests.c.obj
[2/2] Linking C executable cmTC_d4717.exe
FAILED: cmTC_d4717.exe 
cmd.exe /C "cd . && "C:\Program Files\Microsoft Visual Studio\2022\Community\Common7\IDE\CommonExtensions\Microsoft\CMake\CMake\bin\cmake.exe" -E vs_link_exe --intdir=CMakeFiles\cmTC_d4717.dir --rc=C:\PROGRA~2\WI3CF2~1\10\bin\100226~1.0\x64\rc.exe --mt=C:\PROGRA~2\WI3CF2~1\10\bin\100226~1.0\x64\mt.exe --manifests  -- C:\PROGRA~1\MIB055~1\2022\COMMUN~1\VC\Tools\MSVC\1433~1.316\bin\HostX64\x64\link.exe /nologo CMakeFiles\cmTC_d4717.dir\CurlTests.c.obj  /out:cmTC_d4717.exe /implib:cmTC_d4717.lib /pdb:cmTC_d4717.pdb /version:0.0 /machine:x64  /debug /INCREMENTAL /subsystem:console  ws2_32.lib  kernel32.lib user32.lib gdi32.lib winspool.lib shell32.lib ole32.lib oleaut32.lib uuid.lib comdlg32.lib advapi32.lib && cd ."
LINK Pass 1: command "C:\PROGRA~1\MIB055~1\2022\COMMUN~1\VC\Tools\MSVC\1433~1.316\bin\HostX64\x64\link.exe /nologo CMakeFiles\cmTC_d4717.dir\CurlTests.c.obj /out:cmTC_d4717.exe /implib:cmTC_d4717.lib /pdb:cmTC_d4717.pdb /version:0.0 /machine:x64 /debug /INCREMENTAL /subsystem:console ws2_32.lib kernel32.lib user32.lib gdi32.lib winspool.lib shell32.lib ole32.lib oleaut32.lib uuid.lib comdlg32.lib advapi32.lib /MANIFEST /MANIFESTFILE:CMakeFiles\cmTC_d4717.dir/intermediate.manifest CMakeFiles\cmTC_d4717.dir/manifest.res" failed (exit code 1120) with the following output:
CurlTests.c.obj : error LNK2019: unresolved external symbol IoctlSocket referenced in function main
cmTC_d4717.exe : fatal error LNK1120: 1 unresolved externals
ninja: build stopped: subcommand failed.


Performing Curl Test HAVE_IOCTL_FIONBIO failed with the following output:
Change Dir: G:/GITHUB/GitHubDesktop/curl/out/build/x64-Debug/CMakeFiles/CMakeTmp

Run Build Command(s):C:/Program Files/Microsoft Visual Studio/2022/Community/Common7/IDE/CommonExtensions/Microsoft/CMake/Ninja/ninja.exe cmTC_495be && [1/2] Building C object CMakeFiles\cmTC_495be.dir\CurlTests.c.obj
FAILED: CMakeFiles/cmTC_495be.dir/CurlTests.c.obj 
C:\PROGRA~1\MIB055~1\2022\COMMUN~1\VC\Tools\MSVC\1433~1.316\bin\HostX64\x64\cl.exe  /nologo   /DWIN32 /D_WINDOWS -DHAVE_IOCTL_FIONBIO  -DHAVE_WINDOWS_H -DHAVE_WS2TCPIP_H -DHAVE_WINSOCK2_H -DHAVE_WINCRYPT_H -DHAVE_SYS_STAT_H -DHAVE_SYS_TYPES_H -DHAVE_SYS_UTIME_H -DHAVE_ASSERT_H -DHAVE_ERRNO_H -DHAVE_FCNTL_H -DHAVE_IO_H -DHAVE_LOCALE_H -DHAVE_SETJMP_H -DHAVE_SIGNAL_H -DHAVE_STDBOOL_H -DHAVE_STDLIB_H -DHAVE_STRING_H -DHAVE_TIME_H -DHAVE_STDDEF_H /Zi /Ob0 /Od /RTC1 -MDd /showIncludes /FoCMakeFiles\cmTC_495be.dir\CurlTests.c.obj /FdCMakeFiles\cmTC_495be.dir\ /FS -c G:\GITHUB\GitHubDesktop\curl\CMake\CurlTests.c
G:\GITHUB\GitHubDesktop\curl\CMake\CurlTests.c(323): error C2065: 'FIONBIO': undeclared identifier
ninja: build stopped: subcommand failed.


Performing Curl Test HAVE_IOCTL_SIOCGIFADDR failed with the following output:
Change Dir: G:/GITHUB/GitHubDesktop/curl/out/build/x64-Debug/CMakeFiles/CMakeTmp

Run Build Command(s):C:/Program Files/Microsoft Visual Studio/2022/Community/Common7/IDE/CommonExtensions/Microsoft/CMake/Ninja/ninja.exe cmTC_88ecd && [1/2] Building C object CMakeFiles\cmTC_88ecd.dir\CurlTests.c.obj
FAILED: CMakeFiles/cmTC_88ecd.dir/CurlTests.c.obj 
C:\PROGRA~1\MIB055~1\2022\COMMUN~1\VC\Tools\MSVC\1433~1.316\bin\HostX64\x64\cl.exe  /nologo   /DWIN32 /D_WINDOWS -DHAVE_IOCTL_SIOCGIFADDR  -DHAVE_WINDOWS_H -DHAVE_WS2TCPIP_H -DHAVE_WINSOCK2_H -DHAVE_WINCRYPT_H -DHAVE_SYS_STAT_H -DHAVE_SYS_TYPES_H -DHAVE_SYS_UTIME_H -DHAVE_ASSERT_H -DHAVE_ERRNO_H -DHAVE_FCNTL_H -DHAVE_IO_H -DHAVE_LOCALE_H -DHAVE_SETJMP_H -DHAVE_SIGNAL_H -DHAVE_STDBOOL_H -DHAVE_STDLIB_H -DHAVE_STRING_H -DHAVE_TIME_H -DHAVE_STDDEF_H /Zi /Ob0 /Od /RTC1 -MDd /showIncludes /FoCMakeFiles\cmTC_88ecd.dir\CurlTests.c.obj /FdCMakeFiles\cmTC_88ecd.dir\ /FS -c G:\GITHUB\GitHubDesktop\curl\CMake\CurlTests.c
G:\GITHUB\GitHubDesktop\curl\CMake\CurlTests.c(348): fatal error C1083: Cannot open include file: 'net/if.h': No such file or directory
ninja: build stopped: subcommand failed.


Performing Curl Test HAVE_SETSOCKOPT_SO_NONBLOCK failed with the following output:
Change Dir: G:/GITHUB/GitHubDesktop/curl/out/build/x64-Debug/CMakeFiles/CMakeTmp

Run Build Command(s):C:/Program Files/Microsoft Visual Studio/2022/Community/Common7/IDE/CommonExtensions/Microsoft/CMake/Ninja/ninja.exe cmTC_90ddb && [1/2] Building C object CMakeFiles\cmTC_90ddb.dir\CurlTests.c.obj
FAILED: CMakeFiles/cmTC_90ddb.dir/CurlTests.c.obj 
C:\PROGRA~1\MIB055~1\2022\COMMUN~1\VC\Tools\MSVC\1433~1.316\bin\HostX64\x64\cl.exe  /nologo   /DWIN32 /D_WINDOWS -DHAVE_SETSOCKOPT_SO_NONBLOCK  -DHAVE_WINDOWS_H -DHAVE_WS2TCPIP_H -DHAVE_WINSOCK2_H -DHAVE_WINCRYPT_H -DHAVE_SYS_STAT_H -DHAVE_SYS_TYPES_H -DHAVE_SYS_UTIME_H -DHAVE_ASSERT_H -DHAVE_ERRNO_H -DHAVE_FCNTL_H -DHAVE_IO_H -DHAVE_LOCALE_H -DHAVE_SETJMP_H -DHAVE_SIGNAL_H -DHAVE_STDBOOL_H -DHAVE_STDLIB_H -DHAVE_STRING_H -DHAVE_TIME_H -DHAVE_STDDEF_H /Zi /Ob0 /Od /RTC1 -MDd /showIncludes /FoCMakeFiles\cmTC_90ddb.dir\CurlTests.c.obj /FdCMakeFiles\cmTC_90ddb.dir\ /FS -c G:\GITHUB\GitHubDesktop\curl\CMake\CurlTests.c
G:\GITHUB\GitHubDesktop\curl\CMake\CurlTests.c(384): error C2065: 'SO_NONBLOCK': undeclared identifier
ninja: build stopped: subcommand failed.


Performing Curl Test HAVE_FILE_OFFSET_BITS failed with the following output:
Change Dir: G:/GITHUB/GitHubDesktop/curl/out/build/x64-Debug/CMakeFiles/CMakeTmp

Run Build Command(s):C:/Program Files/Microsoft Visual Studio/2022/Community/Common7/IDE/CommonExtensions/Microsoft/CMake/Ninja/ninja.exe cmTC_f36c0 && [1/2] Building C object CMakeFiles\cmTC_f36c0.dir\CurlTests.c.obj
FAILED: CMakeFiles/cmTC_f36c0.dir/CurlTests.c.obj 
C:\PROGRA~1\MIB055~1\2022\COMMUN~1\VC\Tools\MSVC\1433~1.316\bin\HostX64\x64\cl.exe  /nologo   /DWIN32 /D_WINDOWS -DHAVE_FILE_OFFSET_BITS  -DHAVE_WINDOWS_H -DHAVE_WS2TCPIP_H -DHAVE_WINSOCK2_H -DHAVE_WINCRYPT_H -DHAVE_SYS_STAT_H -DHAVE_SYS_TYPES_H -DHAVE_SYS_UTIME_H -DHAVE_ASSERT_H -DHAVE_ERRNO_H -DHAVE_FCNTL_H -DHAVE_IO_H -DHAVE_LOCALE_H -DHAVE_SETJMP_H -DHAVE_SIGNAL_H -DHAVE_STDBOOL_H -DHAVE_STDLIB_H -DHAVE_STRING_H -DHAVE_TIME_H -DHAVE_STDDEF_H /Zi /Ob0 /Od /RTC1 -MDd /showIncludes /FoCMakeFiles\cmTC_f36c0.dir\CurlTests.c.obj /FdCMakeFiles\cmTC_f36c0.dir\ /FS -c G:\GITHUB\GitHubDesktop\curl\CMake\CurlTests.c
G:\GITHUB\GitHubDesktop\curl\CMake\CurlTests.c(198): warning C4293: '<<': shift count negative or too big, undefined behavior
G:\GITHUB\GitHubDesktop\curl\CMake\CurlTests.c(199): warning C4293: '<<': shift count negative or too big, undefined behavior
G:\GITHUB\GitHubDesktop\curl\CMake\CurlTests.c(200): error C2118: negative subscript
ninja: build stopped: subcommand failed.


Performing Curl Test HAVE_VARIADIC_MACROS_GCC failed with the following output:
Change Dir: G:/GITHUB/GitHubDesktop/curl/out/build/x64-Debug/CMakeFiles/CMakeTmp

Run Build Command(s):C:/Program Files/Microsoft Visual Studio/2022/Community/Common7/IDE/CommonExtensions/Microsoft/CMake/Ninja/ninja.exe cmTC_39f89 && [1/2] Building C object CMakeFiles\cmTC_39f89.dir\CurlTests.c.obj
FAILED: CMakeFiles/cmTC_39f89.dir/CurlTests.c.obj 
C:\PROGRA~1\MIB055~1\2022\COMMUN~1\VC\Tools\MSVC\1433~1.316\bin\HostX64\x64\cl.exe  /nologo   /DWIN32 /D_WINDOWS -DHAVE_VARIADIC_MACROS_GCC  -DHAVE_WINDOWS_H -DHAVE_WS2TCPIP_H -DHAVE_WINSOCK2_H -DHAVE_WINCRYPT_H -DHAVE_SYS_STAT_H -DHAVE_SYS_TYPES_H -DHAVE_SYS_UTIME_H -DHAVE_ASSERT_H -DHAVE_ERRNO_H -DHAVE_FCNTL_H -DHAVE_IO_H -DHAVE_LOCALE_H -DHAVE_SETJMP_H -DHAVE_SIGNAL_H -DHAVE_STDBOOL_H -DHAVE_STDLIB_H -DHAVE_STRING_H -DHAVE_TIME_H -DHAVE_STDDEF_H /Zi /Ob0 /Od /RTC1 -MDd /showIncludes /FoCMakeFiles\cmTC_39f89.dir\CurlTests.c.obj /FdCMakeFiles\cmTC_39f89.dir\ /FS -c G:\GITHUB\GitHubDesktop\curl\CMake\CurlTests.c
G:\GITHUB\GitHubDesktop\curl\CMake\CurlTests.c(475): error C2010: '.': unexpected in macro parameter list
G:\GITHUB\GitHubDesktop\curl\CMake\CurlTests.c(476): error C2010: '.': unexpected in macro parameter list
ninja: build stopped: subcommand failed.


Performing Curl Test HAVE_ATOMIC failed with the following output:
Change Dir: G:/GITHUB/GitHubDesktop/curl/out/build/x64-Debug/CMakeFiles/CMakeTmp

Run Build Command(s):C:/Program Files/Microsoft Visual Studio/2022/Community/Common7/IDE/CommonExtensions/Microsoft/CMake/Ninja/ninja.exe cmTC_c01ab && [1/2] Building C object CMakeFiles\cmTC_c01ab.dir\CurlTests.c.obj
FAILED: CMakeFiles/cmTC_c01ab.dir/CurlTests.c.obj 
C:\PROGRA~1\MIB055~1\2022\COMMUN~1\VC\Tools\MSVC\1433~1.316\bin\HostX64\x64\cl.exe  /nologo   /DWIN32 /D_WINDOWS -DHAVE_ATOMIC  -DHAVE_WINDOWS_H -DHAVE_WS2TCPIP_H -DHAVE_WINSOCK2_H -DHAVE_WINCRYPT_H -DHAVE_SYS_STAT_H -DHAVE_SYS_TYPES_H -DHAVE_SYS_UTIME_H -DHAVE_ASSERT_H -DHAVE_ERRNO_H -DHAVE_FCNTL_H -DHAVE_IO_H -DHAVE_LOCALE_H -DHAVE_SETJMP_H -DHAVE_SIGNAL_H -DHAVE_STDBOOL_H -DHAVE_STDLIB_H -DHAVE_STRING_H -DHAVE_TIME_H -DHAVE_STDDEF_H /Zi /Ob0 /Od /RTC1 -MDd /showIncludes /FoCMakeFiles\cmTC_c01ab.dir\CurlTests.c.obj /FdCMakeFiles\cmTC_c01ab.dir\ /FS -c G:\GITHUB\GitHubDesktop\curl\CMake\CurlTests.c
G:\GITHUB\GitHubDesktop\curl\CMake\CurlTests.c(512): error C2065: '_Atomic': undeclared identifier
G:\GITHUB\GitHubDesktop\curl\CMake\CurlTests.c(512): error C2143: syntax error: missing ';' before 'type'
ninja: build stopped: subcommand failed.


Performing C SOURCE FILE Test CMAKE_HAVE_LIBC_PTHREAD failed with the following output:
Change Dir: G:/GITHUB/GitHubDesktop/curl/out/build/x64-Debug/CMakeFiles/CMakeTmp

Run Build Command(s):C:/Program Files/Microsoft Visual Studio/2022/Community/Common7/IDE/CommonExtensions/Microsoft/CMake/Ninja/ninja.exe cmTC_bbae2 && [1/2] Building C object CMakeFiles\cmTC_bbae2.dir\src.c.obj
FAILED: CMakeFiles/cmTC_bbae2.dir/src.c.obj 
C:\PROGRA~1\MIB055~1\2022\COMMUN~1\VC\Tools\MSVC\1433~1.316\bin\HostX64\x64\cl.exe  /nologo -DCMAKE_HAVE_LIBC_PTHREAD  /DWIN32 /D_WINDOWS  /Zi /Ob0 /Od /RTC1 -MDd    -D_WINSOCKAPI_= /showIncludes /FoCMakeFiles\cmTC_bbae2.dir\src.c.obj /FdCMakeFiles\cmTC_bbae2.dir\ /FS -c G:\GITHUB\GitHubDesktop\curl\out\build\x64-Debug\CMakeFiles\CMakeTmp\src.c
G:\GITHUB\GitHubDesktop\curl\out\build\x64-Debug\CMakeFiles\CMakeTmp\src.c(1): fatal error C1083: Cannot open include file: 'pthread.h': No such file or directory
ninja: build stopped: subcommand failed.


Source file was:
#include <pthread.h>

static void* test_func(void* data)
{
  return data;
}

int main(void)
{
  pthread_t thread;
  pthread_create(&thread, NULL, test_func, NULL);
  pthread_detach(thread);
  pthread_cancel(thread);
  pthread_join(thread, NULL);
  pthread_atfork(NULL, NULL, NULL);
  pthread_exit(NULL);

  return 0;
}

Determining if the function pthread_create exists in the pthreads failed with the following output:
Change Dir: G:/GITHUB/GitHubDesktop/curl/out/build/x64-Debug/CMakeFiles/CMakeTmp

Run Build Command(s):C:/Program Files/Microsoft Visual Studio/2022/Community/Common7/IDE/CommonExtensions/Microsoft/CMake/Ninja/ninja.exe cmTC_613e5 && [1/2] Building C object CMakeFiles\cmTC_613e5.dir\CheckFunctionExists.c.obj
[2/2] Linking C executable cmTC_613e5.exe
FAILED: cmTC_613e5.exe 
cmd.exe /C "cd . && "C:\Program Files\Microsoft Visual Studio\2022\Community\Common7\IDE\CommonExtensions\Microsoft\CMake\CMake\bin\cmake.exe" -E vs_link_exe --intdir=CMakeFiles\cmTC_613e5.dir --rc=C:\PROGRA~2\WI3CF2~1\10\bin\100226~1.0\x64\rc.exe --mt=C:\PROGRA~2\WI3CF2~1\10\bin\100226~1.0\x64\mt.exe --manifests  -- C:\PROGRA~1\MIB055~1\2022\COMMUN~1\VC\Tools\MSVC\1433~1.316\bin\HostX64\x64\link.exe /nologo CMakeFiles\cmTC_613e5.dir\CheckFunctionExists.c.obj  /out:cmTC_613e5.exe /implib:cmTC_613e5.lib /pdb:cmTC_613e5.pdb /version:0.0 /machine:x64  /debug /INCREMENTAL /subsystem:console  pthreads.lib  kernel32.lib user32.lib gdi32.lib winspool.lib shell32.lib ole32.lib oleaut32.lib uuid.lib comdlg32.lib advapi32.lib && cd ."
LINK Pass 1: command "C:\PROGRA~1\MIB055~1\2022\COMMUN~1\VC\Tools\MSVC\1433~1.316\bin\HostX64\x64\link.exe /nologo CMakeFiles\cmTC_613e5.dir\CheckFunctionExists.c.obj /out:cmTC_613e5.exe /implib:cmTC_613e5.lib /pdb:cmTC_613e5.pdb /version:0.0 /machine:x64 /debug /INCREMENTAL /subsystem:console pthreads.lib kernel32.lib user32.lib gdi32.lib winspool.lib shell32.lib ole32.lib oleaut32.lib uuid.lib comdlg32.lib advapi32.lib /MANIFEST /MANIFESTFILE:CMakeFiles\cmTC_613e5.dir/intermediate.manifest CMakeFiles\cmTC_613e5.dir/manifest.res" failed (exit code 1104) with the following output:
LINK : fatal error LNK1104: cannot open file 'pthreads.lib'
ninja: build stopped: subcommand failed.



Determining if the function pthread_create exists in the pthread failed with the following output:
Change Dir: G:/GITHUB/GitHubDesktop/curl/out/build/x64-Debug/CMakeFiles/CMakeTmp

Run Build Command(s):C:/Program Files/Microsoft Visual Studio/2022/Community/Common7/IDE/CommonExtensions/Microsoft/CMake/Ninja/ninja.exe cmTC_f8cd8 && [1/2] Building C object CMakeFiles\cmTC_f8cd8.dir\CheckFunctionExists.c.obj
[2/2] Linking C executable cmTC_f8cd8.exe
FAILED: cmTC_f8cd8.exe 
cmd.exe /C "cd . && "C:\Program Files\Microsoft Visual Studio\2022\Community\Common7\IDE\CommonExtensions\Microsoft\CMake\CMake\bin\cmake.exe" -E vs_link_exe --intdir=CMakeFiles\cmTC_f8cd8.dir --rc=C:\PROGRA~2\WI3CF2~1\10\bin\100226~1.0\x64\rc.exe --mt=C:\PROGRA~2\WI3CF2~1\10\bin\100226~1.0\x64\mt.exe --manifests  -- C:\PROGRA~1\MIB055~1\2022\COMMUN~1\VC\Tools\MSVC\1433~1.316\bin\HostX64\x64\link.exe /nologo CMakeFiles\cmTC_f8cd8.dir\CheckFunctionExists.c.obj  /out:cmTC_f8cd8.exe /implib:cmTC_f8cd8.lib /pdb:cmTC_f8cd8.pdb /version:0.0 /machine:x64  /debug /INCREMENTAL /subsystem:console  pthread.lib  kernel32.lib user32.lib gdi32.lib winspool.lib shell32.lib ole32.lib oleaut32.lib uuid.lib comdlg32.lib advapi32.lib && cd ."
LINK Pass 1: command "C:\PROGRA~1\MIB055~1\2022\COMMUN~1\VC\Tools\MSVC\1433~1.316\bin\HostX64\x64\link.exe /nologo CMakeFiles\cmTC_f8cd8.dir\CheckFunctionExists.c.obj /out:cmTC_f8cd8.exe /implib:cmTC_f8cd8.lib /pdb:cmTC_f8cd8.pdb /version:0.0 /machine:x64 /debug /INCREMENTAL /subsystem:console pthread.lib kernel32.lib user32.lib gdi32.lib winspool.lib shell32.lib ole32.lib oleaut32.lib uuid.lib comdlg32.lib advapi32.lib /MANIFEST /MANIFESTFILE:CMakeFiles\cmTC_f8cd8.dir/intermediate.manifest CMakeFiles\cmTC_f8cd8.dir/manifest.res" failed (exit code 1104) with the following output:
LINK : fatal error LNK1104: cannot open file 'pthread.lib'
ninja: build stopped: subcommand failed.



Determining if files ;winldap.h exist failed with the following output:
Change Dir: G:/GITHUB/GitHubDesktop/curl/out/build/x64-Debug/CMakeFiles/CMakeTmp

Run Build Command(s):C:/Program Files/Microsoft Visual Studio/2022/Community/Common7/IDE/CommonExtensions/Microsoft/CMake/Ninja/ninja.exe cmTC_65f5f && [1/2] Building C object CMakeFiles\cmTC_65f5f.dir\HAVE_WINLDAP_H.c.obj
FAILED: CMakeFiles/cmTC_65f5f.dir/HAVE_WINLDAP_H.c.obj 
C:\PROGRA~1\MIB055~1\2022\COMMUN~1\VC\Tools\MSVC\1433~1.316\bin\HostX64\x64\cl.exe  /nologo   /DWIN32 /D_WINDOWS  /Zi /Ob0 /Od /RTC1 -MDd    -D_WINSOCKAPI_= /showIncludes /FoCMakeFiles\cmTC_65f5f.dir\HAVE_WINLDAP_H.c.obj /FdCMakeFiles\cmTC_65f5f.dir\ /FS -c G:\GITHUB\GitHubDesktop\curl\out\build\x64-Debug\CMakeFiles\CheckIncludeFiles\HAVE_WINLDAP_H.c
C:\Program Files (x86)\Windows Kits\10\include\10.0.22621.0\um\winnt.h(169): fatal error C1189: #error:  "No Target Architecture"
ninja: build stopped: subcommand failed.


Source:
/* */
#include <winldap.h>


int main(void){return 0;}

Determining if files ;ldap_ssl.h exist failed with the following output:
Change Dir: G:/GITHUB/GitHubDesktop/curl/out/build/x64-Debug/CMakeFiles/CMakeTmp

Run Build Command(s):C:/Program Files/Microsoft Visual Studio/2022/Community/Common7/IDE/CommonExtensions/Microsoft/CMake/Ninja/ninja.exe cmTC_7502a && [1/2] Building C object CMakeFiles\cmTC_7502a.dir\HAVE_LDAP_SSL_H.c.obj
FAILED: CMakeFiles/cmTC_7502a.dir/HAVE_LDAP_SSL_H.c.obj 
C:\PROGRA~1\MIB055~1\2022\COMMUN~1\VC\Tools\MSVC\1433~1.316\bin\HostX64\x64\cl.exe  /nologo   /DWIN32 /D_WINDOWS  /Zi /Ob0 /Od /RTC1 -MDd    -D_WINSOCKAPI_= /showIncludes /FoCMakeFiles\cmTC_7502a.dir\HAVE_LDAP_SSL_H.c.obj /FdCMakeFiles\cmTC_7502a.dir\ /FS -c G:\GITHUB\GitHubDesktop\curl\out\build\x64-Debug\CMakeFiles\CheckIncludeFiles\HAVE_LDAP_SSL_H.c
G:\GITHUB\GitHubDesktop\curl\out\build\x64-Debug\CMakeFiles\CheckIncludeFiles\HAVE_LDAP_SSL_H.c(2): fatal error C1083: Cannot open include file: 'ldap_ssl.h': No such file or directory
ninja: build stopped: subcommand failed.


Source:
/* */
#include <ldap_ssl.h>


int main(void){return 0;}

Determining if the function idn2_lookup_ul exists in the idn2;wldap32;winmm;ws2_32 failed with the following output:
Change Dir: G:/GITHUB/GitHubDesktop/curl/out/build/x64-Debug/CMakeFiles/CMakeTmp

Run Build Command(s):C:/Program Files/Microsoft Visual Studio/2022/Community/Common7/IDE/CommonExtensions/Microsoft/CMake/Ninja/ninja.exe cmTC_f30f2 && [1/2] Building C object CMakeFiles\cmTC_f30f2.dir\CheckFunctionExists.c.obj
[2/2] Linking C executable cmTC_f30f2.exe
FAILED: cmTC_f30f2.exe 
cmd.exe /C "cd . && "C:\Program Files\Microsoft Visual Studio\2022\Community\Common7\IDE\CommonExtensions\Microsoft\CMake\CMake\bin\cmake.exe" -E vs_link_exe --intdir=CMakeFiles\cmTC_f30f2.dir --rc=C:\PROGRA~2\WI3CF2~1\10\bin\100226~1.0\x64\rc.exe --mt=C:\PROGRA~2\WI3CF2~1\10\bin\100226~1.0\x64\mt.exe --manifests  -- C:\PROGRA~1\MIB055~1\2022\COMMUN~1\VC\Tools\MSVC\1433~1.316\bin\HostX64\x64\link.exe /nologo CMakeFiles\cmTC_f30f2.dir\CheckFunctionExists.c.obj  /out:cmTC_f30f2.exe /implib:cmTC_f30f2.lib /pdb:cmTC_f30f2.pdb /version:0.0 /machine:x64  /debug /INCREMENTAL /subsystem:console  idn2.lib  wldap32.lib  winmm.lib  ws2_32.lib  kernel32.lib user32.lib gdi32.lib winspool.lib shell32.lib ole32.lib oleaut32.lib uuid.lib comdlg32.lib advapi32.lib && cd ."
LINK Pass 1: command "C:\PROGRA~1\MIB055~1\2022\COMMUN~1\VC\Tools\MSVC\1433~1.316\bin\HostX64\x64\link.exe /nologo CMakeFiles\cmTC_f30f2.dir\CheckFunctionExists.c.obj /out:cmTC_f30f2.exe /implib:cmTC_f30f2.lib /pdb:cmTC_f30f2.pdb /version:0.0 /machine:x64 /debug /INCREMENTAL /subsystem:console idn2.lib wldap32.lib winmm.lib ws2_32.lib kernel32.lib user32.lib gdi32.lib winspool.lib shell32.lib ole32.lib oleaut32.lib uuid.lib comdlg32.lib advapi32.lib /MANIFEST /MANIFESTFILE:CMakeFiles\cmTC_f30f2.dir/intermediate.manifest CMakeFiles\cmTC_f30f2.dir/manifest.res" failed (exit code 1104) with the following output:
LINK : fatal error LNK1104: cannot open file 'idn2.lib'
ninja: build stopped: subcommand failed.



Determining if files windows.h;ws2tcpip.h;winsock2.h;wincrypt.h;sys/filio.h exist failed with the following output:
Change Dir: G:/GITHUB/GitHubDesktop/curl/out/build/x64-Debug/CMakeFiles/CMakeTmp

Run Build Command(s):C:/Program Files/Microsoft Visual Studio/2022/Community/Common7/IDE/CommonExtensions/Microsoft/CMake/Ninja/ninja.exe cmTC_a0d6c && [1/2] Building C object CMakeFiles\cmTC_a0d6c.dir\HAVE_SYS_FILIO_H.c.obj
FAILED: CMakeFiles/cmTC_a0d6c.dir/HAVE_SYS_FILIO_H.c.obj 
C:\PROGRA~1\MIB055~1\2022\COMMUN~1\VC\Tools\MSVC\1433~1.316\bin\HostX64\x64\cl.exe  /nologo   /DWIN32 /D_WINDOWS  /Zi /Ob0 /Od /RTC1 -MDd    -D_WINSOCKAPI_= /showIncludes /FoCMakeFiles\cmTC_a0d6c.dir\HAVE_SYS_FILIO_H.c.obj /FdCMakeFiles\cmTC_a0d6c.dir\ /FS -c G:\GITHUB\GitHubDesktop\curl\out\build\x64-Debug\CMakeFiles\CheckIncludeFiles\HAVE_SYS_FILIO_H.c
G:\GITHUB\GitHubDesktop\curl\out\build\x64-Debug\CMakeFiles\CheckIncludeFiles\HAVE_SYS_FILIO_H.c(6): fatal error C1083: Cannot open include file: 'sys/filio.h': No such file or directory
ninja: build stopped: subcommand failed.


Source:
/* */
#include <windows.h>
#include <ws2tcpip.h>
#include <winsock2.h>
#include <wincrypt.h>
#include <sys/filio.h>


int main(void){return 0;}

Determining if files windows.h;ws2tcpip.h;winsock2.h;wincrypt.h;sys/ioctl.h exist failed with the following output:
Change Dir: G:/GITHUB/GitHubDesktop/curl/out/build/x64-Debug/CMakeFiles/CMakeTmp

Run Build Command(s):C:/Program Files/Microsoft Visual Studio/2022/Community/Common7/IDE/CommonExtensions/Microsoft/CMake/Ninja/ninja.exe cmTC_ca3e2 && [1/2] Building C object CMakeFiles\cmTC_ca3e2.dir\HAVE_SYS_IOCTL_H.c.obj
FAILED: CMakeFiles/cmTC_ca3e2.dir/HAVE_SYS_IOCTL_H.c.obj 
C:\PROGRA~1\MIB055~1\2022\COMMUN~1\VC\Tools\MSVC\1433~1.316\bin\HostX64\x64\cl.exe  /nologo   /DWIN32 /D_WINDOWS  /Zi /Ob0 /Od /RTC1 -MDd    -D_WINSOCKAPI_= /showIncludes /FoCMakeFiles\cmTC_ca3e2.dir\HAVE_SYS_IOCTL_H.c.obj /FdCMakeFiles\cmTC_ca3e2.dir\ /FS -c G:\GITHUB\GitHubDesktop\curl\out\build\x64-Debug\CMakeFiles\CheckIncludeFiles\HAVE_SYS_IOCTL_H.c
G:\GITHUB\GitHubDesktop\curl\out\build\x64-Debug\CMakeFiles\CheckIncludeFiles\HAVE_SYS_IOCTL_H.c(6): fatal error C1083: Cannot open include file: 'sys/ioctl.h': No such file or directory
ninja: build stopped: subcommand failed.


Source:
/* */
#include <windows.h>
#include <ws2tcpip.h>
#include <winsock2.h>
#include <wincrypt.h>
#include <sys/ioctl.h>


int main(void){return 0;}

Determining if files windows.h;ws2tcpip.h;winsock2.h;wincrypt.h;sys/resource.h exist failed with the following output:
Change Dir: G:/GITHUB/GitHubDesktop/curl/out/build/x64-Debug/CMakeFiles/CMakeTmp

Run Build Command(s):C:/Program Files/Microsoft Visual Studio/2022/Community/Common7/IDE/CommonExtensions/Microsoft/CMake/Ninja/ninja.exe cmTC_6e7d5 && [1/2] Building C object CMakeFiles\cmTC_6e7d5.dir\HAVE_SYS_RESOURCE_H.c.obj
FAILED: CMakeFiles/cmTC_6e7d5.dir/HAVE_SYS_RESOURCE_H.c.obj 
C:\PROGRA~1\MIB055~1\2022\COMMUN~1\VC\Tools\MSVC\1433~1.316\bin\HostX64\x64\cl.exe  /nologo   /DWIN32 /D_WINDOWS  /Zi /Ob0 /Od /RTC1 -MDd    -D_WINSOCKAPI_= /showIncludes /FoCMakeFiles\cmTC_6e7d5.dir\HAVE_SYS_RESOURCE_H.c.obj /FdCMakeFiles\cmTC_6e7d5.dir\ /FS -c G:\GITHUB\GitHubDesktop\curl\out\build\x64-Debug\CMakeFiles\CheckIncludeFiles\HAVE_SYS_RESOURCE_H.c
G:\GITHUB\GitHubDesktop\curl\out\build\x64-Debug\CMakeFiles\CheckIncludeFiles\HAVE_SYS_RESOURCE_H.c(6): fatal error C1083: Cannot open include file: 'sys/resource.h': No such file or directory
ninja: build stopped: subcommand failed.


Source:
/* */
#include <windows.h>
#include <ws2tcpip.h>
#include <winsock2.h>
#include <wincrypt.h>
#include <sys/resource.h>


int main(void){return 0;}

Determining if files windows.h;ws2tcpip.h;winsock2.h;wincrypt.h;sys/stat.h;sys/types.h;sys/un.h exist failed with the following output:
Change Dir: G:/GITHUB/GitHubDesktop/curl/out/build/x64-Debug/CMakeFiles/CMakeTmp

Run Build Command(s):C:/Program Files/Microsoft Visual Studio/2022/Community/Common7/IDE/CommonExtensions/Microsoft/CMake/Ninja/ninja.exe cmTC_49b87 && [1/2] Building C object CMakeFiles\cmTC_49b87.dir\HAVE_SYS_UN_H.c.obj
FAILED: CMakeFiles/cmTC_49b87.dir/HAVE_SYS_UN_H.c.obj 
C:\PROGRA~1\MIB055~1\2022\COMMUN~1\VC\Tools\MSVC\1433~1.316\bin\HostX64\x64\cl.exe  /nologo   /DWIN32 /D_WINDOWS  /Zi /Ob0 /Od /RTC1 -MDd    -D_WINSOCKAPI_= /showIncludes /FoCMakeFiles\cmTC_49b87.dir\HAVE_SYS_UN_H.c.obj /FdCMakeFiles\cmTC_49b87.dir\ /FS -c G:\GITHUB\GitHubDesktop\curl\out\build\x64-Debug\CMakeFiles\CheckIncludeFiles\HAVE_SYS_UN_H.c
G:\GITHUB\GitHubDesktop\curl\out\build\x64-Debug\CMakeFiles\CheckIncludeFiles\HAVE_SYS_UN_H.c(8): fatal error C1083: Cannot open include file: 'sys/un.h': No such file or directory
ninja: build stopped: subcommand failed.


Source:
/* */
#include <windows.h>
#include <ws2tcpip.h>
#include <winsock2.h>
#include <wincrypt.h>
#include <sys/stat.h>
#include <sys/types.h>
#include <sys/un.h>


int main(void){return 0;}

Determining if files windows.h;ws2tcpip.h;winsock2.h;wincrypt.h;sys/stat.h;sys/types.h;sys/utime.h;sys/xattr.h exist failed with the following output:
Change Dir: G:/GITHUB/GitHubDesktop/curl/out/build/x64-Debug/CMakeFiles/CMakeTmp

Run Build Command(s):C:/Program Files/Microsoft Visual Studio/2022/Community/Common7/IDE/CommonExtensions/Microsoft/CMake/Ninja/ninja.exe cmTC_25b59 && [1/2] Building C object CMakeFiles\cmTC_25b59.dir\HAVE_SYS_XATTR_H.c.obj
FAILED: CMakeFiles/cmTC_25b59.dir/HAVE_SYS_XATTR_H.c.obj 
C:\PROGRA~1\MIB055~1\2022\COMMUN~1\VC\Tools\MSVC\1433~1.316\bin\HostX64\x64\cl.exe  /nologo   /DWIN32 /D_WINDOWS  /Zi /Ob0 /Od /RTC1 -MDd    -D_WINSOCKAPI_= /showIncludes /FoCMakeFiles\cmTC_25b59.dir\HAVE_SYS_XATTR_H.c.obj /FdCMakeFiles\cmTC_25b59.dir\ /FS -c G:\GITHUB\GitHubDesktop\curl\out\build\x64-Debug\CMakeFiles\CheckIncludeFiles\HAVE_SYS_XATTR_H.c
G:\GITHUB\GitHubDesktop\curl\out\build\x64-Debug\CMakeFiles\CheckIncludeFiles\HAVE_SYS_XATTR_H.c(9): fatal error C1083: Cannot open include file: 'sys/xattr.h': No such file or directory
ninja: build stopped: subcommand failed.


Source:
/* */
#include <windows.h>
#include <ws2tcpip.h>
#include <winsock2.h>
#include <wincrypt.h>
#include <sys/stat.h>
#include <sys/types.h>
#include <sys/utime.h>
#include <sys/xattr.h>


int main(void){return 0;}

Determining if files windows.h;ws2tcpip.h;winsock2.h;wincrypt.h;sys/stat.h;sys/types.h;sys/utime.h;arpa/tftp.h exist failed with the following output:
Change Dir: G:/GITHUB/GitHubDesktop/curl/out/build/x64-Debug/CMakeFiles/CMakeTmp

Run Build Command(s):C:/Program Files/Microsoft Visual Studio/2022/Community/Common7/IDE/CommonExtensions/Microsoft/CMake/Ninja/ninja.exe cmTC_f7e53 && [1/2] Building C object CMakeFiles\cmTC_f7e53.dir\HAVE_ARPA_TFTP_H.c.obj
FAILED: CMakeFiles/cmTC_f7e53.dir/HAVE_ARPA_TFTP_H.c.obj 
C:\PROGRA~1\MIB055~1\2022\COMMUN~1\VC\Tools\MSVC\1433~1.316\bin\HostX64\x64\cl.exe  /nologo   /DWIN32 /D_WINDOWS  /Zi /Ob0 /Od /RTC1 -MDd    -D_WINSOCKAPI_= /showIncludes /FoCMakeFiles\cmTC_f7e53.dir\HAVE_ARPA_TFTP_H.c.obj /FdCMakeFiles\cmTC_f7e53.dir\ /FS -c G:\GITHUB\GitHubDesktop\curl\out\build\x64-Debug\CMakeFiles\CheckIncludeFiles\HAVE_ARPA_TFTP_H.c
G:\GITHUB\GitHubDesktop\curl\out\build\x64-Debug\CMakeFiles\CheckIncludeFiles\HAVE_ARPA_TFTP_H.c(9): fatal error C1083: Cannot open include file: 'arpa/tftp.h': No such file or directory
ninja: build stopped: subcommand failed.


Source:
/* */
#include <windows.h>
#include <ws2tcpip.h>
#include <winsock2.h>
#include <wincrypt.h>
#include <sys/stat.h>
#include <sys/types.h>
#include <sys/utime.h>
#include <arpa/tftp.h>


int main(void){return 0;}

Determining if files windows.h;ws2tcpip.h;winsock2.h;wincrypt.h;sys/stat.h;sys/types.h;sys/utime.h;assert.h;errno.h;fcntl.h;idn2.h exist failed with the following output:
Change Dir: G:/GITHUB/GitHubDesktop/curl/out/build/x64-Debug/CMakeFiles/CMakeTmp

Run Build Command(s):C:/Program Files/Microsoft Visual Studio/2022/Community/Common7/IDE/CommonExtensions/Microsoft/CMake/Ninja/ninja.exe cmTC_8d266 && [1/2] Building C object CMakeFiles\cmTC_8d266.dir\HAVE_IDN2_H.c.obj
FAILED: CMakeFiles/cmTC_8d266.dir/HAVE_IDN2_H.c.obj 
C:\PROGRA~1\MIB055~1\2022\COMMUN~1\VC\Tools\MSVC\1433~1.316\bin\HostX64\x64\cl.exe  /nologo   /DWIN32 /D_WINDOWS  /Zi /Ob0 /Od /RTC1 -MDd    -D_WINSOCKAPI_= /showIncludes /FoCMakeFiles\cmTC_8d266.dir\HAVE_IDN2_H.c.obj /FdCMakeFiles\cmTC_8d266.dir\ /FS -c G:\GITHUB\GitHubDesktop\curl\out\build\x64-Debug\CMakeFiles\CheckIncludeFiles\HAVE_IDN2_H.c
G:\GITHUB\GitHubDesktop\curl\out\build\x64-Debug\CMakeFiles\CheckIncludeFiles\HAVE_IDN2_H.c(12): fatal error C1083: Cannot open include file: 'idn2.h': No such file or directory
ninja: build stopped: subcommand failed.


Source:
/* */
#include <windows.h>
#include <ws2tcpip.h>
#include <winsock2.h>
#include <wincrypt.h>
#include <sys/stat.h>
#include <sys/types.h>
#include <sys/utime.h>
#include <assert.h>
#include <errno.h>
#include <fcntl.h>
#include <idn2.h>


int main(void){return 0;}

Determining if files windows.h;ws2tcpip.h;winsock2.h;wincrypt.h;sys/stat.h;sys/types.h;sys/utime.h;assert.h;errno.h;fcntl.h;ifaddrs.h exist failed with the following output:
Change Dir: G:/GITHUB/GitHubDesktop/curl/out/build/x64-Debug/CMakeFiles/CMakeTmp

Run Build Command(s):C:/Program Files/Microsoft Visual Studio/2022/Community/Common7/IDE/CommonExtensions/Microsoft/CMake/Ninja/ninja.exe cmTC_32ad1 && [1/2] Building C object CMakeFiles\cmTC_32ad1.dir\HAVE_IFADDRS_H.c.obj
FAILED: CMakeFiles/cmTC_32ad1.dir/HAVE_IFADDRS_H.c.obj 
C:\PROGRA~1\MIB055~1\2022\COMMUN~1\VC\Tools\MSVC\1433~1.316\bin\HostX64\x64\cl.exe  /nologo   /DWIN32 /D_WINDOWS  /Zi /Ob0 /Od /RTC1 -MDd    -D_WINSOCKAPI_= /showIncludes /FoCMakeFiles\cmTC_32ad1.dir\HAVE_IFADDRS_H.c.obj /FdCMakeFiles\cmTC_32ad1.dir\ /FS -c G:\GITHUB\GitHubDesktop\curl\out\build\x64-Debug\CMakeFiles\CheckIncludeFiles\HAVE_IFADDRS_H.c
G:\GITHUB\GitHubDesktop\curl\out\build\x64-Debug\CMakeFiles\CheckIncludeFiles\HAVE_IFADDRS_H.c(12): fatal error C1083: Cannot open include file: 'ifaddrs.h': No such file or directory
ninja: build stopped: subcommand failed.


Source:
/* */
#include <windows.h>
#include <ws2tcpip.h>
#include <winsock2.h>
#include <wincrypt.h>
#include <sys/stat.h>
#include <sys/types.h>
#include <sys/utime.h>
#include <assert.h>
#include <errno.h>
#include <fcntl.h>
#include <ifaddrs.h>


int main(void){return 0;}

Determining if files windows.h;ws2tcpip.h;winsock2.h;wincrypt.h;sys/stat.h;sys/types.h;sys/utime.h;assert.h;errno.h;fcntl.h;io.h;libgen.h exist failed with the following output:
Change Dir: G:/GITHUB/GitHubDesktop/curl/out/build/x64-Debug/CMakeFiles/CMakeTmp

Run Build Command(s):C:/Program Files/Microsoft Visual Studio/2022/Community/Common7/IDE/CommonExtensions/Microsoft/CMake/Ninja/ninja.exe cmTC_08a69 && [1/2] Building C object CMakeFiles\cmTC_08a69.dir\HAVE_LIBGEN_H.c.obj
FAILED: CMakeFiles/cmTC_08a69.dir/HAVE_LIBGEN_H.c.obj 
C:\PROGRA~1\MIB055~1\2022\COMMUN~1\VC\Tools\MSVC\1433~1.316\bin\HostX64\x64\cl.exe  /nologo   /DWIN32 /D_WINDOWS  /Zi /Ob0 /Od /RTC1 -MDd    -D_WINSOCKAPI_= /showIncludes /FoCMakeFiles\cmTC_08a69.dir\HAVE_LIBGEN_H.c.obj /FdCMakeFiles\cmTC_08a69.dir\ /FS -c G:\GITHUB\GitHubDesktop\curl\out\build\x64-Debug\CMakeFiles\CheckIncludeFiles\HAVE_LIBGEN_H.c
G:\GITHUB\GitHubDesktop\curl\out\build\x64-Debug\CMakeFiles\CheckIncludeFiles\HAVE_LIBGEN_H.c(13): fatal error C1083: Cannot open include file: 'libgen.h': No such file or directory
ninja: build stopped: subcommand failed.


Source:
/* */
#include <windows.h>
#include <ws2tcpip.h>
#include <winsock2.h>
#include <wincrypt.h>
#include <sys/stat.h>
#include <sys/types.h>
#include <sys/utime.h>
#include <assert.h>
#include <errno.h>
#include <fcntl.h>
#include <io.h>
#include <libgen.h>


int main(void){return 0;}

Determining if files windows.h;ws2tcpip.h;winsock2.h;wincrypt.h;sys/stat.h;sys/types.h;sys/utime.h;assert.h;errno.h;fcntl.h;io.h;locale.h;netinet/tcp.h exist failed with the following output:
Change Dir: G:/GITHUB/GitHubDesktop/curl/out/build/x64-Debug/CMakeFiles/CMakeTmp

Run Build Command(s):C:/Program Files/Microsoft Visual Studio/2022/Community/Common7/IDE/CommonExtensions/Microsoft/CMake/Ninja/ninja.exe cmTC_51fca && [1/2] Building C object CMakeFiles\cmTC_51fca.dir\HAVE_NETINET_TCP_H.c.obj
FAILED: CMakeFiles/cmTC_51fca.dir/HAVE_NETINET_TCP_H.c.obj 
C:\PROGRA~1\MIB055~1\2022\COMMUN~1\VC\Tools\MSVC\1433~1.316\bin\HostX64\x64\cl.exe  /nologo   /DWIN32 /D_WINDOWS  /Zi /Ob0 /Od /RTC1 -MDd    -D_WINSOCKAPI_= /showIncludes /FoCMakeFiles\cmTC_51fca.dir\HAVE_NETINET_TCP_H.c.obj /FdCMakeFiles\cmTC_51fca.dir\ /FS -c G:\GITHUB\GitHubDesktop\curl\out\build\x64-Debug\CMakeFiles\CheckIncludeFiles\HAVE_NETINET_TCP_H.c
G:\GITHUB\GitHubDesktop\curl\out\build\x64-Debug\CMakeFiles\CheckIncludeFiles\HAVE_NETINET_TCP_H.c(14): fatal error C1083: Cannot open include file: 'netinet/tcp.h': No such file or directory
ninja: build stopped: subcommand failed.


Source:
/* */
#include <windows.h>
#include <ws2tcpip.h>
#include <winsock2.h>
#include <wincrypt.h>
#include <sys/stat.h>
#include <sys/types.h>
#include <sys/utime.h>
#include <assert.h>
#include <errno.h>
#include <fcntl.h>
#include <io.h>
#include <locale.h>
#include <netinet/tcp.h>


int main(void){return 0;}

Determining if the include file linux/tcp.h exists failed with the following output:
Change Dir: G:/GITHUB/GitHubDesktop/curl/out/build/x64-Debug/CMakeFiles/CMakeTmp

Run Build Command(s):C:/Program Files/Microsoft Visual Studio/2022/Community/Common7/IDE/CommonExtensions/Microsoft/CMake/Ninja/ninja.exe cmTC_f6e9a && [1/2] Building C object CMakeFiles\cmTC_f6e9a.dir\CheckIncludeFile.c.obj
FAILED: CMakeFiles/cmTC_f6e9a.dir/CheckIncludeFile.c.obj 
C:\PROGRA~1\MIB055~1\2022\COMMUN~1\VC\Tools\MSVC\1433~1.316\bin\HostX64\x64\cl.exe  /nologo   /DWIN32 /D_WINDOWS  /Zi /Ob0 /Od /RTC1 -MDd    -D_WINSOCKAPI_= /showIncludes /FoCMakeFiles\cmTC_f6e9a.dir\CheckIncludeFile.c.obj /FdCMakeFiles\cmTC_f6e9a.dir\ /FS -c G:\GITHUB\GitHubDesktop\curl\out\build\x64-Debug\CMakeFiles\CMakeTmp\CheckIncludeFile.c
G:\GITHUB\GitHubDesktop\curl\out\build\x64-Debug\CMakeFiles\CMakeTmp\CheckIncludeFile.c(1): fatal error C1083: Cannot open include file: 'linux/tcp.h': No such file or directory
ninja: build stopped: subcommand failed.



Determining if files windows.h;ws2tcpip.h;winsock2.h;wincrypt.h;sys/stat.h;sys/types.h;sys/utime.h;assert.h;errno.h;fcntl.h;io.h;locale.h;poll.h exist failed with the following output:
Change Dir: G:/GITHUB/GitHubDesktop/curl/out/build/x64-Debug/CMakeFiles/CMakeTmp

Run Build Command(s):C:/Program Files/Microsoft Visual Studio/2022/Community/Common7/IDE/CommonExtensions/Microsoft/CMake/Ninja/ninja.exe cmTC_32104 && [1/2] Building C object CMakeFiles\cmTC_32104.dir\HAVE_POLL_H.c.obj
FAILED: CMakeFiles/cmTC_32104.dir/HAVE_POLL_H.c.obj 
C:\PROGRA~1\MIB055~1\2022\COMMUN~1\VC\Tools\MSVC\1433~1.316\bin\HostX64\x64\cl.exe  /nologo   /DWIN32 /D_WINDOWS  /Zi /Ob0 /Od /RTC1 -MDd    -D_WINSOCKAPI_= /showIncludes /FoCMakeFiles\cmTC_32104.dir\HAVE_POLL_H.c.obj /FdCMakeFiles\cmTC_32104.dir\ /FS -c G:\GITHUB\GitHubDesktop\curl\out\build\x64-Debug\CMakeFiles\CheckIncludeFiles\HAVE_POLL_H.c
G:\GITHUB\GitHubDesktop\curl\out\build\x64-Debug\CMakeFiles\CheckIncludeFiles\HAVE_POLL_H.c(14): fatal error C1083: Cannot open include file: 'poll.h': No such file or directory
ninja: build stopped: subcommand failed.


Source:
/* */
#include <windows.h>
#include <ws2tcpip.h>
#include <winsock2.h>
#include <wincrypt.h>
#include <sys/stat.h>
#include <sys/types.h>
#include <sys/utime.h>
#include <assert.h>
#include <errno.h>
#include <fcntl.h>
#include <io.h>
#include <locale.h>
#include <poll.h>


int main(void){return 0;}

Determining if files windows.h;ws2tcpip.h;winsock2.h;wincrypt.h;sys/stat.h;sys/types.h;sys/utime.h;assert.h;errno.h;fcntl.h;io.h;locale.h;setjmp.h;signal.h;ssl.h exist failed with the following output:
Change Dir: G:/GITHUB/GitHubDesktop/curl/out/build/x64-Debug/CMakeFiles/CMakeTmp

Run Build Command(s):C:/Program Files/Microsoft Visual Studio/2022/Community/Common7/IDE/CommonExtensions/Microsoft/CMake/Ninja/ninja.exe cmTC_acc64 && [1/2] Building C object CMakeFiles\cmTC_acc64.dir\HAVE_SSL_H.c.obj
FAILED: CMakeFiles/cmTC_acc64.dir/HAVE_SSL_H.c.obj 
C:\PROGRA~1\MIB055~1\2022\COMMUN~1\VC\Tools\MSVC\1433~1.316\bin\HostX64\x64\cl.exe  /nologo   /DWIN32 /D_WINDOWS  /Zi /Ob0 /Od /RTC1 -MDd    -D_WINSOCKAPI_= /showIncludes /FoCMakeFiles\cmTC_acc64.dir\HAVE_SSL_H.c.obj /FdCMakeFiles\cmTC_acc64.dir\ /FS -c G:\GITHUB\GitHubDesktop\curl\out\build\x64-Debug\CMakeFiles\CheckIncludeFiles\HAVE_SSL_H.c
G:\GITHUB\GitHubDesktop\curl\out\build\x64-Debug\CMakeFiles\CheckIncludeFiles\HAVE_SSL_H.c(16): fatal error C1083: Cannot open include file: 'ssl.h': No such file or directory
ninja: build stopped: subcommand failed.


Source:
/* */
#include <windows.h>
#include <ws2tcpip.h>
#include <winsock2.h>
#include <wincrypt.h>
#include <sys/stat.h>
#include <sys/types.h>
#include <sys/utime.h>
#include <assert.h>
#include <errno.h>
#include <fcntl.h>
#include <io.h>
#include <locale.h>
#include <setjmp.h>
#include <signal.h>
#include <ssl.h>


int main(void){return 0;}

Determining if files windows.h;ws2tcpip.h;winsock2.h;wincrypt.h;sys/stat.h;sys/types.h;sys/utime.h;assert.h;errno.h;fcntl.h;io.h;locale.h;setjmp.h;signal.h;stdatomic.h exist failed with the following output:
Change Dir: G:/GITHUB/GitHubDesktop/curl/out/build/x64-Debug/CMakeFiles/CMakeTmp

Run Build Command(s):C:/Program Files/Microsoft Visual Studio/2022/Community/Common7/IDE/CommonExtensions/Microsoft/CMake/Ninja/ninja.exe cmTC_d79fb && [1/2] Building C object CMakeFiles\cmTC_d79fb.dir\HAVE_STDATOMIC_H.c.obj
FAILED: CMakeFiles/cmTC_d79fb.dir/HAVE_STDATOMIC_H.c.obj 
C:\PROGRA~1\MIB055~1\2022\COMMUN~1\VC\Tools\MSVC\1433~1.316\bin\HostX64\x64\cl.exe  /nologo   /DWIN32 /D_WINDOWS  /Zi /Ob0 /Od /RTC1 -MDd    -D_WINSOCKAPI_= /showIncludes /FoCMakeFiles\cmTC_d79fb.dir\HAVE_STDATOMIC_H.c.obj /FdCMakeFiles\cmTC_d79fb.dir\ /FS -c G:\GITHUB\GitHubDesktop\curl\out\build\x64-Debug\CMakeFiles\CheckIncludeFiles\HAVE_STDATOMIC_H.c
C:\Program Files\Microsoft Visual Studio\2022\Community\VC\Tools\MSVC\14.33.31629\include\stdatomic.h(15): fatal error C1189: #error:  <stdatomic.h> is not yet supported when compiling as C, but this is planned for a future release.
ninja: build stopped: subcommand failed.


Source:
/* */
#include <windows.h>
#include <ws2tcpip.h>
#include <winsock2.h>
#include <wincrypt.h>
#include <sys/stat.h>
#include <sys/types.h>
#include <sys/utime.h>
#include <assert.h>
#include <errno.h>
#include <fcntl.h>
#include <io.h>
#include <locale.h>
#include <setjmp.h>
#include <signal.h>
#include <stdatomic.h>


int main(void){return 0;}

Determining if files windows.h;ws2tcpip.h;winsock2.h;wincrypt.h;sys/stat.h;sys/types.h;sys/utime.h;assert.h;errno.h;fcntl.h;io.h;locale.h;setjmp.h;signal.h;stdbool.h;stdlib.h;string.h;stropts.h exist failed with the following output:
Change Dir: G:/GITHUB/GitHubDesktop/curl/out/build/x64-Debug/CMakeFiles/CMakeTmp

Run Build Command(s):C:/Program Files/Microsoft Visual Studio/2022/Community/Common7/IDE/CommonExtensions/Microsoft/CMake/Ninja/ninja.exe cmTC_7da9b && [1/2] Building C object CMakeFiles\cmTC_7da9b.dir\HAVE_STROPTS_H.c.obj
FAILED: CMakeFiles/cmTC_7da9b.dir/HAVE_STROPTS_H.c.obj 
C:\PROGRA~1\MIB055~1\2022\COMMUN~1\VC\Tools\MSVC\1433~1.316\bin\HostX64\x64\cl.exe  /nologo   /DWIN32 /D_WINDOWS  /Zi /Ob0 /Od /RTC1 -MDd    -D_WINSOCKAPI_= /showIncludes /FoCMakeFiles\cmTC_7da9b.dir\HAVE_STROPTS_H.c.obj /FdCMakeFiles\cmTC_7da9b.dir\ /FS -c G:\GITHUB\GitHubDesktop\curl\out\build\x64-Debug\CMakeFiles\CheckIncludeFiles\HAVE_STROPTS_H.c
G:\GITHUB\GitHubDesktop\curl\out\build\x64-Debug\CMakeFiles\CheckIncludeFiles\HAVE_STROPTS_H.c(19): fatal error C1083: Cannot open include file: 'stropts.h': No such file or directory
ninja: build stopped: subcommand failed.


Source:
/* */
#include <windows.h>
#include <ws2tcpip.h>
#include <winsock2.h>
#include <wincrypt.h>
#include <sys/stat.h>
#include <sys/types.h>
#include <sys/utime.h>
#include <assert.h>
#include <errno.h>
#include <fcntl.h>
#include <io.h>
#include <locale.h>
#include <setjmp.h>
#include <signal.h>
#include <stdbool.h>
#include <stdlib.h>
#include <string.h>
#include <stropts.h>


int main(void){return 0;}

Determining if files windows.h;ws2tcpip.h;winsock2.h;wincrypt.h;sys/stat.h;sys/types.h;sys/utime.h;assert.h;errno.h;fcntl.h;io.h;locale.h;setjmp.h;signal.h;stdbool.h;stdlib.h;string.h;time.h;unistd.h exist failed with the following output:
Change Dir: G:/GITHUB/GitHubDesktop/curl/out/build/x64-Debug/CMakeFiles/CMakeTmp

Run Build Command(s):C:/Program Files/Microsoft Visual Studio/2022/Community/Common7/IDE/CommonExtensions/Microsoft/CMake/Ninja/ninja.exe cmTC_01df1 && [1/2] Building C object CMakeFiles\cmTC_01df1.dir\HAVE_UNISTD_H.c.obj
FAILED: CMakeFiles/cmTC_01df1.dir/HAVE_UNISTD_H.c.obj 
C:\PROGRA~1\MIB055~1\2022\COMMUN~1\VC\Tools\MSVC\1433~1.316\bin\HostX64\x64\cl.exe  /nologo   /DWIN32 /D_WINDOWS  /Zi /Ob0 /Od /RTC1 -MDd    -D_WINSOCKAPI_= /showIncludes /FoCMakeFiles\cmTC_01df1.dir\HAVE_UNISTD_H.c.obj /FdCMakeFiles\cmTC_01df1.dir\ /FS -c G:\GITHUB\GitHubDesktop\curl\out\build\x64-Debug\CMakeFiles\CheckIncludeFiles\HAVE_UNISTD_H.c
G:\GITHUB\GitHubDesktop\curl\out\build\x64-Debug\CMakeFiles\CheckIncludeFiles\HAVE_UNISTD_H.c(20): fatal error C1083: Cannot open include file: 'unistd.h': No such file or directory
ninja: build stopped: subcommand failed.


Source:
/* */
#include <windows.h>
#include <ws2tcpip.h>
#include <winsock2.h>
#include <wincrypt.h>
#include <sys/stat.h>
#include <sys/types.h>
#include <sys/utime.h>
#include <assert.h>
#include <errno.h>
#include <fcntl.h>
#include <io.h>
#include <locale.h>
#include <setjmp.h>
#include <signal.h>
#include <stdbool.h>
#include <stdlib.h>
#include <string.h>
#include <time.h>
#include <unistd.h>


int main(void){return 0;}

Determining if files windows.h;ws2tcpip.h;winsock2.h;wincrypt.h;sys/stat.h;sys/types.h;sys/utime.h;assert.h;errno.h;fcntl.h;io.h;locale.h;setjmp.h;signal.h;stdbool.h;stdlib.h;string.h;time.h;stddef.h;sys/utsname.h exist failed with the following output:
Change Dir: G:/GITHUB/GitHubDesktop/curl/out/build/x64-Debug/CMakeFiles/CMakeTmp

Run Build Command(s):C:/Program Files/Microsoft Visual Studio/2022/Community/Common7/IDE/CommonExtensions/Microsoft/CMake/Ninja/ninja.exe cmTC_6b51b && [1/2] Building C object CMakeFiles\cmTC_6b51b.dir\HAVE_SYS_UTSNAME_H.c.obj
FAILED: CMakeFiles/cmTC_6b51b.dir/HAVE_SYS_UTSNAME_H.c.obj 
C:\PROGRA~1\MIB055~1\2022\COMMUN~1\VC\Tools\MSVC\1433~1.316\bin\HostX64\x64\cl.exe  /nologo   /DWIN32 /D_WINDOWS  /Zi /Ob0 /Od /RTC1 -MDd    -D_WINSOCKAPI_= /showIncludes /FoCMakeFiles\cmTC_6b51b.dir\HAVE_SYS_UTSNAME_H.c.obj /FdCMakeFiles\cmTC_6b51b.dir\ /FS -c G:\GITHUB\GitHubDesktop\curl\out\build\x64-Debug\CMakeFiles\CheckIncludeFiles\HAVE_SYS_UTSNAME_H.c
G:\GITHUB\GitHubDesktop\curl\out\build\x64-Debug\CMakeFiles\CheckIncludeFiles\HAVE_SYS_UTSNAME_H.c(21): fatal error C1083: Cannot open include file: 'sys/utsname.h': No such file or directory
ninja: build stopped: subcommand failed.


Source:
/* */
#include <windows.h>
#include <ws2tcpip.h>
#include <winsock2.h>
#include <wincrypt.h>
#include <sys/stat.h>
#include <sys/types.h>
#include <sys/utime.h>
#include <assert.h>
#include <errno.h>
#include <fcntl.h>
#include <io.h>
#include <locale.h>
#include <setjmp.h>
#include <signal.h>
#include <stdbool.h>
#include <stdlib.h>
#include <string.h>
#include <time.h>
#include <stddef.h>
#include <sys/utsname.h>


int main(void){return 0;}

Determining size of ssize_t failed with the following output:
Change Dir: G:/GITHUB/GitHubDesktop/curl/out/build/x64-Debug/CMakeFiles/CMakeTmp

Run Build Command(s):C:/Program Files/Microsoft Visual Studio/2022/Community/Common7/IDE/CommonExtensions/Microsoft/CMake/Ninja/ninja.exe cmTC_34524 && [1/2] Building C object CMakeFiles\cmTC_34524.dir\SIZEOF_SSIZE_T.c.obj
FAILED: CMakeFiles/cmTC_34524.dir/SIZEOF_SSIZE_T.c.obj 
C:\PROGRA~1\MIB055~1\2022\COMMUN~1\VC\Tools\MSVC\1433~1.316\bin\HostX64\x64\cl.exe  /nologo   /DWIN32 /D_WINDOWS  /Zi /Ob0 /Od /RTC1 -MDd    -D_WINSOCKAPI_= /showIncludes /FoCMakeFiles\cmTC_34524.dir\SIZEOF_SSIZE_T.c.obj /FdCMakeFiles\cmTC_34524.dir\ /FS -c G:\GITHUB\GitHubDesktop\curl\out\build\x64-Debug\CMakeFiles\CheckTypeSize\SIZEOF_SSIZE_T.c
G:\GITHUB\GitHubDesktop\curl\out\build\x64-Debug\CMakeFiles\CheckTypeSize\SIZEOF_SSIZE_T.c(28): error C2065: 'ssize_t': undeclared identifier
G:\GITHUB\GitHubDesktop\curl\out\build\x64-Debug\CMakeFiles\CheckTypeSize\SIZEOF_SSIZE_T.c(29): error C2065: 'ssize_t': undeclared identifier
G:\GITHUB\GitHubDesktop\curl\out\build\x64-Debug\CMakeFiles\CheckTypeSize\SIZEOF_SSIZE_T.c(30): error C2065: 'ssize_t': undeclared identifier
G:\GITHUB\GitHubDesktop\curl\out\build\x64-Debug\CMakeFiles\CheckTypeSize\SIZEOF_SSIZE_T.c(31): error C2065: 'ssize_t': undeclared identifier
G:\GITHUB\GitHubDesktop\curl\out\build\x64-Debug\CMakeFiles\CheckTypeSize\SIZEOF_SSIZE_T.c(32): error C2065: 'ssize_t': undeclared identifier
ninja: build stopped: subcommand failed.


G:/GITHUB/GitHubDesktop/curl/out/build/x64-Debug/CMakeFiles/CheckTypeSize/SIZEOF_SSIZE_T.c:
#include <sys/types.h>
#include <stddef.h>


#undef KEY
#if defined(__i386)
# define KEY '_','_','i','3','8','6'
#elif defined(__x86_64)
# define KEY '_','_','x','8','6','_','6','4'
#elif defined(__PPC64__)
# define KEY '_','_','P','P','C','6','4','_','_'
#elif defined(__ppc64__)
# define KEY '_','_','p','p','c','6','4','_','_'
#elif defined(__PPC__)
# define KEY '_','_','P','P','C','_','_'
#elif defined(__ppc__)
# define KEY '_','_','p','p','c','_','_'
#elif defined(__aarch64__)
# define KEY '_','_','a','a','r','c','h','6','4','_','_'
#elif defined(__ARM_ARCH_7A__)
# define KEY '_','_','A','R','M','_','A','R','C','H','_','7','A','_','_'
#elif defined(__ARM_ARCH_7S__)
# define KEY '_','_','A','R','M','_','A','R','C','H','_','7','S','_','_'
#endif

#define SIZE (sizeof(ssize_t))
static char info_size[] =  {'I', 'N', 'F', 'O', ':', 's','i','z','e','[',
  ('0' + ((SIZE / 10000)%10)),
  ('0' + ((SIZE / 1000)%10)),
  ('0' + ((SIZE / 100)%10)),
  ('0' + ((SIZE / 10)%10)),
  ('0' +  (SIZE    % 10)),
  ']',
#ifdef KEY
  ' ','k','e','y','[', KEY, ']',
#endif
  '\0'};

#ifdef __CLASSIC_C__
int main(argc, argv) int argc; char *argv[];
#else
int main(int argc, char *argv[])
#endif
{
  int require = 0;
  require += info_size[argc];
  (void)argv;
  return require;
}


Determining if the fchmod exist failed with the following output:
Change Dir: G:/GITHUB/GitHubDesktop/curl/out/build/x64-Debug/CMakeFiles/CMakeTmp

Run Build Command(s):C:/Program Files/Microsoft Visual Studio/2022/Community/Common7/IDE/CommonExtensions/Microsoft/CMake/Ninja/ninja.exe cmTC_9147b && [1/2] Building C object CMakeFiles\cmTC_9147b.dir\CheckSymbolExists.c.obj
FAILED: CMakeFiles/cmTC_9147b.dir/CheckSymbolExists.c.obj 
C:\PROGRA~1\MIB055~1\2022\COMMUN~1\VC\Tools\MSVC\1433~1.316\bin\HostX64\x64\cl.exe  /nologo   /DWIN32 /D_WINDOWS  /Zi /Ob0 /Od /RTC1 -MDd    -D_WINSOCKAPI_= /showIncludes /FoCMakeFiles\cmTC_9147b.dir\CheckSymbolExists.c.obj /FdCMakeFiles\cmTC_9147b.dir\ /FS -c G:\GITHUB\GitHubDesktop\curl\out\build\x64-Debug\CMakeFiles\CMakeTmp\CheckSymbolExists.c
G:\GITHUB\GitHubDesktop\curl\out\build\x64-Debug\CMakeFiles\CMakeTmp\CheckSymbolExists.c(26): error C2065: 'fchmod': undeclared identifier
ninja: build stopped: subcommand failed.


File G:/GITHUB/GitHubDesktop/curl/out/build/x64-Debug/CMakeFiles/CMakeTmp/CheckSymbolExists.c:
/* */
#include <windows.h>
#include <ws2tcpip.h>
#include <winsock2.h>
#include <wincrypt.h>
#include <sys/stat.h>
#include <sys/types.h>
#include <sys/utime.h>
#include <assert.h>
#include <errno.h>
#include <fcntl.h>
#include <io.h>
#include <locale.h>
#include <setjmp.h>
#include <signal.h>
#include <stdbool.h>
#include <stdlib.h>
#include <string.h>
#include <time.h>
#include <stddef.h>

int main(int argc, char** argv)
{
  (void)argv;
#ifndef fchmod
  return ((int*)(&fchmod))[argc];
#else
  (void)argc;
  return 0;
#endif
}
Determining if the basename exist failed with the following output:
Change Dir: G:/GITHUB/GitHubDesktop/curl/out/build/x64-Debug/CMakeFiles/CMakeTmp

Run Build Command(s):C:/Program Files/Microsoft Visual Studio/2022/Community/Common7/IDE/CommonExtensions/Microsoft/CMake/Ninja/ninja.exe cmTC_6d91b && [1/2] Building C object CMakeFiles\cmTC_6d91b.dir\CheckSymbolExists.c.obj
FAILED: CMakeFiles/cmTC_6d91b.dir/CheckSymbolExists.c.obj 
C:\PROGRA~1\MIB055~1\2022\COMMUN~1\VC\Tools\MSVC\1433~1.316\bin\HostX64\x64\cl.exe  /nologo   /DWIN32 /D_WINDOWS  /Zi /Ob0 /Od /RTC1 -MDd    -D_WINSOCKAPI_= /showIncludes /FoCMakeFiles\cmTC_6d91b.dir\CheckSymbolExists.c.obj /FdCMakeFiles\cmTC_6d91b.dir\ /FS -c G:\GITHUB\GitHubDesktop\curl\out\build\x64-Debug\CMakeFiles\CMakeTmp\CheckSymbolExists.c
G:\GITHUB\GitHubDesktop\curl\out\build\x64-Debug\CMakeFiles\CMakeTmp\CheckSymbolExists.c(26): error C2065: 'basename': undeclared identifier
ninja: build stopped: subcommand failed.


File G:/GITHUB/GitHubDesktop/curl/out/build/x64-Debug/CMakeFiles/CMakeTmp/CheckSymbolExists.c:
/* */
#include <windows.h>
#include <ws2tcpip.h>
#include <winsock2.h>
#include <wincrypt.h>
#include <sys/stat.h>
#include <sys/types.h>
#include <sys/utime.h>
#include <assert.h>
#include <errno.h>
#include <fcntl.h>
#include <io.h>
#include <locale.h>
#include <setjmp.h>
#include <signal.h>
#include <stdbool.h>
#include <stdlib.h>
#include <string.h>
#include <time.h>
#include <stddef.h>

int main(int argc, char** argv)
{
  (void)argv;
#ifndef basename
  return ((int*)(&basename))[argc];
#else
  (void)argc;
  return 0;
#endif
}
Determining if the socketpair exist failed with the following output:
Change Dir: G:/GITHUB/GitHubDesktop/curl/out/build/x64-Debug/CMakeFiles/CMakeTmp

Run Build Command(s):C:/Program Files/Microsoft Visual Studio/2022/Community/Common7/IDE/CommonExtensions/Microsoft/CMake/Ninja/ninja.exe cmTC_01e70 && [1/2] Building C object CMakeFiles\cmTC_01e70.dir\CheckSymbolExists.c.obj
FAILED: CMakeFiles/cmTC_01e70.dir/CheckSymbolExists.c.obj 
C:\PROGRA~1\MIB055~1\2022\COMMUN~1\VC\Tools\MSVC\1433~1.316\bin\HostX64\x64\cl.exe  /nologo   /DWIN32 /D_WINDOWS  /Zi /Ob0 /Od /RTC1 -MDd    -D_WINSOCKAPI_= /showIncludes /FoCMakeFiles\cmTC_01e70.dir\CheckSymbolExists.c.obj /FdCMakeFiles\cmTC_01e70.dir\ /FS -c G:\GITHUB\GitHubDesktop\curl\out\build\x64-Debug\CMakeFiles\CMakeTmp\CheckSymbolExists.c
G:\GITHUB\GitHubDesktop\curl\out\build\x64-Debug\CMakeFiles\CMakeTmp\CheckSymbolExists.c(26): error C2065: 'socketpair': undeclared identifier
ninja: build stopped: subcommand failed.


File G:/GITHUB/GitHubDesktop/curl/out/build/x64-Debug/CMakeFiles/CMakeTmp/CheckSymbolExists.c:
/* */
#include <windows.h>
#include <ws2tcpip.h>
#include <winsock2.h>
#include <wincrypt.h>
#include <sys/stat.h>
#include <sys/types.h>
#include <sys/utime.h>
#include <assert.h>
#include <errno.h>
#include <fcntl.h>
#include <io.h>
#include <locale.h>
#include <setjmp.h>
#include <signal.h>
#include <stdbool.h>
#include <stdlib.h>
#include <string.h>
#include <time.h>
#include <stddef.h>

int main(int argc, char** argv)
{
  (void)argv;
#ifndef socketpair
  return ((int*)(&socketpair))[argc];
#else
  (void)argc;
  return 0;
#endif
}
Determining if the strtok_r exist failed with the following output:
Change Dir: G:/GITHUB/GitHubDesktop/curl/out/build/x64-Debug/CMakeFiles/CMakeTmp

Run Build Command(s):C:/Program Files/Microsoft Visual Studio/2022/Community/Common7/IDE/CommonExtensions/Microsoft/CMake/Ninja/ninja.exe cmTC_ee4f6 && [1/2] Building C object CMakeFiles\cmTC_ee4f6.dir\CheckSymbolExists.c.obj
FAILED: CMakeFiles/cmTC_ee4f6.dir/CheckSymbolExists.c.obj 
C:\PROGRA~1\MIB055~1\2022\COMMUN~1\VC\Tools\MSVC\1433~1.316\bin\HostX64\x64\cl.exe  /nologo   /DWIN32 /D_WINDOWS  /Zi /Ob0 /Od /RTC1 -MDd    -D_WINSOCKAPI_= /showIncludes /FoCMakeFiles\cmTC_ee4f6.dir\CheckSymbolExists.c.obj /FdCMakeFiles\cmTC_ee4f6.dir\ /FS -c G:\GITHUB\GitHubDesktop\curl\out\build\x64-Debug\CMakeFiles\CMakeTmp\CheckSymbolExists.c
G:\GITHUB\GitHubDesktop\curl\out\build\x64-Debug\CMakeFiles\CMakeTmp\CheckSymbolExists.c(26): error C2065: 'strtok_r': undeclared identifier
ninja: build stopped: subcommand failed.


File G:/GITHUB/GitHubDesktop/curl/out/build/x64-Debug/CMakeFiles/CMakeTmp/CheckSymbolExists.c:
/* */
#include <windows.h>
#include <ws2tcpip.h>
#include <winsock2.h>
#include <wincrypt.h>
#include <sys/stat.h>
#include <sys/types.h>
#include <sys/utime.h>
#include <assert.h>
#include <errno.h>
#include <fcntl.h>
#include <io.h>
#include <locale.h>
#include <setjmp.h>
#include <signal.h>
#include <stdbool.h>
#include <stdlib.h>
#include <string.h>
#include <time.h>
#include <stddef.h>

int main(int argc, char** argv)
{
  (void)argv;
#ifndef strtok_r
  return ((int*)(&strtok_r))[argc];
#else
  (void)argc;
  return 0;
#endif
}
Determining if the strcasecmp exist failed with the following output:
Change Dir: G:/GITHUB/GitHubDesktop/curl/out/build/x64-Debug/CMakeFiles/CMakeTmp

Run Build Command(s):C:/Program Files/Microsoft Visual Studio/2022/Community/Common7/IDE/CommonExtensions/Microsoft/CMake/Ninja/ninja.exe cmTC_1e9db && [1/2] Building C object CMakeFiles\cmTC_1e9db.dir\CheckSymbolExists.c.obj
FAILED: CMakeFiles/cmTC_1e9db.dir/CheckSymbolExists.c.obj 
C:\PROGRA~1\MIB055~1\2022\COMMUN~1\VC\Tools\MSVC\1433~1.316\bin\HostX64\x64\cl.exe  /nologo   /DWIN32 /D_WINDOWS  /Zi /Ob0 /Od /RTC1 -MDd    -D_WINSOCKAPI_= /showIncludes /FoCMakeFiles\cmTC_1e9db.dir\CheckSymbolExists.c.obj /FdCMakeFiles\cmTC_1e9db.dir\ /FS -c G:\GITHUB\GitHubDesktop\curl\out\build\x64-Debug\CMakeFiles\CMakeTmp\CheckSymbolExists.c
G:\GITHUB\GitHubDesktop\curl\out\build\x64-Debug\CMakeFiles\CMakeTmp\CheckSymbolExists.c(26): error C2065: 'strcasecmp': undeclared identifier
ninja: build stopped: subcommand failed.


File G:/GITHUB/GitHubDesktop/curl/out/build/x64-Debug/CMakeFiles/CMakeTmp/CheckSymbolExists.c:
/* */
#include <windows.h>
#include <ws2tcpip.h>
#include <winsock2.h>
#include <wincrypt.h>
#include <sys/stat.h>
#include <sys/types.h>
#include <sys/utime.h>
#include <assert.h>
#include <errno.h>
#include <fcntl.h>
#include <io.h>
#include <locale.h>
#include <setjmp.h>
#include <signal.h>
#include <stdbool.h>
#include <stdlib.h>
#include <string.h>
#include <time.h>
#include <stddef.h>

int main(int argc, char** argv)
{
  (void)argv;
#ifndef strcasecmp
  return ((int*)(&strcasecmp))[argc];
#else
  (void)argc;
  return 0;
#endif
}
Determining if the alarm exist failed with the following output:
Change Dir: G:/GITHUB/GitHubDesktop/curl/out/build/x64-Debug/CMakeFiles/CMakeTmp

Run Build Command(s):C:/Program Files/Microsoft Visual Studio/2022/Community/Common7/IDE/CommonExtensions/Microsoft/CMake/Ninja/ninja.exe cmTC_90653 && [1/2] Building C object CMakeFiles\cmTC_90653.dir\CheckSymbolExists.c.obj
FAILED: CMakeFiles/cmTC_90653.dir/CheckSymbolExists.c.obj 
C:\PROGRA~1\MIB055~1\2022\COMMUN~1\VC\Tools\MSVC\1433~1.316\bin\HostX64\x64\cl.exe  /nologo   /DWIN32 /D_WINDOWS  /Zi /Ob0 /Od /RTC1 -MDd    -D_WINSOCKAPI_= /showIncludes /FoCMakeFiles\cmTC_90653.dir\CheckSymbolExists.c.obj /FdCMakeFiles\cmTC_90653.dir\ /FS -c G:\GITHUB\GitHubDesktop\curl\out\build\x64-Debug\CMakeFiles\CMakeTmp\CheckSymbolExists.c
G:\GITHUB\GitHubDesktop\curl\out\build\x64-Debug\CMakeFiles\CMakeTmp\CheckSymbolExists.c(26): error C2065: 'alarm': undeclared identifier
ninja: build stopped: subcommand failed.


File G:/GITHUB/GitHubDesktop/curl/out/build/x64-Debug/CMakeFiles/CMakeTmp/CheckSymbolExists.c:
/* */
#include <windows.h>
#include <ws2tcpip.h>
#include <winsock2.h>
#include <wincrypt.h>
#include <sys/stat.h>
#include <sys/types.h>
#include <sys/utime.h>
#include <assert.h>
#include <errno.h>
#include <fcntl.h>
#include <io.h>
#include <locale.h>
#include <setjmp.h>
#include <signal.h>
#include <stdbool.h>
#include <stdlib.h>
#include <string.h>
#include <time.h>
#include <stddef.h>

int main(int argc, char** argv)
{
  (void)argv;
#ifndef alarm
  return ((int*)(&alarm))[argc];
#else
  (void)argc;
  return 0;
#endif
}
Determining if the getppid exist failed with the following output:
Change Dir: G:/GITHUB/GitHubDesktop/curl/out/build/x64-Debug/CMakeFiles/CMakeTmp

Run Build Command(s):C:/Program Files/Microsoft Visual Studio/2022/Community/Common7/IDE/CommonExtensions/Microsoft/CMake/Ninja/ninja.exe cmTC_00f3b && [1/2] Building C object CMakeFiles\cmTC_00f3b.dir\CheckSymbolExists.c.obj
FAILED: CMakeFiles/cmTC_00f3b.dir/CheckSymbolExists.c.obj 
C:\PROGRA~1\MIB055~1\2022\COMMUN~1\VC\Tools\MSVC\1433~1.316\bin\HostX64\x64\cl.exe  /nologo   /DWIN32 /D_WINDOWS  /Zi /Ob0 /Od /RTC1 -MDd    -D_WINSOCKAPI_= /showIncludes /FoCMakeFiles\cmTC_00f3b.dir\CheckSymbolExists.c.obj /FdCMakeFiles\cmTC_00f3b.dir\ /FS -c G:\GITHUB\GitHubDesktop\curl\out\build\x64-Debug\CMakeFiles\CMakeTmp\CheckSymbolExists.c
G:\GITHUB\GitHubDesktop\curl\out\build\x64-Debug\CMakeFiles\CMakeTmp\CheckSymbolExists.c(26): error C2065: 'getppid': undeclared identifier
ninja: build stopped: subcommand failed.


File G:/GITHUB/GitHubDesktop/curl/out/build/x64-Debug/CMakeFiles/CMakeTmp/CheckSymbolExists.c:
/* */
#include <windows.h>
#include <ws2tcpip.h>
#include <winsock2.h>
#include <wincrypt.h>
#include <sys/stat.h>
#include <sys/types.h>
#include <sys/utime.h>
#include <assert.h>
#include <errno.h>
#include <fcntl.h>
#include <io.h>
#include <locale.h>
#include <setjmp.h>
#include <signal.h>
#include <stdbool.h>
#include <stdlib.h>
#include <string.h>
#include <time.h>
#include <stddef.h>

int main(int argc, char** argv)
{
  (void)argv;
#ifndef getppid
  return ((int*)(&getppid))[argc];
#else
  (void)argc;
  return 0;
#endif
}
Determining if the utimes exist failed with the following output:
Change Dir: G:/GITHUB/GitHubDesktop/curl/out/build/x64-Debug/CMakeFiles/CMakeTmp

Run Build Command(s):C:/Program Files/Microsoft Visual Studio/2022/Community/Common7/IDE/CommonExtensions/Microsoft/CMake/Ninja/ninja.exe cmTC_da10c && [1/2] Building C object CMakeFiles\cmTC_da10c.dir\CheckSymbolExists.c.obj
FAILED: CMakeFiles/cmTC_da10c.dir/CheckSymbolExists.c.obj 
C:\PROGRA~1\MIB055~1\2022\COMMUN~1\VC\Tools\MSVC\1433~1.316\bin\HostX64\x64\cl.exe  /nologo   /DWIN32 /D_WINDOWS  /Zi /Ob0 /Od /RTC1 -MDd    -D_WINSOCKAPI_= /showIncludes /FoCMakeFiles\cmTC_da10c.dir\CheckSymbolExists.c.obj /FdCMakeFiles\cmTC_da10c.dir\ /FS -c G:\GITHUB\GitHubDesktop\curl\out\build\x64-Debug\CMakeFiles\CMakeTmp\CheckSymbolExists.c
G:\GITHUB\GitHubDesktop\curl\out\build\x64-Debug\CMakeFiles\CMakeTmp\CheckSymbolExists.c(26): error C2065: 'utimes': undeclared identifier
ninja: build stopped: subcommand failed.


File G:/GITHUB/GitHubDesktop/curl/out/build/x64-Debug/CMakeFiles/CMakeTmp/CheckSymbolExists.c:
/* */
#include <windows.h>
#include <ws2tcpip.h>
#include <winsock2.h>
#include <wincrypt.h>
#include <sys/stat.h>
#include <sys/types.h>
#include <sys/utime.h>
#include <assert.h>
#include <errno.h>
#include <fcntl.h>
#include <io.h>
#include <locale.h>
#include <setjmp.h>
#include <signal.h>
#include <stdbool.h>
#include <stdlib.h>
#include <string.h>
#include <time.h>
#include <stddef.h>

int main(int argc, char** argv)
{
  (void)argv;
#ifndef utimes
  return ((int*)(&utimes))[argc];
#else
  (void)argc;
  return 0;
#endif
}
Determining if the getpwuid_r exist failed with the following output:
Change Dir: G:/GITHUB/GitHubDesktop/curl/out/build/x64-Debug/CMakeFiles/CMakeTmp

Run Build Command(s):C:/Program Files/Microsoft Visual Studio/2022/Community/Common7/IDE/CommonExtensions/Microsoft/CMake/Ninja/ninja.exe cmTC_72e04 && [1/2] Building C object CMakeFiles\cmTC_72e04.dir\CheckSymbolExists.c.obj
FAILED: CMakeFiles/cmTC_72e04.dir/CheckSymbolExists.c.obj 
C:\PROGRA~1\MIB055~1\2022\COMMUN~1\VC\Tools\MSVC\1433~1.316\bin\HostX64\x64\cl.exe  /nologo   /DWIN32 /D_WINDOWS  /Zi /Ob0 /Od /RTC1 -MDd    -D_WINSOCKAPI_= /showIncludes /FoCMakeFiles\cmTC_72e04.dir\CheckSymbolExists.c.obj /FdCMakeFiles\cmTC_72e04.dir\ /FS -c G:\GITHUB\GitHubDesktop\curl\out\build\x64-Debug\CMakeFiles\CMakeTmp\CheckSymbolExists.c
G:\GITHUB\GitHubDesktop\curl\out\build\x64-Debug\CMakeFiles\CMakeTmp\CheckSymbolExists.c(26): error C2065: 'getpwuid_r': undeclared identifier
ninja: build stopped: subcommand failed.


File G:/GITHUB/GitHubDesktop/curl/out/build/x64-Debug/CMakeFiles/CMakeTmp/CheckSymbolExists.c:
/* */
#include <windows.h>
#include <ws2tcpip.h>
#include <winsock2.h>
#include <wincrypt.h>
#include <sys/stat.h>
#include <sys/types.h>
#include <sys/utime.h>
#include <assert.h>
#include <errno.h>
#include <fcntl.h>
#include <io.h>
#include <locale.h>
#include <setjmp.h>
#include <signal.h>
#include <stdbool.h>
#include <stdlib.h>
#include <string.h>
#include <time.h>
#include <stddef.h>

int main(int argc, char** argv)
{
  (void)argv;
#ifndef getpwuid_r
  return ((int*)(&getpwuid_r))[argc];
#else
  (void)argc;
  return 0;
#endif
}
Determining if the strerror_r exist failed with the following output:
Change Dir: G:/GITHUB/GitHubDesktop/curl/out/build/x64-Debug/CMakeFiles/CMakeTmp

Run Build Command(s):C:/Program Files/Microsoft Visual Studio/2022/Community/Common7/IDE/CommonExtensions/Microsoft/CMake/Ninja/ninja.exe cmTC_2c905 && [1/2] Building C object CMakeFiles\cmTC_2c905.dir\CheckSymbolExists.c.obj
FAILED: CMakeFiles/cmTC_2c905.dir/CheckSymbolExists.c.obj 
C:\PROGRA~1\MIB055~1\2022\COMMUN~1\VC\Tools\MSVC\1433~1.316\bin\HostX64\x64\cl.exe  /nologo   /DWIN32 /D_WINDOWS  /Zi /Ob0 /Od /RTC1 -MDd    -D_WINSOCKAPI_= /showIncludes /FoCMakeFiles\cmTC_2c905.dir\CheckSymbolExists.c.obj /FdCMakeFiles\cmTC_2c905.dir\ /FS -c G:\GITHUB\GitHubDesktop\curl\out\build\x64-Debug\CMakeFiles\CMakeTmp\CheckSymbolExists.c
G:\GITHUB\GitHubDesktop\curl\out\build\x64-Debug\CMakeFiles\CMakeTmp\CheckSymbolExists.c(26): error C2065: 'strerror_r': undeclared identifier
ninja: build stopped: subcommand failed.


File G:/GITHUB/GitHubDesktop/curl/out/build/x64-Debug/CMakeFiles/CMakeTmp/CheckSymbolExists.c:
/* */
#include <windows.h>
#include <ws2tcpip.h>
#include <winsock2.h>
#include <wincrypt.h>
#include <sys/stat.h>
#include <sys/types.h>
#include <sys/utime.h>
#include <assert.h>
#include <errno.h>
#include <fcntl.h>
#include <io.h>
#include <locale.h>
#include <setjmp.h>
#include <signal.h>
#include <stdbool.h>
#include <stdlib.h>
#include <string.h>
#include <time.h>
#include <stddef.h>

int main(int argc, char** argv)
{
  (void)argv;
#ifndef strerror_r
  return ((int*)(&strerror_r))[argc];
#else
  (void)argc;
  return 0;
#endif
}
Determining if the siginterrupt exist failed with the following output:
Change Dir: G:/GITHUB/GitHubDesktop/curl/out/build/x64-Debug/CMakeFiles/CMakeTmp

Run Build Command(s):C:/Program Files/Microsoft Visual Studio/2022/Community/Common7/IDE/CommonExtensions/Microsoft/CMake/Ninja/ninja.exe cmTC_920be && [1/2] Building C object CMakeFiles\cmTC_920be.dir\CheckSymbolExists.c.obj
FAILED: CMakeFiles/cmTC_920be.dir/CheckSymbolExists.c.obj 
C:\PROGRA~1\MIB055~1\2022\COMMUN~1\VC\Tools\MSVC\1433~1.316\bin\HostX64\x64\cl.exe  /nologo   /DWIN32 /D_WINDOWS  /Zi /Ob0 /Od /RTC1 -MDd    -D_WINSOCKAPI_= /showIncludes /FoCMakeFiles\cmTC_920be.dir\CheckSymbolExists.c.obj /FdCMakeFiles\cmTC_920be.dir\ /FS -c G:\GITHUB\GitHubDesktop\curl\out\build\x64-Debug\CMakeFiles\CMakeTmp\CheckSymbolExists.c
G:\GITHUB\GitHubDesktop\curl\out\build\x64-Debug\CMakeFiles\CMakeTmp\CheckSymbolExists.c(26): error C2065: 'siginterrupt': undeclared identifier
ninja: build stopped: subcommand failed.


File G:/GITHUB/GitHubDesktop/curl/out/build/x64-Debug/CMakeFiles/CMakeTmp/CheckSymbolExists.c:
/* */
#include <windows.h>
#include <ws2tcpip.h>
#include <winsock2.h>
#include <wincrypt.h>
#include <sys/stat.h>
#include <sys/types.h>
#include <sys/utime.h>
#include <assert.h>
#include <errno.h>
#include <fcntl.h>
#include <io.h>
#include <locale.h>
#include <setjmp.h>
#include <signal.h>
#include <stdbool.h>
#include <stdlib.h>
#include <string.h>
#include <time.h>
#include <stddef.h>

int main(int argc, char** argv)
{
  (void)argv;
#ifndef siginterrupt
  return ((int*)(&siginterrupt))[argc];
#else
  (void)argc;
  return 0;
#endif
}
Determining if the pipe exist failed with the following output:
Change Dir: G:/GITHUB/GitHubDesktop/curl/out/build/x64-Debug/CMakeFiles/CMakeTmp

Run Build Command(s):C:/Program Files/Microsoft Visual Studio/2022/Community/Common7/IDE/CommonExtensions/Microsoft/CMake/Ninja/ninja.exe cmTC_8bc2e && [1/2] Building C object CMakeFiles\cmTC_8bc2e.dir\CheckSymbolExists.c.obj
FAILED: CMakeFiles/cmTC_8bc2e.dir/CheckSymbolExists.c.obj 
C:\PROGRA~1\MIB055~1\2022\COMMUN~1\VC\Tools\MSVC\1433~1.316\bin\HostX64\x64\cl.exe  /nologo   /DWIN32 /D_WINDOWS  /Zi /Ob0 /Od /RTC1 -MDd    -D_WINSOCKAPI_= /showIncludes /FoCMakeFiles\cmTC_8bc2e.dir\CheckSymbolExists.c.obj /FdCMakeFiles\cmTC_8bc2e.dir\ /FS -c G:\GITHUB\GitHubDesktop\curl\out\build\x64-Debug\CMakeFiles\CMakeTmp\CheckSymbolExists.c
G:\GITHUB\GitHubDesktop\curl\out\build\x64-Debug\CMakeFiles\CMakeTmp\CheckSymbolExists.c(26): error C2065: 'pipe': undeclared identifier
ninja: build stopped: subcommand failed.


File G:/GITHUB/GitHubDesktop/curl/out/build/x64-Debug/CMakeFiles/CMakeTmp/CheckSymbolExists.c:
/* */
#include <windows.h>
#include <ws2tcpip.h>
#include <winsock2.h>
#include <wincrypt.h>
#include <sys/stat.h>
#include <sys/types.h>
#include <sys/utime.h>
#include <assert.h>
#include <errno.h>
#include <fcntl.h>
#include <io.h>
#include <locale.h>
#include <setjmp.h>
#include <signal.h>
#include <stdbool.h>
#include <stdlib.h>
#include <string.h>
#include <time.h>
#include <stddef.h>

int main(int argc, char** argv)
{
  (void)argv;
#ifndef pipe
  return ((int*)(&pipe))[argc];
#else
  (void)argc;
  return 0;
#endif
}
Determining if the ftruncate exist failed with the following output:
Change Dir: G:/GITHUB/GitHubDesktop/curl/out/build/x64-Debug/CMakeFiles/CMakeTmp

Run Build Command(s):C:/Program Files/Microsoft Visual Studio/2022/Community/Common7/IDE/CommonExtensions/Microsoft/CMake/Ninja/ninja.exe cmTC_3d750 && [1/2] Building C object CMakeFiles\cmTC_3d750.dir\CheckSymbolExists.c.obj
FAILED: CMakeFiles/cmTC_3d750.dir/CheckSymbolExists.c.obj 
C:\PROGRA~1\MIB055~1\2022\COMMUN~1\VC\Tools\MSVC\1433~1.316\bin\HostX64\x64\cl.exe  /nologo   /DWIN32 /D_WINDOWS  /Zi /Ob0 /Od /RTC1 -MDd    -D_WINSOCKAPI_= /showIncludes /FoCMakeFiles\cmTC_3d750.dir\CheckSymbolExists.c.obj /FdCMakeFiles\cmTC_3d750.dir\ /FS -c G:\GITHUB\GitHubDesktop\curl\out\build\x64-Debug\CMakeFiles\CMakeTmp\CheckSymbolExists.c
G:\GITHUB\GitHubDesktop\curl\out\build\x64-Debug\CMakeFiles\CMakeTmp\CheckSymbolExists.c(26): error C2065: 'ftruncate': undeclared identifier
ninja: build stopped: subcommand failed.


File G:/GITHUB/GitHubDesktop/curl/out/build/x64-Debug/CMakeFiles/CMakeTmp/CheckSymbolExists.c:
/* */
#include <windows.h>
#include <ws2tcpip.h>
#include <winsock2.h>
#include <wincrypt.h>
#include <sys/stat.h>
#include <sys/types.h>
#include <sys/utime.h>
#include <assert.h>
#include <errno.h>
#include <fcntl.h>
#include <io.h>
#include <locale.h>
#include <setjmp.h>
#include <signal.h>
#include <stdbool.h>
#include <stdlib.h>
#include <string.h>
#include <time.h>
#include <stddef.h>

int main(int argc, char** argv)
{
  (void)argv;
#ifndef ftruncate
  return ((int*)(&ftruncate))[argc];
#else
  (void)argc;
  return 0;
#endif
}
Determining if the if_nametoindex exist failed with the following output:
Change Dir: G:/GITHUB/GitHubDesktop/curl/out/build/x64-Debug/CMakeFiles/CMakeTmp

Run Build Command(s):C:/Program Files/Microsoft Visual Studio/2022/Community/Common7/IDE/CommonExtensions/Microsoft/CMake/Ninja/ninja.exe cmTC_c588e && [1/2] Building C object CMakeFiles\cmTC_c588e.dir\CheckSymbolExists.c.obj
FAILED: CMakeFiles/cmTC_c588e.dir/CheckSymbolExists.c.obj 
C:\PROGRA~1\MIB055~1\2022\COMMUN~1\VC\Tools\MSVC\1433~1.316\bin\HostX64\x64\cl.exe  /nologo   /DWIN32 /D_WINDOWS  /Zi /Ob0 /Od /RTC1 -MDd    -D_WINSOCKAPI_= /showIncludes /FoCMakeFiles\cmTC_c588e.dir\CheckSymbolExists.c.obj /FdCMakeFiles\cmTC_c588e.dir\ /FS -c G:\GITHUB\GitHubDesktop\curl\out\build\x64-Debug\CMakeFiles\CMakeTmp\CheckSymbolExists.c
G:\GITHUB\GitHubDesktop\curl\out\build\x64-Debug\CMakeFiles\CMakeTmp\CheckSymbolExists.c(26): error C2065: 'if_nametoindex': undeclared identifier
ninja: build stopped: subcommand failed.


File G:/GITHUB/GitHubDesktop/curl/out/build/x64-Debug/CMakeFiles/CMakeTmp/CheckSymbolExists.c:
/* */
#include <windows.h>
#include <ws2tcpip.h>
#include <winsock2.h>
#include <wincrypt.h>
#include <sys/stat.h>
#include <sys/types.h>
#include <sys/utime.h>
#include <assert.h>
#include <errno.h>
#include <fcntl.h>
#include <io.h>
#include <locale.h>
#include <setjmp.h>
#include <signal.h>
#include <stdbool.h>
#include <stdlib.h>
#include <string.h>
#include <time.h>
#include <stddef.h>

int main(int argc, char** argv)
{
  (void)argv;
#ifndef if_nametoindex
  return ((int*)(&if_nametoindex))[argc];
#else
  (void)argc;
  return 0;
#endif
}
Determining if the getrlimit exist failed with the following output:
Change Dir: G:/GITHUB/GitHubDesktop/curl/out/build/x64-Debug/CMakeFiles/CMakeTmp

Run Build Command(s):C:/Program Files/Microsoft Visual Studio/2022/Community/Common7/IDE/CommonExtensions/Microsoft/CMake/Ninja/ninja.exe cmTC_212bf && [1/2] Building C object CMakeFiles\cmTC_212bf.dir\CheckSymbolExists.c.obj
FAILED: CMakeFiles/cmTC_212bf.dir/CheckSymbolExists.c.obj 
C:\PROGRA~1\MIB055~1\2022\COMMUN~1\VC\Tools\MSVC\1433~1.316\bin\HostX64\x64\cl.exe  /nologo   /DWIN32 /D_WINDOWS  /Zi /Ob0 /Od /RTC1 -MDd    -D_WINSOCKAPI_= /showIncludes /FoCMakeFiles\cmTC_212bf.dir\CheckSymbolExists.c.obj /FdCMakeFiles\cmTC_212bf.dir\ /FS -c G:\GITHUB\GitHubDesktop\curl\out\build\x64-Debug\CMakeFiles\CMakeTmp\CheckSymbolExists.c
G:\GITHUB\GitHubDesktop\curl\out\build\x64-Debug\CMakeFiles\CMakeTmp\CheckSymbolExists.c(26): error C2065: 'getrlimit': undeclared identifier
ninja: build stopped: subcommand failed.


File G:/GITHUB/GitHubDesktop/curl/out/build/x64-Debug/CMakeFiles/CMakeTmp/CheckSymbolExists.c:
/* */
#include <windows.h>
#include <ws2tcpip.h>
#include <winsock2.h>
#include <wincrypt.h>
#include <sys/stat.h>
#include <sys/types.h>
#include <sys/utime.h>
#include <assert.h>
#include <errno.h>
#include <fcntl.h>
#include <io.h>
#include <locale.h>
#include <setjmp.h>
#include <signal.h>
#include <stdbool.h>
#include <stdlib.h>
#include <string.h>
#include <time.h>
#include <stddef.h>

int main(int argc, char** argv)
{
  (void)argv;
#ifndef getrlimit
  return ((int*)(&getrlimit))[argc];
#else
  (void)argc;
  return 0;
#endif
}
Determining if the setrlimit exist failed with the following output:
Change Dir: G:/GITHUB/GitHubDesktop/curl/out/build/x64-Debug/CMakeFiles/CMakeTmp

Run Build Command(s):C:/Program Files/Microsoft Visual Studio/2022/Community/Common7/IDE/CommonExtensions/Microsoft/CMake/Ninja/ninja.exe cmTC_5e5d0 && [1/2] Building C object CMakeFiles\cmTC_5e5d0.dir\CheckSymbolExists.c.obj
FAILED: CMakeFiles/cmTC_5e5d0.dir/CheckSymbolExists.c.obj 
C:\PROGRA~1\MIB055~1\2022\COMMUN~1\VC\Tools\MSVC\1433~1.316\bin\HostX64\x64\cl.exe  /nologo   /DWIN32 /D_WINDOWS  /Zi /Ob0 /Od /RTC1 -MDd    -D_WINSOCKAPI_= /showIncludes /FoCMakeFiles\cmTC_5e5d0.dir\CheckSymbolExists.c.obj /FdCMakeFiles\cmTC_5e5d0.dir\ /FS -c G:\GITHUB\GitHubDesktop\curl\out\build\x64-Debug\CMakeFiles\CMakeTmp\CheckSymbolExists.c
G:\GITHUB\GitHubDesktop\curl\out\build\x64-Debug\CMakeFiles\CMakeTmp\CheckSymbolExists.c(26): error C2065: 'setrlimit': undeclared identifier
ninja: build stopped: subcommand failed.


File G:/GITHUB/GitHubDesktop/curl/out/build/x64-Debug/CMakeFiles/CMakeTmp/CheckSymbolExists.c:
/* */
#include <windows.h>
#include <ws2tcpip.h>
#include <winsock2.h>
#include <wincrypt.h>
#include <sys/stat.h>
#include <sys/types.h>
#include <sys/utime.h>
#include <assert.h>
#include <errno.h>
#include <fcntl.h>
#include <io.h>
#include <locale.h>
#include <setjmp.h>
#include <signal.h>
#include <stdbool.h>
#include <stdlib.h>
#include <string.h>
#include <time.h>
#include <stddef.h>

int main(int argc, char** argv)
{
  (void)argv;
#ifndef setrlimit
  return ((int*)(&setrlimit))[argc];
#else
  (void)argc;
  return 0;
#endif
}
Determining if the snprintf exist failed with the following output:
Change Dir: G:/GITHUB/GitHubDesktop/curl/out/build/x64-Debug/CMakeFiles/CMakeTmp

Run Build Command(s):C:/Program Files/Microsoft Visual Studio/2022/Community/Common7/IDE/CommonExtensions/Microsoft/CMake/Ninja/ninja.exe cmTC_9bf8d && [1/2] Building C object CMakeFiles\cmTC_9bf8d.dir\CheckSymbolExists.c.obj
FAILED: CMakeFiles/cmTC_9bf8d.dir/CheckSymbolExists.c.obj 
C:\PROGRA~1\MIB055~1\2022\COMMUN~1\VC\Tools\MSVC\1433~1.316\bin\HostX64\x64\cl.exe  /nologo   /DWIN32 /D_WINDOWS  /Zi /Ob0 /Od /RTC1 -MDd    -D_WINSOCKAPI_= /showIncludes /FoCMakeFiles\cmTC_9bf8d.dir\CheckSymbolExists.c.obj /FdCMakeFiles\cmTC_9bf8d.dir\ /FS -c G:\GITHUB\GitHubDesktop\curl\out\build\x64-Debug\CMakeFiles\CMakeTmp\CheckSymbolExists.c
G:\GITHUB\GitHubDesktop\curl\out\build\x64-Debug\CMakeFiles\CMakeTmp\CheckSymbolExists.c(26): error C2065: 'snprintf': undeclared identifier
ninja: build stopped: subcommand failed.


File G:/GITHUB/GitHubDesktop/curl/out/build/x64-Debug/CMakeFiles/CMakeTmp/CheckSymbolExists.c:
/* */
#include <windows.h>
#include <ws2tcpip.h>
#include <winsock2.h>
#include <wincrypt.h>
#include <sys/stat.h>
#include <sys/types.h>
#include <sys/utime.h>
#include <assert.h>
#include <errno.h>
#include <fcntl.h>
#include <io.h>
#include <locale.h>
#include <setjmp.h>
#include <signal.h>
#include <stdbool.h>
#include <stdlib.h>
#include <string.h>
#include <time.h>
#include <stddef.h>

int main(int argc, char** argv)
{
  (void)argv;
#ifndef snprintf
  return ((int*)(&snprintf))[argc];
#else
  (void)argc;
  return 0;
#endif
}
Determining if the function mach_absolute_time exists failed with the following output:
Change Dir: G:/GITHUB/GitHubDesktop/curl/out/build/x64-Debug/CMakeFiles/CMakeTmp

Run Build Command(s):C:/Program Files/Microsoft Visual Studio/2022/Community/Common7/IDE/CommonExtensions/Microsoft/CMake/Ninja/ninja.exe cmTC_0ced8 && [1/2] Building C object CMakeFiles\cmTC_0ced8.dir\CheckFunctionExists.c.obj
[2/2] Linking C executable cmTC_0ced8.exe
FAILED: cmTC_0ced8.exe 
cmd.exe /C "cd . && "C:\Program Files\Microsoft Visual Studio\2022\Community\Common7\IDE\CommonExtensions\Microsoft\CMake\CMake\bin\cmake.exe" -E vs_link_exe --intdir=CMakeFiles\cmTC_0ced8.dir --rc=C:\PROGRA~2\WI3CF2~1\10\bin\100226~1.0\x64\rc.exe --mt=C:\PROGRA~2\WI3CF2~1\10\bin\100226~1.0\x64\mt.exe --manifests  -- C:\PROGRA~1\MIB055~1\2022\COMMUN~1\VC\Tools\MSVC\1433~1.316\bin\HostX64\x64\link.exe /nologo CMakeFiles\cmTC_0ced8.dir\CheckFunctionExists.c.obj  /out:cmTC_0ced8.exe /implib:cmTC_0ced8.lib /pdb:cmTC_0ced8.pdb /version:0.0 /machine:x64  /debug /INCREMENTAL /subsystem:console  ws2_32.lib  kernel32.lib user32.lib gdi32.lib winspool.lib shell32.lib ole32.lib oleaut32.lib uuid.lib comdlg32.lib advapi32.lib && cd ."
LINK Pass 1: command "C:\PROGRA~1\MIB055~1\2022\COMMUN~1\VC\Tools\MSVC\1433~1.316\bin\HostX64\x64\link.exe /nologo CMakeFiles\cmTC_0ced8.dir\CheckFunctionExists.c.obj /out:cmTC_0ced8.exe /implib:cmTC_0ced8.lib /pdb:cmTC_0ced8.pdb /version:0.0 /machine:x64 /debug /INCREMENTAL /subsystem:console ws2_32.lib kernel32.lib user32.lib gdi32.lib winspool.lib shell32.lib ole32.lib oleaut32.lib uuid.lib comdlg32.lib advapi32.lib /MANIFEST /MANIFESTFILE:CMakeFiles\cmTC_0ced8.dir/intermediate.manifest CMakeFiles\cmTC_0ced8.dir/manifest.res" failed (exit code 1120) with the following output:
CheckFunctionExists.c.obj : error LNK2019: unresolved external symbol mach_absolute_time referenced in function main
cmTC_0ced8.exe : fatal error LNK1120: 1 unresolved externals
ninja: build stopped: subcommand failed.



Determining if the fsetxattr exist failed with the following output:
Change Dir: G:/GITHUB/GitHubDesktop/curl/out/build/x64-Debug/CMakeFiles/CMakeTmp

Run Build Command(s):C:/Program Files/Microsoft Visual Studio/2022/Community/Common7/IDE/CommonExtensions/Microsoft/CMake/Ninja/ninja.exe cmTC_11a6b && [1/2] Building C object CMakeFiles\cmTC_11a6b.dir\CheckSymbolExists.c.obj
FAILED: CMakeFiles/cmTC_11a6b.dir/CheckSymbolExists.c.obj 
C:\PROGRA~1\MIB055~1\2022\COMMUN~1\VC\Tools\MSVC\1433~1.316\bin\HostX64\x64\cl.exe  /nologo   /DWIN32 /D_WINDOWS  /Zi /Ob0 /Od /RTC1 -MDd    -D_WINSOCKAPI_= /showIncludes /FoCMakeFiles\cmTC_11a6b.dir\CheckSymbolExists.c.obj /FdCMakeFiles\cmTC_11a6b.dir\ /FS -c G:\GITHUB\GitHubDesktop\curl\out\build\x64-Debug\CMakeFiles\CMakeTmp\CheckSymbolExists.c
G:\GITHUB\GitHubDesktop\curl\out\build\x64-Debug\CMakeFiles\CMakeTmp\CheckSymbolExists.c(26): error C2065: 'fsetxattr': undeclared identifier
ninja: build stopped: subcommand failed.


File G:/GITHUB/GitHubDesktop/curl/out/build/x64-Debug/CMakeFiles/CMakeTmp/CheckSymbolExists.c:
/* */
#include <windows.h>
#include <ws2tcpip.h>
#include <winsock2.h>
#include <wincrypt.h>
#include <sys/stat.h>
#include <sys/types.h>
#include <sys/utime.h>
#include <assert.h>
#include <errno.h>
#include <fcntl.h>
#include <io.h>
#include <locale.h>
#include <setjmp.h>
#include <signal.h>
#include <stdbool.h>
#include <stdlib.h>
#include <string.h>
#include <time.h>
#include <stddef.h>

int main(int argc, char** argv)
{
  (void)argv;
#ifndef fsetxattr
  return ((int*)(&fsetxattr))[argc];
#else
  (void)argc;
  return 0;
#endif
}
Determining size of sa_family_t failed with the following output:
Change Dir: G:/GITHUB/GitHubDesktop/curl/out/build/x64-Debug/CMakeFiles/CMakeTmp

Run Build Command(s):C:/Program Files/Microsoft Visual Studio/2022/Community/Common7/IDE/CommonExtensions/Microsoft/CMake/Ninja/ninja.exe cmTC_039e8 && [1/2] Building C object CMakeFiles\cmTC_039e8.dir\SIZEOF_SA_FAMILY_T.c.obj
FAILED: CMakeFiles/cmTC_039e8.dir/SIZEOF_SA_FAMILY_T.c.obj 
C:\PROGRA~1\MIB055~1\2022\COMMUN~1\VC\Tools\MSVC\1433~1.316\bin\HostX64\x64\cl.exe  /nologo   /DWIN32 /D_WINDOWS  /Zi /Ob0 /Od /RTC1 -MDd    -D_WINSOCKAPI_= /showIncludes /FoCMakeFiles\cmTC_039e8.dir\SIZEOF_SA_FAMILY_T.c.obj /FdCMakeFiles\cmTC_039e8.dir\ /FS -c G:\GITHUB\GitHubDesktop\curl\out\build\x64-Debug\CMakeFiles\CheckTypeSize\SIZEOF_SA_FAMILY_T.c
G:\GITHUB\GitHubDesktop\curl\out\build\x64-Debug\CMakeFiles\CheckTypeSize\SIZEOF_SA_FAMILY_T.c(3): fatal error C1083: Cannot open include file: 'sys/socket.h': No such file or directory
ninja: build stopped: subcommand failed.


G:/GITHUB/GitHubDesktop/curl/out/build/x64-Debug/CMakeFiles/CheckTypeSize/SIZEOF_SA_FAMILY_T.c:
#include <sys/types.h>
#include <stddef.h>
#include "sys/socket.h"


#undef KEY
#if defined(__i386)
# define KEY '_','_','i','3','8','6'
#elif defined(__x86_64)
# define KEY '_','_','x','8','6','_','6','4'
#elif defined(__PPC64__)
# define KEY '_','_','P','P','C','6','4','_','_'
#elif defined(__ppc64__)
# define KEY '_','_','p','p','c','6','4','_','_'
#elif defined(__PPC__)
# define KEY '_','_','P','P','C','_','_'
#elif defined(__ppc__)
# define KEY '_','_','p','p','c','_','_'
#elif defined(__aarch64__)
# define KEY '_','_','a','a','r','c','h','6','4','_','_'
#elif defined(__ARM_ARCH_7A__)
# define KEY '_','_','A','R','M','_','A','R','C','H','_','7','A','_','_'
#elif defined(__ARM_ARCH_7S__)
# define KEY '_','_','A','R','M','_','A','R','C','H','_','7','S','_','_'
#endif

#define SIZE (sizeof(sa_family_t))
static char info_size[] =  {'I', 'N', 'F', 'O', ':', 's','i','z','e','[',
  ('0' + ((SIZE / 10000)%10)),
  ('0' + ((SIZE / 1000)%10)),
  ('0' + ((SIZE / 100)%10)),
  ('0' + ((SIZE / 10)%10)),
  ('0' +  (SIZE    % 10)),
  ']',
#ifdef KEY
  ' ','k','e','y','[', KEY, ']',
#endif
  '\0'};

#ifdef __CLASSIC_C__
int main(argc, argv) int argc; char *argv[];
#else
int main(int argc, char *argv[])
#endif
{
  int require = 0;
  require += info_size[argc];
  (void)argv;
  return require;
}


Determining size of ADDRESS_FAMILY failed with the following output:
Change Dir: G:/GITHUB/GitHubDesktop/curl/out/build/x64-Debug/CMakeFiles/CMakeTmp

Run Build Command(s):C:/Program Files/Microsoft Visual Studio/2022/Community/Common7/IDE/CommonExtensions/Microsoft/CMake/Ninja/ninja.exe cmTC_90008 && [1/2] Building C object CMakeFiles\cmTC_90008.dir\SIZEOF_ADDRESS_FAMILY.c.obj
FAILED: CMakeFiles/cmTC_90008.dir/SIZEOF_ADDRESS_FAMILY.c.obj 
C:\PROGRA~1\MIB055~1\2022\COMMUN~1\VC\Tools\MSVC\1433~1.316\bin\HostX64\x64\cl.exe  /nologo   /DWIN32 /D_WINDOWS  /Zi /Ob0 /Od /RTC1 -MDd    -D_WINSOCKAPI_= /showIncludes /FoCMakeFiles\cmTC_90008.dir\SIZEOF_ADDRESS_FAMILY.c.obj /FdCMakeFiles\cmTC_90008.dir\ /FS -c G:\GITHUB\GitHubDesktop\curl\out\build\x64-Debug\CMakeFiles\CheckTypeSize\SIZEOF_ADDRESS_FAMILY.c
C:\Program Files (x86)\Windows Kits\10\include\10.0.22621.0\shared\ws2def.h(47): fatal error C1189: #error:  Do not include winsock.h and ws2def.h in the same module. Instead include only winsock2.h.
ninja: build stopped: subcommand failed.


G:/GITHUB/GitHubDesktop/curl/out/build/x64-Debug/CMakeFiles/CheckTypeSize/SIZEOF_ADDRESS_FAMILY.c:
#include <sys/types.h>
#include <stddef.h>
#include "ws2def.h"


#undef KEY
#if defined(__i386)
# define KEY '_','_','i','3','8','6'
#elif defined(__x86_64)
# define KEY '_','_','x','8','6','_','6','4'
#elif defined(__PPC64__)
# define KEY '_','_','P','P','C','6','4','_','_'
#elif defined(__ppc64__)
# define KEY '_','_','p','p','c','6','4','_','_'
#elif defined(__PPC__)
# define KEY '_','_','P','P','C','_','_'
#elif defined(__ppc__)
# define KEY '_','_','p','p','c','_','_'
#elif defined(__aarch64__)
# define KEY '_','_','a','a','r','c','h','6','4','_','_'
#elif defined(__ARM_ARCH_7A__)
# define KEY '_','_','A','R','M','_','A','R','C','H','_','7','A','_','_'
#elif defined(__ARM_ARCH_7S__)
# define KEY '_','_','A','R','M','_','A','R','C','H','_','7','S','_','_'
#endif

#define SIZE (sizeof(ADDRESS_FAMILY))
static char info_size[] =  {'I', 'N', 'F', 'O', ':', 's','i','z','e','[',
  ('0' + ((SIZE / 10000)%10)),
  ('0' + ((SIZE / 1000)%10)),
  ('0' + ((SIZE / 100)%10)),
  ('0' + ((SIZE / 10)%10)),
  ('0' +  (SIZE    % 10)),
  ']',
#ifdef KEY
  ' ','k','e','y','[', KEY, ']',
#endif
  '\0'};

#ifdef __CLASSIC_C__
int main(argc, argv) int argc; char *argv[];
#else
int main(int argc, char *argv[])
#endif
{
  int require = 0;
  require += info_size[argc];
  (void)argv;
  return require;
}


Performing Curl Test HAVE_FCNTL_O_NONBLOCK failed with the following output:
Change Dir: G:/GITHUB/GitHubDesktop/curl/out/build/x64-Debug/CMakeFiles/CMakeTmp

Run Build Command(s):C:/Program Files/Microsoft Visual Studio/2022/Community/Common7/IDE/CommonExtensions/Microsoft/CMake/Ninja/ninja.exe cmTC_9f8e8 && [1/2] Building C object CMakeFiles\cmTC_9f8e8.dir\CurlTests.c.obj
FAILED: CMakeFiles/cmTC_9f8e8.dir/CurlTests.c.obj 
C:\PROGRA~1\MIB055~1\2022\COMMUN~1\VC\Tools\MSVC\1433~1.316\bin\HostX64\x64\cl.exe  /nologo   /DWIN32 /D_WINDOWS -DHAVE_FCNTL_O_NONBLOCK  -DHAVE_WINDOWS_H -DHAVE_WS2TCPIP_H -DHAVE_WINSOCK2_H -DHAVE_WINCRYPT_H -DHAVE_SYS_STAT_H -DHAVE_SYS_TYPES_H -DHAVE_SYS_UTIME_H -DHAVE_ASSERT_H -DHAVE_ERRNO_H -DHAVE_FCNTL_H -DHAVE_IO_H -DHAVE_LOCALE_H -DHAVE_SETJMP_H -DHAVE_SIGNAL_H -DHAVE_STDBOOL_H -DHAVE_STDLIB_H -DHAVE_STRING_H -DHAVE_TIME_H -DHAVE_STDDEF_H /Zi /Ob0 /Od /RTC1 -MDd /showIncludes /FoCMakeFiles\cmTC_9f8e8.dir\CurlTests.c.obj /FdCMakeFiles\cmTC_9f8e8.dir\ /FS -c G:\GITHUB\GitHubDesktop\curl\CMake\CurlTests.c
G:\GITHUB\GitHubDesktop\curl\CMake\CurlTests.c(46): fatal error C1083: Cannot open include file: 'unistd.h': No such file or directory
ninja: build stopped: subcommand failed.


Performing Curl Test HAVE_IOCTLSOCKET_CAMEL failed with the following output:
Change Dir: G:/GITHUB/GitHubDesktop/curl/out/build/x64-Debug/CMakeFiles/CMakeTmp

Run Build Command(s):C:/Program Files/Microsoft Visual Studio/2022/Community/Common7/IDE/CommonExtensions/Microsoft/CMake/Ninja/ninja.exe cmTC_6696f && [1/2] Building C object CMakeFiles\cmTC_6696f.dir\CurlTests.c.obj
[2/2] Linking C executable cmTC_6696f.exe
FAILED: cmTC_6696f.exe 
cmd.exe /C "cd . && "C:\Program Files\Microsoft Visual Studio\2022\Community\Common7\IDE\CommonExtensions\Microsoft\CMake\CMake\bin\cmake.exe" -E vs_link_exe --intdir=CMakeFiles\cmTC_6696f.dir --rc=C:\PROGRA~2\WI3CF2~1\10\bin\100226~1.0\x64\rc.exe --mt=C:\PROGRA~2\WI3CF2~1\10\bin\100226~1.0\x64\mt.exe --manifests  -- C:\PROGRA~1\MIB055~1\2022\COMMUN~1\VC\Tools\MSVC\1433~1.316\bin\HostX64\x64\link.exe /nologo CMakeFiles\cmTC_6696f.dir\CurlTests.c.obj  /out:cmTC_6696f.exe /implib:cmTC_6696f.lib /pdb:cmTC_6696f.pdb /version:0.0 /machine:x64  /debug /INCREMENTAL /subsystem:console  ws2_32.lib  kernel32.lib user32.lib gdi32.lib winspool.lib shell32.lib ole32.lib oleaut32.lib uuid.lib comdlg32.lib advapi32.lib && cd ."
LINK Pass 1: command "C:\PROGRA~1\MIB055~1\2022\COMMUN~1\VC\Tools\MSVC\1433~1.316\bin\HostX64\x64\link.exe /nologo CMakeFiles\cmTC_6696f.dir\CurlTests.c.obj /out:cmTC_6696f.exe /implib:cmTC_6696f.lib /pdb:cmTC_6696f.pdb /version:0.0 /machine:x64 /debug /INCREMENTAL /subsystem:console ws2_32.lib kernel32.lib user32.lib gdi32.lib winspool.lib shell32.lib ole32.lib oleaut32.lib uuid.lib comdlg32.lib advapi32.lib /MANIFEST /MANIFESTFILE:CMakeFiles\cmTC_6696f.dir/intermediate.manifest CMakeFiles\cmTC_6696f.dir/manifest.res" failed (exit code 1120) with the following output:
CurlTests.c.obj : error LNK2019: unresolved external symbol IoctlSocket referenced in function main
cmTC_6696f.exe : fatal error LNK1120: 1 unresolved externals
ninja: build stopped: subcommand failed.


Performing Curl Test HAVE_IOCTLSOCKET_CAMEL_FIONBIO failed with the following output:
Change Dir: G:/GITHUB/GitHubDesktop/curl/out/build/x64-Debug/CMakeFiles/CMakeTmp

Run Build Command(s):C:/Program Files/Microsoft Visual Studio/2022/Community/Common7/IDE/CommonExtensions/Microsoft/CMake/Ninja/ninja.exe cmTC_fc398 && [1/2] Building C object CMakeFiles\cmTC_fc398.dir\CurlTests.c.obj
[2/2] Linking C executable cmTC_fc398.exe
FAILED: cmTC_fc398.exe 
cmd.exe /C "cd . && "C:\Program Files\Microsoft Visual Studio\2022\Community\Common7\IDE\CommonExtensions\Microsoft\CMake\CMake\bin\cmake.exe" -E vs_link_exe --intdir=CMakeFiles\cmTC_fc398.dir --rc=C:\PROGRA~2\WI3CF2~1\10\bin\100226~1.0\x64\rc.exe --mt=C:\PROGRA~2\WI3CF2~1\10\bin\100226~1.0\x64\mt.exe --manifests  -- C:\PROGRA~1\MIB055~1\2022\COMMUN~1\VC\Tools\MSVC\1433~1.316\bin\HostX64\x64\link.exe /nologo CMakeFiles\cmTC_fc398.dir\CurlTests.c.obj  /out:cmTC_fc398.exe /implib:cmTC_fc398.lib /pdb:cmTC_fc398.pdb /version:0.0 /machine:x64  /debug /INCREMENTAL /subsystem:console  ws2_32.lib  kernel32.lib user32.lib gdi32.lib winspool.lib shell32.lib ole32.lib oleaut32.lib uuid.lib comdlg32.lib advapi32.lib && cd ."
LINK Pass 1: command "C:\PROGRA~1\MIB055~1\2022\COMMUN~1\VC\Tools\MSVC\1433~1.316\bin\HostX64\x64\link.exe /nologo CMakeFiles\cmTC_fc398.dir\CurlTests.c.obj /out:cmTC_fc398.exe /implib:cmTC_fc398.lib /pdb:cmTC_fc398.pdb /version:0.0 /machine:x64 /debug /INCREMENTAL /subsystem:console ws2_32.lib kernel32.lib user32.lib gdi32.lib winspool.lib shell32.lib ole32.lib oleaut32.lib uuid.lib comdlg32.lib advapi32.lib /MANIFEST /MANIFESTFILE:CMakeFiles\cmTC_fc398.dir/intermediate.manifest CMakeFiles\cmTC_fc398.dir/manifest.res" failed (exit code 1120) with the following output:
CurlTests.c.obj : error LNK2019: unresolved external symbol IoctlSocket referenced in function main
cmTC_fc398.exe : fatal error LNK1120: 1 unresolved externals
ninja: build stopped: subcommand failed.


Performing Curl Test HAVE_IOCTL_FIONBIO failed with the following output:
Change Dir: G:/GITHUB/GitHubDesktop/curl/out/build/x64-Debug/CMakeFiles/CMakeTmp

Run Build Command(s):C:/Program Files/Microsoft Visual Studio/2022/Community/Common7/IDE/CommonExtensions/Microsoft/CMake/Ninja/ninja.exe cmTC_8de66 && [1/2] Building C object CMakeFiles\cmTC_8de66.dir\CurlTests.c.obj
FAILED: CMakeFiles/cmTC_8de66.dir/CurlTests.c.obj 
C:\PROGRA~1\MIB055~1\2022\COMMUN~1\VC\Tools\MSVC\1433~1.316\bin\HostX64\x64\cl.exe  /nologo   /DWIN32 /D_WINDOWS -DHAVE_IOCTL_FIONBIO  -DHAVE_WINDOWS_H -DHAVE_WS2TCPIP_H -DHAVE_WINSOCK2_H -DHAVE_WINCRYPT_H -DHAVE_SYS_STAT_H -DHAVE_SYS_TYPES_H -DHAVE_SYS_UTIME_H -DHAVE_ASSERT_H -DHAVE_ERRNO_H -DHAVE_FCNTL_H -DHAVE_IO_H -DHAVE_LOCALE_H -DHAVE_SETJMP_H -DHAVE_SIGNAL_H -DHAVE_STDBOOL_H -DHAVE_STDLIB_H -DHAVE_STRING_H -DHAVE_TIME_H -DHAVE_STDDEF_H /Zi /Ob0 /Od /RTC1 -MDd /showIncludes /FoCMakeFiles\cmTC_8de66.dir\CurlTests.c.obj /FdCMakeFiles\cmTC_8de66.dir\ /FS -c G:\GITHUB\GitHubDesktop\curl\CMake\CurlTests.c
G:\GITHUB\GitHubDesktop\curl\CMake\CurlTests.c(323): error C2065: 'FIONBIO': undeclared identifier
ninja: build stopped: subcommand failed.


Performing Curl Test HAVE_IOCTL_SIOCGIFADDR failed with the following output:
Change Dir: G:/GITHUB/GitHubDesktop/curl/out/build/x64-Debug/CMakeFiles/CMakeTmp

Run Build Command(s):C:/Program Files/Microsoft Visual Studio/2022/Community/Common7/IDE/CommonExtensions/Microsoft/CMake/Ninja/ninja.exe cmTC_51ece && [1/2] Building C object CMakeFiles\cmTC_51ece.dir\CurlTests.c.obj
FAILED: CMakeFiles/cmTC_51ece.dir/CurlTests.c.obj 
C:\PROGRA~1\MIB055~1\2022\COMMUN~1\VC\Tools\MSVC\1433~1.316\bin\HostX64\x64\cl.exe  /nologo   /DWIN32 /D_WINDOWS -DHAVE_IOCTL_SIOCGIFADDR  -DHAVE_WINDOWS_H -DHAVE_WS2TCPIP_H -DHAVE_WINSOCK2_H -DHAVE_WINCRYPT_H -DHAVE_SYS_STAT_H -DHAVE_SYS_TYPES_H -DHAVE_SYS_UTIME_H -DHAVE_ASSERT_H -DHAVE_ERRNO_H -DHAVE_FCNTL_H -DHAVE_IO_H -DHAVE_LOCALE_H -DHAVE_SETJMP_H -DHAVE_SIGNAL_H -DHAVE_STDBOOL_H -DHAVE_STDLIB_H -DHAVE_STRING_H -DHAVE_TIME_H -DHAVE_STDDEF_H /Zi /Ob0 /Od /RTC1 -MDd /showIncludes /FoCMakeFiles\cmTC_51ece.dir\CurlTests.c.obj /FdCMakeFiles\cmTC_51ece.dir\ /FS -c G:\GITHUB\GitHubDesktop\curl\CMake\CurlTests.c
G:\GITHUB\GitHubDesktop\curl\CMake\CurlTests.c(348): fatal error C1083: Cannot open include file: 'net/if.h': No such file or directory
ninja: build stopped: subcommand failed.


Performing Curl Test HAVE_SETSOCKOPT_SO_NONBLOCK failed with the following output:
Change Dir: G:/GITHUB/GitHubDesktop/curl/out/build/x64-Debug/CMakeFiles/CMakeTmp

Run Build Command(s):C:/Program Files/Microsoft Visual Studio/2022/Community/Common7/IDE/CommonExtensions/Microsoft/CMake/Ninja/ninja.exe cmTC_92561 && [1/2] Building C object CMakeFiles\cmTC_92561.dir\CurlTests.c.obj
FAILED: CMakeFiles/cmTC_92561.dir/CurlTests.c.obj 
C:\PROGRA~1\MIB055~1\2022\COMMUN~1\VC\Tools\MSVC\1433~1.316\bin\HostX64\x64\cl.exe  /nologo   /DWIN32 /D_WINDOWS -DHAVE_SETSOCKOPT_SO_NONBLOCK  -DHAVE_WINDOWS_H -DHAVE_WS2TCPIP_H -DHAVE_WINSOCK2_H -DHAVE_WINCRYPT_H -DHAVE_SYS_STAT_H -DHAVE_SYS_TYPES_H -DHAVE_SYS_UTIME_H -DHAVE_ASSERT_H -DHAVE_ERRNO_H -DHAVE_FCNTL_H -DHAVE_IO_H -DHAVE_LOCALE_H -DHAVE_SETJMP_H -DHAVE_SIGNAL_H -DHAVE_STDBOOL_H -DHAVE_STDLIB_H -DHAVE_STRING_H -DHAVE_TIME_H -DHAVE_STDDEF_H /Zi /Ob0 /Od /RTC1 -MDd /showIncludes /FoCMakeFiles\cmTC_92561.dir\CurlTests.c.obj /FdCMakeFiles\cmTC_92561.dir\ /FS -c G:\GITHUB\GitHubDesktop\curl\CMake\CurlTests.c
G:\GITHUB\GitHubDesktop\curl\CMake\CurlTests.c(384): error C2065: 'SO_NONBLOCK': undeclared identifier
ninja: build stopped: subcommand failed.


Performing Curl Test HAVE_FILE_OFFSET_BITS failed with the following output:
Change Dir: G:/GITHUB/GitHubDesktop/curl/out/build/x64-Debug/CMakeFiles/CMakeTmp

Run Build Command(s):C:/Program Files/Microsoft Visual Studio/2022/Community/Common7/IDE/CommonExtensions/Microsoft/CMake/Ninja/ninja.exe cmTC_0e419 && [1/2] Building C object CMakeFiles\cmTC_0e419.dir\CurlTests.c.obj
FAILED: CMakeFiles/cmTC_0e419.dir/CurlTests.c.obj 
C:\PROGRA~1\MIB055~1\2022\COMMUN~1\VC\Tools\MSVC\1433~1.316\bin\HostX64\x64\cl.exe  /nologo   /DWIN32 /D_WINDOWS -DHAVE_FILE_OFFSET_BITS  -DHAVE_WINDOWS_H -DHAVE_WS2TCPIP_H -DHAVE_WINSOCK2_H -DHAVE_WINCRYPT_H -DHAVE_SYS_STAT_H -DHAVE_SYS_TYPES_H -DHAVE_SYS_UTIME_H -DHAVE_ASSERT_H -DHAVE_ERRNO_H -DHAVE_FCNTL_H -DHAVE_IO_H -DHAVE_LOCALE_H -DHAVE_SETJMP_H -DHAVE_SIGNAL_H -DHAVE_STDBOOL_H -DHAVE_STDLIB_H -DHAVE_STRING_H -DHAVE_TIME_H -DHAVE_STDDEF_H /Zi /Ob0 /Od /RTC1 -MDd /showIncludes /FoCMakeFiles\cmTC_0e419.dir\CurlTests.c.obj /FdCMakeFiles\cmTC_0e419.dir\ /FS -c G:\GITHUB\GitHubDesktop\curl\CMake\CurlTests.c
G:\GITHUB\GitHubDesktop\curl\CMake\CurlTests.c(198): warning C4293: '<<': shift count negative or too big, undefined behavior
G:\GITHUB\GitHubDesktop\curl\CMake\CurlTests.c(199): warning C4293: '<<': shift count negative or too big, undefined behavior
G:\GITHUB\GitHubDesktop\curl\CMake\CurlTests.c(200): error C2118: negative subscript
ninja: build stopped: subcommand failed.


Performing Curl Test HAVE_VARIADIC_MACROS_GCC failed with the following output:
Change Dir: G:/GITHUB/GitHubDesktop/curl/out/build/x64-Debug/CMakeFiles/CMakeTmp

Run Build Command(s):C:/Program Files/Microsoft Visual Studio/2022/Community/Common7/IDE/CommonExtensions/Microsoft/CMake/Ninja/ninja.exe cmTC_56b20 && [1/2] Building C object CMakeFiles\cmTC_56b20.dir\CurlTests.c.obj
FAILED: CMakeFiles/cmTC_56b20.dir/CurlTests.c.obj 
C:\PROGRA~1\MIB055~1\2022\COMMUN~1\VC\Tools\MSVC\1433~1.316\bin\HostX64\x64\cl.exe  /nologo   /DWIN32 /D_WINDOWS -DHAVE_VARIADIC_MACROS_GCC  -DHAVE_WINDOWS_H -DHAVE_WS2TCPIP_H -DHAVE_WINSOCK2_H -DHAVE_WINCRYPT_H -DHAVE_SYS_STAT_H -DHAVE_SYS_TYPES_H -DHAVE_SYS_UTIME_H -DHAVE_ASSERT_H -DHAVE_ERRNO_H -DHAVE_FCNTL_H -DHAVE_IO_H -DHAVE_LOCALE_H -DHAVE_SETJMP_H -DHAVE_SIGNAL_H -DHAVE_STDBOOL_H -DHAVE_STDLIB_H -DHAVE_STRING_H -DHAVE_TIME_H -DHAVE_STDDEF_H /Zi /Ob0 /Od /RTC1 -MDd /showIncludes /FoCMakeFiles\cmTC_56b20.dir\CurlTests.c.obj /FdCMakeFiles\cmTC_56b20.dir\ /FS -c G:\GITHUB\GitHubDesktop\curl\CMake\CurlTests.c
G:\GITHUB\GitHubDesktop\curl\CMake\CurlTests.c(475): error C2010: '.': unexpected in macro parameter list
G:\GITHUB\GitHubDesktop\curl\CMake\CurlTests.c(476): error C2010: '.': unexpected in macro parameter list
ninja: build stopped: subcommand failed.


Performing Curl Test HAVE_ATOMIC failed with the following output:
Change Dir: G:/GITHUB/GitHubDesktop/curl/out/build/x64-Debug/CMakeFiles/CMakeTmp

Run Build Command(s):C:/Program Files/Microsoft Visual Studio/2022/Community/Common7/IDE/CommonExtensions/Microsoft/CMake/Ninja/ninja.exe cmTC_6ffa5 && [1/2] Building C object CMakeFiles\cmTC_6ffa5.dir\CurlTests.c.obj
FAILED: CMakeFiles/cmTC_6ffa5.dir/CurlTests.c.obj 
C:\PROGRA~1\MIB055~1\2022\COMMUN~1\VC\Tools\MSVC\1433~1.316\bin\HostX64\x64\cl.exe  /nologo   /DWIN32 /D_WINDOWS -DHAVE_ATOMIC  -DHAVE_WINDOWS_H -DHAVE_WS2TCPIP_H -DHAVE_WINSOCK2_H -DHAVE_WINCRYPT_H -DHAVE_SYS_STAT_H -DHAVE_SYS_TYPES_H -DHAVE_SYS_UTIME_H -DHAVE_ASSERT_H -DHAVE_ERRNO_H -DHAVE_FCNTL_H -DHAVE_IO_H -DHAVE_LOCALE_H -DHAVE_SETJMP_H -DHAVE_SIGNAL_H -DHAVE_STDBOOL_H -DHAVE_STDLIB_H -DHAVE_STRING_H -DHAVE_TIME_H -DHAVE_STDDEF_H /Zi /Ob0 /Od /RTC1 -MDd /showIncludes /FoCMakeFiles\cmTC_6ffa5.dir\CurlTests.c.obj /FdCMakeFiles\cmTC_6ffa5.dir\ /FS -c G:\GITHUB\GitHubDesktop\curl\CMake\CurlTests.c
G:\GITHUB\GitHubDesktop\curl\CMake\CurlTests.c(512): error C2065: '_Atomic': undeclared identifier
G:\GITHUB\GitHubDesktop\curl\CMake\CurlTests.c(512): error C2143: syntax error: missing ';' before 'type'
ninja: build stopped: subcommand failed.


Performing Curl Test HAVE_GLIBC_STRERROR_R failed with the following output:
Change Dir: G:/GITHUB/GitHubDesktop/curl/out/build/x64-Debug/CMakeFiles/CMakeTmp

Run Build Command(s):C:/Program Files/Microsoft Visual Studio/2022/Community/Common7/IDE/CommonExtensions/Microsoft/CMake/Ninja/ninja.exe cmTC_f5b01 && [1/2] Building C object CMakeFiles\cmTC_f5b01.dir\CurlTests.c.obj
FAILED: CMakeFiles/cmTC_f5b01.dir/CurlTests.c.obj 
C:\PROGRA~1\MIB055~1\2022\COMMUN~1\VC\Tools\MSVC\1433~1.316\bin\HostX64\x64\cl.exe  /nologo   /DWIN32 /D_WINDOWS -DHAVE_GLIBC_STRERROR_R  -DHAVE_WINDOWS_H -DHAVE_WS2TCPIP_H -DHAVE_WINSOCK2_H -DHAVE_WINCRYPT_H -DHAVE_SYS_STAT_H -DHAVE_SYS_TYPES_H -DHAVE_SYS_UTIME_H -DHAVE_ASSERT_H -DHAVE_ERRNO_H -DHAVE_FCNTL_H -DHAVE_IO_H -DHAVE_LOCALE_H -DHAVE_SETJMP_H -DHAVE_SIGNAL_H -DHAVE_STDBOOL_H -DHAVE_STDLIB_H -DHAVE_STRING_H -DHAVE_TIME_H -DHAVE_STDDEF_H /Zi /Ob0 /Od /RTC1 -MDd /showIncludes /FoCMakeFiles\cmTC_f5b01.dir\CurlTests.c.obj /FdCMakeFiles\cmTC_f5b01.dir\ /FS -c G:\GITHUB\GitHubDesktop\curl\CMake\CurlTests.c
G:\GITHUB\GitHubDesktop\curl\CMake\CurlTests.c(400): error C2109: subscript requires array or pointer type
G:\GITHUB\GitHubDesktop\curl\CMake\CurlTests.c(400): error C2198: 'check': too few arguments for call
ninja: build stopped: subcommand failed.


Performing Curl Test HAVE_POSIX_STRERROR_R failed with the following output:
Change Dir: G:/GITHUB/GitHubDesktop/curl/out/build/x64-Debug/CMakeFiles/CMakeTmp

Run Build Command(s):C:/Program Files/Microsoft Visual Studio/2022/Community/Common7/IDE/CommonExtensions/Microsoft/CMake/Ninja/ninja.exe cmTC_b54ca && [1/2] Building C object CMakeFiles\cmTC_b54ca.dir\CurlTests.c.obj
[2/2] Linking C executable cmTC_b54ca.exe
FAILED: cmTC_b54ca.exe 
cmd.exe /C "cd . && "C:\Program Files\Microsoft Visual Studio\2022\Community\Common7\IDE\CommonExtensions\Microsoft\CMake\CMake\bin\cmake.exe" -E vs_link_exe --intdir=CMakeFiles\cmTC_b54ca.dir --rc=C:\PROGRA~2\WI3CF2~1\10\bin\100226~1.0\x64\rc.exe --mt=C:\PROGRA~2\WI3CF2~1\10\bin\100226~1.0\x64\mt.exe --manifests  -- C:\PROGRA~1\MIB055~1\2022\COMMUN~1\VC\Tools\MSVC\1433~1.316\bin\HostX64\x64\link.exe /nologo CMakeFiles\cmTC_b54ca.dir\CurlTests.c.obj  /out:cmTC_b54ca.exe /implib:cmTC_b54ca.lib /pdb:cmTC_b54ca.pdb /version:0.0 /machine:x64  /debug /INCREMENTAL /subsystem:console  ws2_32.lib  kernel32.lib user32.lib gdi32.lib winspool.lib shell32.lib ole32.lib oleaut32.lib uuid.lib comdlg32.lib advapi32.lib && cd ."
LINK Pass 1: command "C:\PROGRA~1\MIB055~1\2022\COMMUN~1\VC\Tools\MSVC\1433~1.316\bin\HostX64\x64\link.exe /nologo CMakeFiles\cmTC_b54ca.dir\CurlTests.c.obj /out:cmTC_b54ca.exe /implib:cmTC_b54ca.lib /pdb:cmTC_b54ca.pdb /version:0.0 /machine:x64 /debug /INCREMENTAL /subsystem:console ws2_32.lib kernel32.lib user32.lib gdi32.lib winspool.lib shell32.lib ole32.lib oleaut32.lib uuid.lib comdlg32.lib advapi32.lib /MANIFEST /MANIFESTFILE:CMakeFiles\cmTC_b54ca.dir/intermediate.manifest CMakeFiles\cmTC_b54ca.dir/manifest.res" failed (exit code 1120) with the following output:
CurlTests.c.obj : error LNK2019: unresolved external symbol strerror_r referenced in function main
cmTC_b54ca.exe : fatal error LNK1120: 1 unresolved externals
ninja: build stopped: subcommand failed.


Performing Curl Test HAVE_CLOCK_GETTIME_MONOTONIC failed with the following output:
Change Dir: G:/GITHUB/GitHubDesktop/curl/out/build/x64-Debug/CMakeFiles/CMakeTmp

Run Build Command(s):C:/Program Files/Microsoft Visual Studio/2022/Community/Common7/IDE/CommonExtensions/Microsoft/CMake/Ninja/ninja.exe cmTC_b344b && [1/2] Building C object CMakeFiles\cmTC_b344b.dir\CurlTests.c.obj
FAILED: CMakeFiles/cmTC_b344b.dir/CurlTests.c.obj 
C:\PROGRA~1\MIB055~1\2022\COMMUN~1\VC\Tools\MSVC\1433~1.316\bin\HostX64\x64\cl.exe  /nologo   /DWIN32 /D_WINDOWS -DHAVE_CLOCK_GETTIME_MONOTONIC  -DHAVE_WINDOWS_H -DHAVE_WS2TCPIP_H -DHAVE_WINSOCK2_H -DHAVE_WINCRYPT_H -DHAVE_SYS_STAT_H -DHAVE_SYS_TYPES_H -DHAVE_SYS_UTIME_H -DHAVE_ASSERT_H -DHAVE_ERRNO_H -DHAVE_FCNTL_H -DHAVE_IO_H -DHAVE_LOCALE_H -DHAVE_SETJMP_H -DHAVE_SIGNAL_H -DHAVE_STDBOOL_H -DHAVE_STDLIB_H -DHAVE_STRING_H -DHAVE_TIME_H -DHAVE_STDDEF_H /Zi /Ob0 /Od /RTC1 -MDd /showIncludes /FoCMakeFiles\cmTC_b344b.dir\CurlTests.c.obj /FdCMakeFiles\cmTC_b344b.dir\ /FS -c G:\GITHUB\GitHubDesktop\curl\CMake\CurlTests.c
G:\GITHUB\GitHubDesktop\curl\CMake\CurlTests.c(440): error C2065: 'CLOCK_MONOTONIC': undeclared identifier
ninja: build stopped: subcommand failed.


Performing Curl Test HAVE_BUILTIN_AVAILABLE failed with the following output:
Change Dir: G:/GITHUB/GitHubDesktop/curl/out/build/x64-Debug/CMakeFiles/CMakeTmp

Run Build Command(s):C:/Program Files/Microsoft Visual Studio/2022/Community/Common7/IDE/CommonExtensions/Microsoft/CMake/Ninja/ninja.exe cmTC_0048c && [1/2] Building C object CMakeFiles\cmTC_0048c.dir\CurlTests.c.obj
FAILED: CMakeFiles/cmTC_0048c.dir/CurlTests.c.obj 
C:\PROGRA~1\MIB055~1\2022\COMMUN~1\VC\Tools\MSVC\1433~1.316\bin\HostX64\x64\cl.exe  /nologo   /DWIN32 /D_WINDOWS -DHAVE_BUILTIN_AVAILABLE  -DHAVE_WINDOWS_H -DHAVE_WS2TCPIP_H -DHAVE_WINSOCK2_H -DHAVE_WINCRYPT_H -DHAVE_SYS_STAT_H -DHAVE_SYS_TYPES_H -DHAVE_SYS_UTIME_H -DHAVE_ASSERT_H -DHAVE_ERRNO_H -DHAVE_FCNTL_H -DHAVE_IO_H -DHAVE_LOCALE_H -DHAVE_SETJMP_H -DHAVE_SIGNAL_H -DHAVE_STDBOOL_H -DHAVE_STDLIB_H -DHAVE_STRING_H -DHAVE_TIME_H -DHAVE_STDDEF_H /Zi /Ob0 /Od /RTC1 -MDd /showIncludes /FoCMakeFiles\cmTC_0048c.dir\CurlTests.c.obj /FdCMakeFiles\cmTC_0048c.dir\ /FS -c G:\GITHUB\GitHubDesktop\curl\CMake\CurlTests.c
G:\GITHUB\GitHubDesktop\curl\CMake\CurlTests.c(447): error C2065: 'macOS': undeclared identifier
G:\GITHUB\GitHubDesktop\curl\CMake\CurlTests.c(447): error C2143: syntax error: missing ')' before 'constant'
G:\GITHUB\GitHubDesktop\curl\CMake\CurlTests.c(447): error C2059: syntax error: ')'
ninja: build stopped: subcommand failed.


Performing C SOURCE FILE Test HAVE_MSG_NOSIGNAL failed with the following output:
Change Dir: G:/GITHUB/GitHubDesktop/curl/out/build/x64-Debug/CMakeFiles/CMakeTmp

Run Build Command(s):C:/Program Files/Microsoft Visual Studio/2022/Community/Common7/IDE/CommonExtensions/Microsoft/CMake/Ninja/ninja.exe cmTC_704ab && [1/2] Building C object CMakeFiles\cmTC_704ab.dir\src.c.obj
FAILED: CMakeFiles/cmTC_704ab.dir/src.c.obj 
C:\PROGRA~1\MIB055~1\2022\COMMUN~1\VC\Tools\MSVC\1433~1.316\bin\HostX64\x64\cl.exe  /nologo -DHAVE_MSG_NOSIGNAL -IG:\GITHUB\GitHubDesktop\curl\include /DWIN32 /D_WINDOWS  /Zi /Ob0 /Od /RTC1 -MDd    -D_WINSOCKAPI_= /showIncludes /FoCMakeFiles\cmTC_704ab.dir\src.c.obj /FdCMakeFiles\cmTC_704ab.dir\cmTC_704ab.pdb /FS -c G:\GITHUB\GitHubDesktop\curl\out\build\x64-Debug\CMakeFiles\CMakeTmp\src.c
G:\GITHUB\GitHubDesktop\curl\out\build\x64-Debug\CMakeFiles\CMakeTmp\src.c(8): error C2065: 'MSG_NOSIGNAL': undeclared identifier
ninja: build stopped: subcommand failed.


Source file was:
#undef inline
#include <winsock2.h>
#include <windows.h>
#ifndef WIN32_LEAN_AND_MEAN
#define WIN32_LEAN_AND_MEAN
#endif
  int main(void) {
    int flag = MSG_NOSIGNAL;
    (void)flag;
    return 0;
  }
Performing C SOURCE FILE Test HAVE_POLL_FINE failed with the following compile output:
Change Dir: G:/GITHUB/GitHubDesktop/curl/out/build/x64-Debug/CMakeFiles/CMakeTmp

Run Build Command(s):C:/Program Files/Microsoft Visual Studio/2022/Community/Common7/IDE/CommonExtensions/Microsoft/CMake/Ninja/ninja.exe cmTC_13443 && [1/2] Building C object CMakeFiles\cmTC_13443.dir\src.c.obj
FAILED: CMakeFiles/cmTC_13443.dir/src.c.obj 
C:\PROGRA~1\MIB055~1\2022\COMMUN~1\VC\Tools\MSVC\1433~1.316\bin\HostX64\x64\cl.exe  /nologo -DHAVE_POLL_FINE -IG:\GITHUB\GitHubDesktop\curl\include /DWIN32 /D_WINDOWS  /Zi /Ob0 /Od /RTC1 -MDd    -D_WINSOCKAPI_= /showIncludes /FoCMakeFiles\cmTC_13443.dir\src.c.obj /FdCMakeFiles\cmTC_13443.dir\ /FS -c G:\GITHUB\GitHubDesktop\curl\out\build\x64-Debug\CMakeFiles\CMakeTmp\src.c
G:\GITHUB\GitHubDesktop\curl\out\build\x64-Debug\CMakeFiles\CMakeTmp\src.c(3): fatal error C1083: Cannot open include file: 'sys/time.h': No such file or directory
ninja: build stopped: subcommand failed.


...and run output:

Return value: 1
Source file was:

      #include <stdlib.h>
      #include <sys/time.h>

      #ifdef HAVE_SYS_POLL_H
      #  include <sys/poll.h>
      #elif  HAVE_POLL_H
      #  include <poll.h>
      #endif

      int main(void)
      {
          if(0 != poll(0, 0, 10)) {
            return 1; /* fail */
          }
          else {
            /* detect the 10.12 poll() breakage */
            struct timeval before, after;
            int rc;
            size_t us;

            gettimeofday(&before, NULL);
            rc = poll(NULL, 0, 500);
            gettimeofday(&after, NULL);

            us = (after.tv_sec - before.tv_sec) * 1000000 +
              (after.tv_usec - before.tv_usec);

            if(us < 400000) {
              return 1;
            }
          }
          return 0;
    }
Performing Curl Test HAVE_WIN32_WINNT failed with the following output:
Change Dir: G:/GITHUB/GitHubDesktop/curl/out/build/x64-Debug/CMakeFiles/CMakeTmp

Run Build Command(s):C:/Program Files/Microsoft Visual Studio/2022/Community/Common7/IDE/CommonExtensions/Microsoft/CMake/Ninja/ninja.exe cmTC_996a2 && [1/2] Building C object CMakeFiles\cmTC_996a2.dir\CurlTests.c.obj
FAILED: CMakeFiles/cmTC_996a2.dir/CurlTests.c.obj 
C:\PROGRA~1\MIB055~1\2022\COMMUN~1\VC\Tools\MSVC\1433~1.316\bin\HostX64\x64\cl.exe  /nologo   /DWIN32 /D_WINDOWS -DHAVE_WIN32_WINNT  -D_WIN32_WINNT=10.0.22623 -DHAVE_WINDOWS_H -DHAVE_WS2TCPIP_H -DHAVE_WINSOCK2_H -DHAVE_WINCRYPT_H -DHAVE_SYS_STAT_H -DHAVE_SYS_TYPES_H -DHAVE_SYS_UTIME_H -DHAVE_ASSERT_H -DHAVE_ERRNO_H -DHAVE_FCNTL_H -DHAVE_IO_H -DHAVE_LOCALE_H -DHAVE_SETJMP_H -DHAVE_SIGNAL_H -DHAVE_STDBOOL_H -DHAVE_STDLIB_H -DHAVE_STRING_H -DHAVE_TIME_H -DHAVE_STDDEF_H /Zi /Ob0 /Od /RTC1 -MDd /showIncludes /FoCMakeFiles\cmTC_996a2.dir\CurlTests.c.obj /FdCMakeFiles\cmTC_996a2.dir\ /FS -c G:\GITHUB\GitHubDesktop\curl\CMake\CurlTests.c
C:\Program Files (x86)\Windows Kits\10\include\10.0.22621.0\shared\sdkddkver.h(229): fatal error C1017: invalid integer constant expression
ninja: build stopped: subcommand failed.


Performing Curl Test HAVE_WIN32_WINNT failed with the following output:
Change Dir: G:/GITHUB/GitHubDesktop/curl/out/build/x64-Debug/CMakeFiles/CMakeTmp

Run Build Command(s):C:/Program Files/Microsoft Visual Studio/2022/Community/Common7/IDE/CommonExtensions/Microsoft/CMake/Ninja/ninja.exe cmTC_afa10 && [1/2] Building C object CMakeFiles\cmTC_afa10.dir\CurlTests.c.obj
FAILED: CMakeFiles/cmTC_afa10.dir/CurlTests.c.obj 
C:\PROGRA~1\MIB055~1\2022\COMMUN~1\VC\Tools\MSVC\1433~1.316\bin\HostX64\x64\cl.exe  /nologo   /DWIN32 /D_WINDOWS -DHAVE_WIN32_WINNT  -D_WIN32_WINNT=10.0.22623 -DHAVE_WINDOWS_H -DHAVE_WS2TCPIP_H -DHAVE_WINSOCK2_H -DHAVE_WINCRYPT_H -DHAVE_SYS_STAT_H -DHAVE_SYS_TYPES_H -DHAVE_SYS_UTIME_H -DHAVE_ASSERT_H -DHAVE_ERRNO_H -DHAVE_FCNTL_H -DHAVE_IO_H -DHAVE_LOCALE_H -DHAVE_SETJMP_H -DHAVE_SIGNAL_H -DHAVE_STDBOOL_H -DHAVE_STDLIB_H -DHAVE_STRING_H -DHAVE_TIME_H -DHAVE_STDDEF_H /Zi /Ob0 /Od /RTC1 -MDd /showIncludes /FoCMakeFiles\cmTC_afa10.dir\CurlTests.c.obj /FdCMakeFiles\cmTC_afa10.dir\ /FS -c G:\GITHUB\GitHubDesktop\curl\CMake\CurlTests.c
C:\Program Files (x86)\Windows Kits\10\include\10.0.22621.0\shared\sdkddkver.h(229): fatal error C1017: invalid integer constant expression
ninja: build stopped: subcommand failed.


Performing Curl Test HAVE_WIN32_WINNT failed with the following output:
Change Dir: G:/GITHUB/GitHubDesktop/curl/out/build/x64-Debug/CMakeFiles/CMakeTmp

Run Build Command(s):C:/Program Files/Microsoft Visual Studio/2022/Community/Common7/IDE/CommonExtensions/Microsoft/CMake/Ninja/ninja.exe cmTC_482cd && [1/2] Building C object CMakeFiles\cmTC_482cd.dir\CurlTests.c.obj
FAILED: CMakeFiles/cmTC_482cd.dir/CurlTests.c.obj 
C:\PROGRA~1\MIB055~1\2022\COMMUN~1\VC\Tools\MSVC\1433~1.316\bin\HostX64\x64\cl.exe  /nologo   /DWIN32 /D_WINDOWS -DHAVE_WIN32_WINNT  -D_WIN32_WINNT=10.0.22623 -DHAVE_WINDOWS_H -DHAVE_WS2TCPIP_H -DHAVE_WINSOCK2_H -DHAVE_WINCRYPT_H -DHAVE_SYS_STAT_H -DHAVE_SYS_TYPES_H -DHAVE_SYS_UTIME_H -DHAVE_ASSERT_H -DHAVE_ERRNO_H -DHAVE_FCNTL_H -DHAVE_IO_H -DHAVE_LOCALE_H -DHAVE_SETJMP_H -DHAVE_SIGNAL_H -DHAVE_STDBOOL_H -DHAVE_STDLIB_H -DHAVE_STRING_H -DHAVE_TIME_H -DHAVE_STDDEF_H /Zi /Ob0 /Od /RTC1 -MDd /showIncludes /FoCMakeFiles\cmTC_482cd.dir\CurlTests.c.obj /FdCMakeFiles\cmTC_482cd.dir\ /FS -c G:\GITHUB\GitHubDesktop\curl\CMake\CurlTests.c
C:\Program Files (x86)\Windows Kits\10\include\10.0.22621.0\shared\sdkddkver.h(229): fatal error C1017: invalid integer constant expression
ninja: build stopped: subcommand failed.


