Performing C SOURCE FILE Test CMAKE_HAVE_LIBC_PTHREAD failed with the following output:
Change Dir: C:/Users/Joe/source/repos/Jreatc7/curl/out/build/x64-release/CMakeFiles/CMakeTmp

Run Build Command(s):C:/Program Files/Microsoft Visual Studio/2022/Community/Common7/IDE/CommonExtensions/Microsoft/CMake/Ninja/ninja.exe cmTC_76136 && [1/2] Building C object CMakeFiles\cmTC_76136.dir\src.c.obj
FAILED: CMakeFiles/cmTC_76136.dir/src.c.obj 
C:\PROGRA~1\MIB055~1\2022\COMMUN~1\VC\Tools\MSVC\1433~1.316\bin\HostX64\x64\cl.exe  /nologo -DCMAKE_HAVE_LIBC_PTHREAD  /DWIN32 /D_WINDOWS  /Zi /Ob0 /Od /RTC1 -MDd    -D_WIN32_WINNT=0x0600 -D_WINSOCKAPI_= /showIncludes /FoCMakeFiles\cmTC_76136.dir\src.c.obj /FdCMakeFiles\cmTC_76136.dir\ /FS -c C:\Users\Joe\source\repos\Jreatc7\curl\out\build\x64-release\CMakeFiles\CMakeTmp\src.c
C:\Users\Joe\source\repos\Jreatc7\curl\out\build\x64-release\CMakeFiles\CMakeTmp\src.c(1): fatal error C1083: Cannot open include file: 'pthread.h': No such file or directory
ninja: build stopped: subcommand failed.


Source file was:
#include <pthread.h>

static void* test_func(void* data)
{
  return data;
}

int main(void)
{
  pthread_t thread;
  pthread_create(&thread, NULL, test_func, NULL);
  pthread_detach(thread);
  pthread_cancel(thread);
  pthread_join(thread, NULL);
  pthread_atfork(NULL, NULL, NULL);
  pthread_exit(NULL);

  return 0;
}

Determining if the function pthread_create exists in the pthreads failed with the following output:
Change Dir: C:/Users/Joe/source/repos/Jreatc7/curl/out/build/x64-release/CMakeFiles/CMakeTmp

Run Build Command(s):C:/Program Files/Microsoft Visual Studio/2022/Community/Common7/IDE/CommonExtensions/Microsoft/CMake/Ninja/ninja.exe cmTC_392db && [1/2] Building C object CMakeFiles\cmTC_392db.dir\CheckFunctionExists.c.obj
[2/2] Linking C executable cmTC_392db.exe
FAILED: cmTC_392db.exe 
cmd.exe /C "cd . && "C:\Program Files\Microsoft Visual Studio\2022\Community\Common7\IDE\CommonExtensions\Microsoft\CMake\CMake\bin\cmake.exe" -E vs_link_exe --intdir=CMakeFiles\cmTC_392db.dir --rc=C:\PROGRA~2\WI3CF2~1\10\bin\100226~1.0\x64\rc.exe --mt=C:\PROGRA~2\WI3CF2~1\10\bin\100226~1.0\x64\mt.exe --manifests  -- C:\PROGRA~1\MIB055~1\2022\COMMUN~1\VC\Tools\MSVC\1433~1.316\bin\HostX64\x64\link.exe /nologo CMakeFiles\cmTC_392db.dir\CheckFunctionExists.c.obj  /out:cmTC_392db.exe /implib:cmTC_392db.lib /pdb:cmTC_392db.pdb /version:0.0 /machine:x64  /debug /INCREMENTAL /subsystem:console  pthreads.lib  kernel32.lib user32.lib gdi32.lib winspool.lib shell32.lib ole32.lib oleaut32.lib uuid.lib comdlg32.lib advapi32.lib && cd ."
LINK Pass 1: command "C:\PROGRA~1\MIB055~1\2022\COMMUN~1\VC\Tools\MSVC\1433~1.316\bin\HostX64\x64\link.exe /nologo CMakeFiles\cmTC_392db.dir\CheckFunctionExists.c.obj /out:cmTC_392db.exe /implib:cmTC_392db.lib /pdb:cmTC_392db.pdb /version:0.0 /machine:x64 /debug /INCREMENTAL /subsystem:console pthreads.lib kernel32.lib user32.lib gdi32.lib winspool.lib shell32.lib ole32.lib oleaut32.lib uuid.lib comdlg32.lib advapi32.lib /MANIFEST /MANIFESTFILE:CMakeFiles\cmTC_392db.dir/intermediate.manifest CMakeFiles\cmTC_392db.dir/manifest.res" failed (exit code 1104) with the following output:
LINK : fatal error LNK1104: cannot open file 'pthreads.lib'
ninja: build stopped: subcommand failed.



Determining if the function pthread_create exists in the pthread failed with the following output:
Change Dir: C:/Users/Joe/source/repos/Jreatc7/curl/out/build/x64-release/CMakeFiles/CMakeTmp

Run Build Command(s):C:/Program Files/Microsoft Visual Studio/2022/Community/Common7/IDE/CommonExtensions/Microsoft/CMake/Ninja/ninja.exe cmTC_d86ad && [1/2] Building C object CMakeFiles\cmTC_d86ad.dir\CheckFunctionExists.c.obj
[2/2] Linking C executable cmTC_d86ad.exe
FAILED: cmTC_d86ad.exe 
cmd.exe /C "cd . && "C:\Program Files\Microsoft Visual Studio\2022\Community\Common7\IDE\CommonExtensions\Microsoft\CMake\CMake\bin\cmake.exe" -E vs_link_exe --intdir=CMakeFiles\cmTC_d86ad.dir --rc=C:\PROGRA~2\WI3CF2~1\10\bin\100226~1.0\x64\rc.exe --mt=C:\PROGRA~2\WI3CF2~1\10\bin\100226~1.0\x64\mt.exe --manifests  -- C:\PROGRA~1\MIB055~1\2022\COMMUN~1\VC\Tools\MSVC\1433~1.316\bin\HostX64\x64\link.exe /nologo CMakeFiles\cmTC_d86ad.dir\CheckFunctionExists.c.obj  /out:cmTC_d86ad.exe /implib:cmTC_d86ad.lib /pdb:cmTC_d86ad.pdb /version:0.0 /machine:x64  /debug /INCREMENTAL /subsystem:console  pthread.lib  kernel32.lib user32.lib gdi32.lib winspool.lib shell32.lib ole32.lib oleaut32.lib uuid.lib comdlg32.lib advapi32.lib && cd ."
LINK Pass 1: command "C:\PROGRA~1\MIB055~1\2022\COMMUN~1\VC\Tools\MSVC\1433~1.316\bin\HostX64\x64\link.exe /nologo CMakeFiles\cmTC_d86ad.dir\CheckFunctionExists.c.obj /out:cmTC_d86ad.exe /implib:cmTC_d86ad.lib /pdb:cmTC_d86ad.pdb /version:0.0 /machine:x64 /debug /INCREMENTAL /subsystem:console pthread.lib kernel32.lib user32.lib gdi32.lib winspool.lib shell32.lib ole32.lib oleaut32.lib uuid.lib comdlg32.lib advapi32.lib /MANIFEST /MANIFESTFILE:CMakeFiles\cmTC_d86ad.dir/intermediate.manifest CMakeFiles\cmTC_d86ad.dir/manifest.res" failed (exit code 1104) with the following output:
LINK : fatal error LNK1104: cannot open file 'pthread.lib'
ninja: build stopped: subcommand failed.



Determining if files ;winldap.h exist failed with the following output:
Change Dir: C:/Users/Joe/source/repos/Jreatc7/curl/out/build/x64-release/CMakeFiles/CMakeTmp

Run Build Command(s):C:/Program Files/Microsoft Visual Studio/2022/Community/Common7/IDE/CommonExtensions/Microsoft/CMake/Ninja/ninja.exe cmTC_5624b && [1/2] Building C object CMakeFiles\cmTC_5624b.dir\HAVE_WINLDAP_H.c.obj
FAILED: CMakeFiles/cmTC_5624b.dir/HAVE_WINLDAP_H.c.obj 
C:\PROGRA~1\MIB055~1\2022\COMMUN~1\VC\Tools\MSVC\1433~1.316\bin\HostX64\x64\cl.exe  /nologo   /DWIN32 /D_WINDOWS  /Zi /Ob0 /Od /RTC1 -MDd    -D_WIN32_WINNT=0x0600 -D_WINSOCKAPI_= /showIncludes /FoCMakeFiles\cmTC_5624b.dir\HAVE_WINLDAP_H.c.obj /FdCMakeFiles\cmTC_5624b.dir\ /FS -c C:\Users\Joe\source\repos\Jreatc7\curl\out\build\x64-release\CMakeFiles\CheckIncludeFiles\HAVE_WINLDAP_H.c
C:\Program Files (x86)\Windows Kits\10\include\10.0.22621.0\um\winnt.h(169): fatal error C1189: #error:  "No Target Architecture"
ninja: build stopped: subcommand failed.


Source:
/* */
#include <winldap.h>


int main(void){return 0;}

Determining if files ;winber.h exist failed with the following output:
Change Dir: C:/Users/Joe/source/repos/Jreatc7/curl/out/build/x64-release/CMakeFiles/CMakeTmp

Run Build Command(s):C:/Program Files/Microsoft Visual Studio/2022/Community/Common7/IDE/CommonExtensions/Microsoft/CMake/Ninja/ninja.exe cmTC_f65e7 && [1/2] Building C object CMakeFiles\cmTC_f65e7.dir\HAVE_WINBER_H.c.obj
FAILED: CMakeFiles/cmTC_f65e7.dir/HAVE_WINBER_H.c.obj 
C:\PROGRA~1\MIB055~1\2022\COMMUN~1\VC\Tools\MSVC\1433~1.316\bin\HostX64\x64\cl.exe  /nologo   /DWIN32 /D_WINDOWS  /Zi /Ob0 /Od /RTC1 -MDd    -D_WIN32_WINNT=0x0600 -D_WINSOCKAPI_= /showIncludes /FoCMakeFiles\cmTC_f65e7.dir\HAVE_WINBER_H.c.obj /FdCMakeFiles\cmTC_f65e7.dir\ /FS -c C:\Users\Joe\source\repos\Jreatc7\curl\out\build\x64-release\CMakeFiles\CheckIncludeFiles\HAVE_WINBER_H.c
C:\Program Files (x86)\Windows Kits\10\include\10.0.22621.0\um\winber.h(67): error C2061: syntax error: identifier 'BerElement'
C:\Program Files (x86)\Windows Kits\10\include\10.0.22621.0\um\winber.h(67): error C2059: syntax error: ';'
C:\Program Files (x86)\Windows Kits\10\include\10.0.22621.0\um\winber.h(67): error C2143: syntax error: missing ')' before '*'
C:\Program Files (x86)\Windows Kits\10\include\10.0.22621.0\um\winber.h(67): error C2143: syntax error: missing '{' before '*'
C:\Program Files (x86)\Windows Kits\10\include\10.0.22621.0\um\winber.h(67): error C2059: syntax error: ')'
C:\Program Files (x86)\Windows Kits\10\include\10.0.22621.0\um\winber.h(76): error C2061: syntax error: identifier 'VOID'
C:\Program Files (x86)\Windows Kits\10\include\10.0.22621.0\um\winber.h(76): error C2059: syntax error: ';'
C:\Program Files (x86)\Windows Kits\10\include\10.0.22621.0\um\winber.h(76): error C2143: syntax error: missing ')' before '*'
C:\Program Files (x86)\Windows Kits\10\include\10.0.22621.0\um\winber.h(76): error C2143: syntax error: missing '{' before '*'
C:\Program Files (x86)\Windows Kits\10\include\10.0.22621.0\um\winber.h(76): error C2146: syntax error: missing ';' before identifier 'fbuf'
C:\Program Files (x86)\Windows Kits\10\include\10.0.22621.0\um\winber.h(76): error C2059: syntax error: ')'
C:\Program Files (x86)\Windows Kits\10\include\10.0.22621.0\um\winber.h(84): error C2061: syntax error: identifier 'VOID'
C:\Program Files (x86)\Windows Kits\10\include\10.0.22621.0\um\winber.h(84): error C2059: syntax error: ';'
C:\Program Files (x86)\Windows Kits\10\include\10.0.22621.0\um\winber.h(84): error C2143: syntax error: missing ')' before '*'
C:\Program Files (x86)\Windows Kits\10\include\10.0.22621.0\um\winber.h(84): error C2143: syntax error: missing '{' before '*'
C:\Program Files (x86)\Windows Kits\10\include\10.0.22621.0\um\winber.h(84): error C2059: syntax error: ')'
C:\Program Files (x86)\Windows Kits\10\include\10.0.22621.0\um\winber.h(91): error C2061: syntax error: identifier 'VOID'
C:\Program Files (x86)\Windows Kits\10\include\10.0.22621.0\um\winber.h(91): error C2059: syntax error: ';'
C:\Program Files (x86)\Windows Kits\10\include\10.0.22621.0\um\winber.h(91): error C2143: syntax error: missing ')' before '*'
C:\Program Files (x86)\Windows Kits\10\include\10.0.22621.0\um\winber.h(91): error C2143: syntax error: missing '{' before '*'
C:\Program Files (x86)\Windows Kits\10\include\10.0.22621.0\um\winber.h(91): error C2059: syntax error: ')'
C:\Program Files (x86)\Windows Kits\10\include\10.0.22621.0\um\winber.h(97): error C2061: syntax error: identifier 'BERVAL'
C:\Program Files (x86)\Windows Kits\10\include\10.0.22621.0\um\winber.h(97): error C2059: syntax error: ';'
C:\Program Files (x86)\Windows Kits\10\include\10.0.22621.0\um\winber.h(97): error C2143: syntax error: missing ')' before '*'
C:\Program Files (x86)\Windows Kits\10\include\10.0.22621.0\um\winber.h(97): error C2143: syntax error: missing '{' before '*'
C:\Program Files (x86)\Windows Kits\10\include\10.0.22621.0\um\winber.h(97): error C2059: syntax error: ')'
C:\Program Files (x86)\Windows Kits\10\include\10.0.22621.0\um\winber.h(108): error C2061: syntax error: identifier 'BerElement'
C:\Program Files (x86)\Windows Kits\10\include\10.0.22621.0\um\winber.h(108): error C2059: syntax error: ';'
C:\Program Files (x86)\Windows Kits\10\include\10.0.22621.0\um\winber.h(108): error C2146: syntax error: missing ')' before identifier 'options'
C:\Program Files (x86)\Windows Kits\10\include\10.0.22621.0\um\winber.h(108): error C2061: syntax error: identifier 'options'
C:\Program Files (x86)\Windows Kits\10\include\10.0.22621.0\um\winber.h(108): error C2059: syntax error: ')'
C:\Program Files (x86)\Windows Kits\10\include\10.0.22621.0\um\winber.h(124): error C2061: syntax error: identifier 'ULONG'
C:\Program Files (x86)\Windows Kits\10\include\10.0.22621.0\um\winber.h(124): error C2059: syntax error: ';'
C:\Program Files (x86)\Windows Kits\10\include\10.0.22621.0\um\winber.h(124): error C2143: syntax error: missing ')' before '*'
C:\Program Files (x86)\Windows Kits\10\include\10.0.22621.0\um\winber.h(124): error C2143: syntax error: missing '{' before '*'
C:\Program Files (x86)\Windows Kits\10\include\10.0.22621.0\um\winber.h(124): error C2143: syntax error: missing ';' before '*'
C:\Program Files (x86)\Windows Kits\10\include\10.0.22621.0\um\winber.h(124): error C2059: syntax error: ')'
C:\Program Files (x86)\Windows Kits\10\include\10.0.22621.0\um\winber.h(135): error C2061: syntax error: identifier 'ULONG'
C:\Program Files (x86)\Windows Kits\10\include\10.0.22621.0\um\winber.h(135): error C2059: syntax error: ';'
C:\Program Files (x86)\Windows Kits\10\include\10.0.22621.0\um\winber.h(135): error C2143: syntax error: missing ')' before '*'
C:\Program Files (x86)\Windows Kits\10\include\10.0.22621.0\um\winber.h(135): error C2143: syntax error: missing '{' before '*'
C:\Program Files (x86)\Windows Kits\10\include\10.0.22621.0\um\winber.h(135): error C2143: syntax error: missing ';' before '*'
C:\Program Files (x86)\Windows Kits\10\include\10.0.22621.0\um\winber.h(135): error C2059: syntax error: ')'
C:\Program Files (x86)\Windows Kits\10\include\10.0.22621.0\um\winber.h(146): error C2061: syntax error: identifier 'ULONG'
C:\Program Files (x86)\Windows Kits\10\include\10.0.22621.0\um\winber.h(146): error C2059: syntax error: ';'
C:\Program Files (x86)\Windows Kits\10\include\10.0.22621.0\um\winber.h(146): error C2143: syntax error: missing ')' before '*'
C:\Program Files (x86)\Windows Kits\10\include\10.0.22621.0\um\winber.h(146): error C2143: syntax error: missing '{' before '*'
C:\Program Files (x86)\Windows Kits\10\include\10.0.22621.0\um\winber.h(146): error C2143: syntax error: missing ';' before '*'
C:\Program Files (x86)\Windows Kits\10\include\10.0.22621.0\um\winber.h(146): error C2146: syntax error: missing ';' before identifier 'CHAR'
C:\Program Files (x86)\Windows Kits\10\include\10.0.22621.0\um\winber.h(146): error C2059: syntax error: ')'
C:\Program Files (x86)\Windows Kits\10\include\10.0.22621.0\um\winber.h(156): error C2061: syntax error: identifier 'ULONG'
C:\Program Files (x86)\Windows Kits\10\include\10.0.22621.0\um\winber.h(156): error C2059: syntax error: ';'
C:\Program Files (x86)\Windows Kits\10\include\10.0.22621.0\um\winber.h(156): error C2143: syntax error: missing ')' before '*'
C:\Program Files (x86)\Windows Kits\10\include\10.0.22621.0\um\winber.h(156): error C2143: syntax error: missing '{' before '*'
C:\Program Files (x86)\Windows Kits\10\include\10.0.22621.0\um\winber.h(156): error C2143: syntax error: missing ';' before '*'
C:\Program Files (x86)\Windows Kits\10\include\10.0.22621.0\um\winber.h(156): error C2146: syntax error: missing ';' before identifier 'CHAR'
C:\Program Files (x86)\Windows Kits\10\include\10.0.22621.0\um\winber.h(156): error C2059: syntax error: ')'
C:\Program Files (x86)\Windows Kits\10\include\10.0.22621.0\um\winber.h(165): error C2061: syntax error: identifier 'INT'
C:\Program Files (x86)\Windows Kits\10\include\10.0.22621.0\um\winber.h(165): error C2059: syntax error: ';'
C:\Program Files (x86)\Windows Kits\10\include\10.0.22621.0\um\winber.h(165): error C2143: syntax error: missing ')' before '*'
C:\Program Files (x86)\Windows Kits\10\include\10.0.22621.0\um\winber.h(165): error C2143: syntax error: missing '{' before '*'
C:\Program Files (x86)\Windows Kits\10\include\10.0.22621.0\um\winber.h(165): error C2143: syntax error: missing ';' before '*'
C:\Program Files (x86)\Windows Kits\10\include\10.0.22621.0\um\winber.h(165): error C2059: syntax error: ')'
C:\Program Files (x86)\Windows Kits\10\include\10.0.22621.0\um\winber.h(248): error C2061: syntax error: identifier 'INT'
C:\Program Files (x86)\Windows Kits\10\include\10.0.22621.0\um\winber.h(248): error C2059: syntax error: ';'
C:\Program Files (x86)\Windows Kits\10\include\10.0.22621.0\um\winber.h(248): error C2143: syntax error: missing ')' before '*'
C:\Program Files (x86)\Windows Kits\10\include\10.0.22621.0\um\winber.h(248): error C2143: syntax error: missing '{' before '*'
C:\Program Files (x86)\Windows Kits\10\include\10.0.22621.0\um\winber.h(248): error C2146: syntax error: missing ';' before identifier 'PSTR'
C:\Program Files (x86)\Windows Kits\10\include\10.0.22621.0\um\winber.h(248): error C2061: syntax error: identifier 'fmt'
C:\Program Files (x86)\Windows Kits\10\include\10.0.22621.0\um\winber.h(248): error C2059: syntax error: ','
C:\Program Files (x86)\Windows Kits\10\include\10.0.22621.0\um\winber.h(248): error C2059: syntax error: ')'
C:\Program Files (x86)\Windows Kits\10\include\10.0.22621.0\um\winber.h(340): error C2061: syntax error: identifier 'ULONG'
C:\Program Files (x86)\Windows Kits\10\include\10.0.22621.0\um\winber.h(340): error C2059: syntax error: ';'
C:\Program Files (x86)\Windows Kits\10\include\10.0.22621.0\um\winber.h(340): error C2143: syntax error: missing ')' before '*'
C:\Program Files (x86)\Windows Kits\10\include\10.0.22621.0\um\winber.h(340): error C2143: syntax error: missing '{' before '*'
C:\Program Files (x86)\Windows Kits\10\include\10.0.22621.0\um\winber.h(340): error C2146: syntax error: missing ';' before identifier 'PSTR'
C:\Program Files (x86)\Windows Kits\10\include\10.0.22621.0\um\winber.h(340): error C2061: syntax error: identifier 'fmt'
C:\Program Files (x86)\Windows Kits\10\include\10.0.22621.0\um\winber.h(340): error C2059: syntax error: ','
C:\Program Files (x86)\Windows Kits\10\include\10.0.22621.0\um\winber.h(340): error C2059: syntax error: ')'
ninja: build stopped: subcommand failed.


Source:
/* */
#include <winber.h>


int main(void){return 0;}

Determining if files ;ldap_ssl.h exist failed with the following output:
Change Dir: C:/Users/Joe/source/repos/Jreatc7/curl/out/build/x64-release/CMakeFiles/CMakeTmp

Run Build Command(s):C:/Program Files/Microsoft Visual Studio/2022/Community/Common7/IDE/CommonExtensions/Microsoft/CMake/Ninja/ninja.exe cmTC_744b6 && [1/2] Building C object CMakeFiles\cmTC_744b6.dir\HAVE_LDAP_SSL_H.c.obj
FAILED: CMakeFiles/cmTC_744b6.dir/HAVE_LDAP_SSL_H.c.obj 
C:\PROGRA~1\MIB055~1\2022\COMMUN~1\VC\Tools\MSVC\1433~1.316\bin\HostX64\x64\cl.exe  /nologo   /DWIN32 /D_WINDOWS  /Zi /Ob0 /Od /RTC1 -MDd    -D_WIN32_WINNT=0x0600 -D_WINSOCKAPI_= /showIncludes /FoCMakeFiles\cmTC_744b6.dir\HAVE_LDAP_SSL_H.c.obj /FdCMakeFiles\cmTC_744b6.dir\ /FS -c C:\Users\Joe\source\repos\Jreatc7\curl\out\build\x64-release\CMakeFiles\CheckIncludeFiles\HAVE_LDAP_SSL_H.c
C:\Users\Joe\source\repos\Jreatc7\curl\out\build\x64-release\CMakeFiles\CheckIncludeFiles\HAVE_LDAP_SSL_H.c(2): fatal error C1083: Cannot open include file: 'ldap_ssl.h': No such file or directory
ninja: build stopped: subcommand failed.


Source:
/* */
#include <ldap_ssl.h>


int main(void){return 0;}

Determining if files ;ldapssl.h exist failed with the following output:
Change Dir: C:/Users/Joe/source/repos/Jreatc7/curl/out/build/x64-release/CMakeFiles/CMakeTmp

Run Build Command(s):C:/Program Files/Microsoft Visual Studio/2022/Community/Common7/IDE/CommonExtensions/Microsoft/CMake/Ninja/ninja.exe cmTC_ae11b && [1/2] Building C object CMakeFiles\cmTC_ae11b.dir\HAVE_LDAPSSL_H.c.obj
FAILED: CMakeFiles/cmTC_ae11b.dir/HAVE_LDAPSSL_H.c.obj 
C:\PROGRA~1\MIB055~1\2022\COMMUN~1\VC\Tools\MSVC\1433~1.316\bin\HostX64\x64\cl.exe  /nologo   /DWIN32 /D_WINDOWS  /Zi /Ob0 /Od /RTC1 -MDd    -D_WIN32_WINNT=0x0600 -D_WINSOCKAPI_= /showIncludes /FoCMakeFiles\cmTC_ae11b.dir\HAVE_LDAPSSL_H.c.obj /FdCMakeFiles\cmTC_ae11b.dir\ /FS -c C:\Users\Joe\source\repos\Jreatc7\curl\out\build\x64-release\CMakeFiles\CheckIncludeFiles\HAVE_LDAPSSL_H.c
C:\Users\Joe\source\repos\Jreatc7\curl\out\build\x64-release\CMakeFiles\CheckIncludeFiles\HAVE_LDAPSSL_H.c(2): fatal error C1083: Cannot open include file: 'ldapssl.h': No such file or directory
ninja: build stopped: subcommand failed.


Source:
/* */
#include <ldapssl.h>


int main(void){return 0;}

Determining if files windows.h;ws2tcpip.h;winsock2.h;wincrypt.h;stdio.h;sys/filio.h exist failed with the following output:
Change Dir: C:/Users/Joe/source/repos/Jreatc7/curl/out/build/x64-release/CMakeFiles/CMakeTmp

Run Build Command(s):C:/Program Files/Microsoft Visual Studio/2022/Community/Common7/IDE/CommonExtensions/Microsoft/CMake/Ninja/ninja.exe cmTC_79890 && [1/2] Building C object CMakeFiles\cmTC_79890.dir\HAVE_SYS_FILIO_H.c.obj
FAILED: CMakeFiles/cmTC_79890.dir/HAVE_SYS_FILIO_H.c.obj 
C:\PROGRA~1\MIB055~1\2022\COMMUN~1\VC\Tools\MSVC\1433~1.316\bin\HostX64\x64\cl.exe  /nologo   /DWIN32 /D_WINDOWS  /Zi /Ob0 /Od /RTC1 -MDd    -D_WIN32_WINNT=0x0600 -D_WINSOCKAPI_= /showIncludes /FoCMakeFiles\cmTC_79890.dir\HAVE_SYS_FILIO_H.c.obj /FdCMakeFiles\cmTC_79890.dir\ /FS -c C:\Users\Joe\source\repos\Jreatc7\curl\out\build\x64-release\CMakeFiles\CheckIncludeFiles\HAVE_SYS_FILIO_H.c
C:\Users\Joe\source\repos\Jreatc7\curl\out\build\x64-release\CMakeFiles\CheckIncludeFiles\HAVE_SYS_FILIO_H.c(7): fatal error C1083: Cannot open include file: 'sys/filio.h': No such file or directory
ninja: build stopped: subcommand failed.


Source:
/* */
#include <windows.h>
#include <ws2tcpip.h>
#include <winsock2.h>
#include <wincrypt.h>
#include <stdio.h>
#include <sys/filio.h>


int main(void){return 0;}

Determining if files windows.h;ws2tcpip.h;winsock2.h;wincrypt.h;stdio.h;sys/ioctl.h exist failed with the following output:
Change Dir: C:/Users/Joe/source/repos/Jreatc7/curl/out/build/x64-release/CMakeFiles/CMakeTmp

Run Build Command(s):C:/Program Files/Microsoft Visual Studio/2022/Community/Common7/IDE/CommonExtensions/Microsoft/CMake/Ninja/ninja.exe cmTC_74e41 && [1/2] Building C object CMakeFiles\cmTC_74e41.dir\HAVE_SYS_IOCTL_H.c.obj
FAILED: CMakeFiles/cmTC_74e41.dir/HAVE_SYS_IOCTL_H.c.obj 
C:\PROGRA~1\MIB055~1\2022\COMMUN~1\VC\Tools\MSVC\1433~1.316\bin\HostX64\x64\cl.exe  /nologo   /DWIN32 /D_WINDOWS  /Zi /Ob0 /Od /RTC1 -MDd    -D_WIN32_WINNT=0x0600 -D_WINSOCKAPI_= /showIncludes /FoCMakeFiles\cmTC_74e41.dir\HAVE_SYS_IOCTL_H.c.obj /FdCMakeFiles\cmTC_74e41.dir\ /FS -c C:\Users\Joe\source\repos\Jreatc7\curl\out\build\x64-release\CMakeFiles\CheckIncludeFiles\HAVE_SYS_IOCTL_H.c
C:\Users\Joe\source\repos\Jreatc7\curl\out\build\x64-release\CMakeFiles\CheckIncludeFiles\HAVE_SYS_IOCTL_H.c(7): fatal error C1083: Cannot open include file: 'sys/ioctl.h': No such file or directory
ninja: build stopped: subcommand failed.


Source:
/* */
#include <windows.h>
#include <ws2tcpip.h>
#include <winsock2.h>
#include <wincrypt.h>
#include <stdio.h>
#include <sys/ioctl.h>


int main(void){return 0;}

Determining if files windows.h;ws2tcpip.h;winsock2.h;wincrypt.h;stdio.h;sys/resource.h exist failed with the following output:
Change Dir: C:/Users/Joe/source/repos/Jreatc7/curl/out/build/x64-release/CMakeFiles/CMakeTmp

Run Build Command(s):C:/Program Files/Microsoft Visual Studio/2022/Community/Common7/IDE/CommonExtensions/Microsoft/CMake/Ninja/ninja.exe cmTC_458c0 && [1/2] Building C object CMakeFiles\cmTC_458c0.dir\HAVE_SYS_RESOURCE_H.c.obj
FAILED: CMakeFiles/cmTC_458c0.dir/HAVE_SYS_RESOURCE_H.c.obj 
C:\PROGRA~1\MIB055~1\2022\COMMUN~1\VC\Tools\MSVC\1433~1.316\bin\HostX64\x64\cl.exe  /nologo   /DWIN32 /D_WINDOWS  /Zi /Ob0 /Od /RTC1 -MDd    -D_WIN32_WINNT=0x0600 -D_WINSOCKAPI_= /showIncludes /FoCMakeFiles\cmTC_458c0.dir\HAVE_SYS_RESOURCE_H.c.obj /FdCMakeFiles\cmTC_458c0.dir\ /FS -c C:\Users\Joe\source\repos\Jreatc7\curl\out\build\x64-release\CMakeFiles\CheckIncludeFiles\HAVE_SYS_RESOURCE_H.c
C:\Users\Joe\source\repos\Jreatc7\curl\out\build\x64-release\CMakeFiles\CheckIncludeFiles\HAVE_SYS_RESOURCE_H.c(7): fatal error C1083: Cannot open include file: 'sys/resource.h': No such file or directory
ninja: build stopped: subcommand failed.


Source:
/* */
#include <windows.h>
#include <ws2tcpip.h>
#include <winsock2.h>
#include <wincrypt.h>
#include <stdio.h>
#include <sys/resource.h>


int main(void){return 0;}

Determining if files windows.h;ws2tcpip.h;winsock2.h;wincrypt.h;stdio.h;sys/stat.h;sys/types.h;sys/uio.h exist failed with the following output:
Change Dir: C:/Users/Joe/source/repos/Jreatc7/curl/out/build/x64-release/CMakeFiles/CMakeTmp

Run Build Command(s):C:/Program Files/Microsoft Visual Studio/2022/Community/Common7/IDE/CommonExtensions/Microsoft/CMake/Ninja/ninja.exe cmTC_9adb1 && [1/2] Building C object CMakeFiles\cmTC_9adb1.dir\HAVE_SYS_UIO_H.c.obj
FAILED: CMakeFiles/cmTC_9adb1.dir/HAVE_SYS_UIO_H.c.obj 
C:\PROGRA~1\MIB055~1\2022\COMMUN~1\VC\Tools\MSVC\1433~1.316\bin\HostX64\x64\cl.exe  /nologo   /DWIN32 /D_WINDOWS  /Zi /Ob0 /Od /RTC1 -MDd    -D_WIN32_WINNT=0x0600 -D_WINSOCKAPI_= /showIncludes /FoCMakeFiles\cmTC_9adb1.dir\HAVE_SYS_UIO_H.c.obj /FdCMakeFiles\cmTC_9adb1.dir\ /FS -c C:\Users\Joe\source\repos\Jreatc7\curl\out\build\x64-release\CMakeFiles\CheckIncludeFiles\HAVE_SYS_UIO_H.c
C:\Users\Joe\source\repos\Jreatc7\curl\out\build\x64-release\CMakeFiles\CheckIncludeFiles\HAVE_SYS_UIO_H.c(9): fatal error C1083: Cannot open include file: 'sys/uio.h': No such file or directory
ninja: build stopped: subcommand failed.


Source:
/* */
#include <windows.h>
#include <ws2tcpip.h>
#include <winsock2.h>
#include <wincrypt.h>
#include <stdio.h>
#include <sys/stat.h>
#include <sys/types.h>
#include <sys/uio.h>


int main(void){return 0;}

Determining if files windows.h;ws2tcpip.h;winsock2.h;wincrypt.h;stdio.h;sys/stat.h;sys/types.h;sys/un.h exist failed with the following output:
Change Dir: C:/Users/Joe/source/repos/Jreatc7/curl/out/build/x64-release/CMakeFiles/CMakeTmp

Run Build Command(s):C:/Program Files/Microsoft Visual Studio/2022/Community/Common7/IDE/CommonExtensions/Microsoft/CMake/Ninja/ninja.exe cmTC_67c49 && [1/2] Building C object CMakeFiles\cmTC_67c49.dir\HAVE_SYS_UN_H.c.obj
FAILED: CMakeFiles/cmTC_67c49.dir/HAVE_SYS_UN_H.c.obj 
C:\PROGRA~1\MIB055~1\2022\COMMUN~1\VC\Tools\MSVC\1433~1.316\bin\HostX64\x64\cl.exe  /nologo   /DWIN32 /D_WINDOWS  /Zi /Ob0 /Od /RTC1 -MDd    -D_WIN32_WINNT=0x0600 -D_WINSOCKAPI_= /showIncludes /FoCMakeFiles\cmTC_67c49.dir\HAVE_SYS_UN_H.c.obj /FdCMakeFiles\cmTC_67c49.dir\ /FS -c C:\Users\Joe\source\repos\Jreatc7\curl\out\build\x64-release\CMakeFiles\CheckIncludeFiles\HAVE_SYS_UN_H.c
C:\Users\Joe\source\repos\Jreatc7\curl\out\build\x64-release\CMakeFiles\CheckIncludeFiles\HAVE_SYS_UN_H.c(9): fatal error C1083: Cannot open include file: 'sys/un.h': No such file or directory
ninja: build stopped: subcommand failed.


Source:
/* */
#include <windows.h>
#include <ws2tcpip.h>
#include <winsock2.h>
#include <wincrypt.h>
#include <stdio.h>
#include <sys/stat.h>
#include <sys/types.h>
#include <sys/un.h>


int main(void){return 0;}

Determining if files windows.h;ws2tcpip.h;winsock2.h;wincrypt.h;stdio.h;sys/stat.h;sys/types.h;sys/utime.h;sys/xattr.h exist failed with the following output:
Change Dir: C:/Users/Joe/source/repos/Jreatc7/curl/out/build/x64-release/CMakeFiles/CMakeTmp

Run Build Command(s):C:/Program Files/Microsoft Visual Studio/2022/Community/Common7/IDE/CommonExtensions/Microsoft/CMake/Ninja/ninja.exe cmTC_609f4 && [1/2] Building C object CMakeFiles\cmTC_609f4.dir\HAVE_SYS_XATTR_H.c.obj
FAILED: CMakeFiles/cmTC_609f4.dir/HAVE_SYS_XATTR_H.c.obj 
C:\PROGRA~1\MIB055~1\2022\COMMUN~1\VC\Tools\MSVC\1433~1.316\bin\HostX64\x64\cl.exe  /nologo   /DWIN32 /D_WINDOWS  /Zi /Ob0 /Od /RTC1 -MDd    -D_WIN32_WINNT=0x0600 -D_WINSOCKAPI_= /showIncludes /FoCMakeFiles\cmTC_609f4.dir\HAVE_SYS_XATTR_H.c.obj /FdCMakeFiles\cmTC_609f4.dir\ /FS -c C:\Users\Joe\source\repos\Jreatc7\curl\out\build\x64-release\CMakeFiles\CheckIncludeFiles\HAVE_SYS_XATTR_H.c
C:\Users\Joe\source\repos\Jreatc7\curl\out\build\x64-release\CMakeFiles\CheckIncludeFiles\HAVE_SYS_XATTR_H.c(10): fatal error C1083: Cannot open include file: 'sys/xattr.h': No such file or directory
ninja: build stopped: subcommand failed.


Source:
/* */
#include <windows.h>
#include <ws2tcpip.h>
#include <winsock2.h>
#include <wincrypt.h>
#include <stdio.h>
#include <sys/stat.h>
#include <sys/types.h>
#include <sys/utime.h>
#include <sys/xattr.h>


int main(void){return 0;}

Determining if files windows.h;ws2tcpip.h;winsock2.h;wincrypt.h;stdio.h;sys/stat.h;sys/types.h;sys/utime.h;arpa/tftp.h exist failed with the following output:
Change Dir: C:/Users/Joe/source/repos/Jreatc7/curl/out/build/x64-release/CMakeFiles/CMakeTmp

Run Build Command(s):C:/Program Files/Microsoft Visual Studio/2022/Community/Common7/IDE/CommonExtensions/Microsoft/CMake/Ninja/ninja.exe cmTC_68727 && [1/2] Building C object CMakeFiles\cmTC_68727.dir\HAVE_ARPA_TFTP_H.c.obj
FAILED: CMakeFiles/cmTC_68727.dir/HAVE_ARPA_TFTP_H.c.obj 
C:\PROGRA~1\MIB055~1\2022\COMMUN~1\VC\Tools\MSVC\1433~1.316\bin\HostX64\x64\cl.exe  /nologo   /DWIN32 /D_WINDOWS  /Zi /Ob0 /Od /RTC1 -MDd    -D_WIN32_WINNT=0x0600 -D_WINSOCKAPI_= /showIncludes /FoCMakeFiles\cmTC_68727.dir\HAVE_ARPA_TFTP_H.c.obj /FdCMakeFiles\cmTC_68727.dir\ /FS -c C:\Users\Joe\source\repos\Jreatc7\curl\out\build\x64-release\CMakeFiles\CheckIncludeFiles\HAVE_ARPA_TFTP_H.c
C:\Users\Joe\source\repos\Jreatc7\curl\out\build\x64-release\CMakeFiles\CheckIncludeFiles\HAVE_ARPA_TFTP_H.c(10): fatal error C1083: Cannot open include file: 'arpa/tftp.h': No such file or directory
ninja: build stopped: subcommand failed.


Source:
/* */
#include <windows.h>
#include <ws2tcpip.h>
#include <winsock2.h>
#include <wincrypt.h>
#include <stdio.h>
#include <sys/stat.h>
#include <sys/types.h>
#include <sys/utime.h>
#include <arpa/tftp.h>


int main(void){return 0;}

Determining if files windows.h;ws2tcpip.h;winsock2.h;wincrypt.h;stdio.h;sys/stat.h;sys/types.h;sys/utime.h;assert.h;errno.h;fcntl.h;idn2.h exist failed with the following output:
Change Dir: C:/Users/Joe/source/repos/Jreatc7/curl/out/build/x64-release/CMakeFiles/CMakeTmp

Run Build Command(s):C:/Program Files/Microsoft Visual Studio/2022/Community/Common7/IDE/CommonExtensions/Microsoft/CMake/Ninja/ninja.exe cmTC_428a8 && [1/2] Building C object CMakeFiles\cmTC_428a8.dir\HAVE_IDN2_H.c.obj
FAILED: CMakeFiles/cmTC_428a8.dir/HAVE_IDN2_H.c.obj 
C:\PROGRA~1\MIB055~1\2022\COMMUN~1\VC\Tools\MSVC\1433~1.316\bin\HostX64\x64\cl.exe  /nologo   /DWIN32 /D_WINDOWS  /Zi /Ob0 /Od /RTC1 -MDd    -D_WIN32_WINNT=0x0600 -D_WINSOCKAPI_= /showIncludes /FoCMakeFiles\cmTC_428a8.dir\HAVE_IDN2_H.c.obj /FdCMakeFiles\cmTC_428a8.dir\ /FS -c C:\Users\Joe\source\repos\Jreatc7\curl\out\build\x64-release\CMakeFiles\CheckIncludeFiles\HAVE_IDN2_H.c
C:\Users\Joe\source\repos\Jreatc7\curl\out\build\x64-release\CMakeFiles\CheckIncludeFiles\HAVE_IDN2_H.c(13): fatal error C1083: Cannot open include file: 'idn2.h': No such file or directory
ninja: build stopped: subcommand failed.


Source:
/* */
#include <windows.h>
#include <ws2tcpip.h>
#include <winsock2.h>
#include <wincrypt.h>
#include <stdio.h>
#include <sys/stat.h>
#include <sys/types.h>
#include <sys/utime.h>
#include <assert.h>
#include <errno.h>
#include <fcntl.h>
#include <idn2.h>


int main(void){return 0;}

Determining if files windows.h;ws2tcpip.h;winsock2.h;wincrypt.h;stdio.h;sys/stat.h;sys/types.h;sys/utime.h;assert.h;errno.h;fcntl.h;ifaddrs.h exist failed with the following output:
Change Dir: C:/Users/Joe/source/repos/Jreatc7/curl/out/build/x64-release/CMakeFiles/CMakeTmp

Run Build Command(s):C:/Program Files/Microsoft Visual Studio/2022/Community/Common7/IDE/CommonExtensions/Microsoft/CMake/Ninja/ninja.exe cmTC_241a1 && [1/2] Building C object CMakeFiles\cmTC_241a1.dir\HAVE_IFADDRS_H.c.obj
FAILED: CMakeFiles/cmTC_241a1.dir/HAVE_IFADDRS_H.c.obj 
C:\PROGRA~1\MIB055~1\2022\COMMUN~1\VC\Tools\MSVC\1433~1.316\bin\HostX64\x64\cl.exe  /nologo   /DWIN32 /D_WINDOWS  /Zi /Ob0 /Od /RTC1 -MDd    -D_WIN32_WINNT=0x0600 -D_WINSOCKAPI_= /showIncludes /FoCMakeFiles\cmTC_241a1.dir\HAVE_IFADDRS_H.c.obj /FdCMakeFiles\cmTC_241a1.dir\ /FS -c C:\Users\Joe\source\repos\Jreatc7\curl\out\build\x64-release\CMakeFiles\CheckIncludeFiles\HAVE_IFADDRS_H.c
C:\Users\Joe\source\repos\Jreatc7\curl\out\build\x64-release\CMakeFiles\CheckIncludeFiles\HAVE_IFADDRS_H.c(13): fatal error C1083: Cannot open include file: 'ifaddrs.h': No such file or directory
ninja: build stopped: subcommand failed.


Source:
/* */
#include <windows.h>
#include <ws2tcpip.h>
#include <winsock2.h>
#include <wincrypt.h>
#include <stdio.h>
#include <sys/stat.h>
#include <sys/types.h>
#include <sys/utime.h>
#include <assert.h>
#include <errno.h>
#include <fcntl.h>
#include <ifaddrs.h>


int main(void){return 0;}

Determining if files windows.h;ws2tcpip.h;winsock2.h;wincrypt.h;stdio.h;sys/stat.h;sys/types.h;sys/utime.h;assert.h;errno.h;fcntl.h;io.h;krb.h exist failed with the following output:
Change Dir: C:/Users/Joe/source/repos/Jreatc7/curl/out/build/x64-release/CMakeFiles/CMakeTmp

Run Build Command(s):C:/Program Files/Microsoft Visual Studio/2022/Community/Common7/IDE/CommonExtensions/Microsoft/CMake/Ninja/ninja.exe cmTC_93aef && [1/2] Building C object CMakeFiles\cmTC_93aef.dir\HAVE_KRB_H.c.obj
FAILED: CMakeFiles/cmTC_93aef.dir/HAVE_KRB_H.c.obj 
C:\PROGRA~1\MIB055~1\2022\COMMUN~1\VC\Tools\MSVC\1433~1.316\bin\HostX64\x64\cl.exe  /nologo   /DWIN32 /D_WINDOWS  /Zi /Ob0 /Od /RTC1 -MDd    -D_WIN32_WINNT=0x0600 -D_WINSOCKAPI_= /showIncludes /FoCMakeFiles\cmTC_93aef.dir\HAVE_KRB_H.c.obj /FdCMakeFiles\cmTC_93aef.dir\ /FS -c C:\Users\Joe\source\repos\Jreatc7\curl\out\build\x64-release\CMakeFiles\CheckIncludeFiles\HAVE_KRB_H.c
C:\Users\Joe\source\repos\Jreatc7\curl\out\build\x64-release\CMakeFiles\CheckIncludeFiles\HAVE_KRB_H.c(14): fatal error C1083: Cannot open include file: 'krb.h': No such file or directory
ninja: build stopped: subcommand failed.


Source:
/* */
#include <windows.h>
#include <ws2tcpip.h>
#include <winsock2.h>
#include <wincrypt.h>
#include <stdio.h>
#include <sys/stat.h>
#include <sys/types.h>
#include <sys/utime.h>
#include <assert.h>
#include <errno.h>
#include <fcntl.h>
#include <io.h>
#include <krb.h>


int main(void){return 0;}

Determining if files windows.h;ws2tcpip.h;winsock2.h;wincrypt.h;stdio.h;sys/stat.h;sys/types.h;sys/utime.h;assert.h;errno.h;fcntl.h;io.h;libgen.h exist failed with the following output:
Change Dir: C:/Users/Joe/source/repos/Jreatc7/curl/out/build/x64-release/CMakeFiles/CMakeTmp

Run Build Command(s):C:/Program Files/Microsoft Visual Studio/2022/Community/Common7/IDE/CommonExtensions/Microsoft/CMake/Ninja/ninja.exe cmTC_7279b && [1/2] Building C object CMakeFiles\cmTC_7279b.dir\HAVE_LIBGEN_H.c.obj
FAILED: CMakeFiles/cmTC_7279b.dir/HAVE_LIBGEN_H.c.obj 
C:\PROGRA~1\MIB055~1\2022\COMMUN~1\VC\Tools\MSVC\1433~1.316\bin\HostX64\x64\cl.exe  /nologo   /DWIN32 /D_WINDOWS  /Zi /Ob0 /Od /RTC1 -MDd    -D_WIN32_WINNT=0x0600 -D_WINSOCKAPI_= /showIncludes /FoCMakeFiles\cmTC_7279b.dir\HAVE_LIBGEN_H.c.obj /FdCMakeFiles\cmTC_7279b.dir\ /FS -c C:\Users\Joe\source\repos\Jreatc7\curl\out\build\x64-release\CMakeFiles\CheckIncludeFiles\HAVE_LIBGEN_H.c
C:\Users\Joe\source\repos\Jreatc7\curl\out\build\x64-release\CMakeFiles\CheckIncludeFiles\HAVE_LIBGEN_H.c(14): fatal error C1083: Cannot open include file: 'libgen.h': No such file or directory
ninja: build stopped: subcommand failed.


Source:
/* */
#include <windows.h>
#include <ws2tcpip.h>
#include <winsock2.h>
#include <wincrypt.h>
#include <stdio.h>
#include <sys/stat.h>
#include <sys/types.h>
#include <sys/utime.h>
#include <assert.h>
#include <errno.h>
#include <fcntl.h>
#include <io.h>
#include <libgen.h>


int main(void){return 0;}

Determining if files windows.h;ws2tcpip.h;winsock2.h;wincrypt.h;stdio.h;sys/stat.h;sys/types.h;sys/utime.h;assert.h;errno.h;fcntl.h;io.h;locale.h;netinet/tcp.h exist failed with the following output:
Change Dir: C:/Users/Joe/source/repos/Jreatc7/curl/out/build/x64-release/CMakeFiles/CMakeTmp

Run Build Command(s):C:/Program Files/Microsoft Visual Studio/2022/Community/Common7/IDE/CommonExtensions/Microsoft/CMake/Ninja/ninja.exe cmTC_9489d && [1/2] Building C object CMakeFiles\cmTC_9489d.dir\HAVE_NETINET_TCP_H.c.obj
FAILED: CMakeFiles/cmTC_9489d.dir/HAVE_NETINET_TCP_H.c.obj 
C:\PROGRA~1\MIB055~1\2022\COMMUN~1\VC\Tools\MSVC\1433~1.316\bin\HostX64\x64\cl.exe  /nologo   /DWIN32 /D_WINDOWS  /Zi /Ob0 /Od /RTC1 -MDd    -D_WIN32_WINNT=0x0600 -D_WINSOCKAPI_= /showIncludes /FoCMakeFiles\cmTC_9489d.dir\HAVE_NETINET_TCP_H.c.obj /FdCMakeFiles\cmTC_9489d.dir\ /FS -c C:\Users\Joe\source\repos\Jreatc7\curl\out\build\x64-release\CMakeFiles\CheckIncludeFiles\HAVE_NETINET_TCP_H.c
C:\Users\Joe\source\repos\Jreatc7\curl\out\build\x64-release\CMakeFiles\CheckIncludeFiles\HAVE_NETINET_TCP_H.c(15): fatal error C1083: Cannot open include file: 'netinet/tcp.h': No such file or directory
ninja: build stopped: subcommand failed.


Source:
/* */
#include <windows.h>
#include <ws2tcpip.h>
#include <winsock2.h>
#include <wincrypt.h>
#include <stdio.h>
#include <sys/stat.h>
#include <sys/types.h>
#include <sys/utime.h>
#include <assert.h>
#include <errno.h>
#include <fcntl.h>
#include <io.h>
#include <locale.h>
#include <netinet/tcp.h>


int main(void){return 0;}

Determining if the include file linux/tcp.h exists failed with the following output:
Change Dir: C:/Users/Joe/source/repos/Jreatc7/curl/out/build/x64-release/CMakeFiles/CMakeTmp

Run Build Command(s):C:/Program Files/Microsoft Visual Studio/2022/Community/Common7/IDE/CommonExtensions/Microsoft/CMake/Ninja/ninja.exe cmTC_42434 && [1/2] Building C object CMakeFiles\cmTC_42434.dir\CheckIncludeFile.c.obj
FAILED: CMakeFiles/cmTC_42434.dir/CheckIncludeFile.c.obj 
C:\PROGRA~1\MIB055~1\2022\COMMUN~1\VC\Tools\MSVC\1433~1.316\bin\HostX64\x64\cl.exe  /nologo   /DWIN32 /D_WINDOWS  /Zi /Ob0 /Od /RTC1 -MDd    -D_WIN32_WINNT=0x0600 -D_WINSOCKAPI_= /showIncludes /FoCMakeFiles\cmTC_42434.dir\CheckIncludeFile.c.obj /FdCMakeFiles\cmTC_42434.dir\ /FS -c C:\Users\Joe\source\repos\Jreatc7\curl\out\build\x64-release\CMakeFiles\CMakeTmp\CheckIncludeFile.c
C:\Users\Joe\source\repos\Jreatc7\curl\out\build\x64-release\CMakeFiles\CMakeTmp\CheckIncludeFile.c(1): fatal error C1083: Cannot open include file: 'linux/tcp.h': No such file or directory
ninja: build stopped: subcommand failed.



Determining if files windows.h;ws2tcpip.h;winsock2.h;wincrypt.h;stdio.h;sys/stat.h;sys/types.h;sys/utime.h;assert.h;errno.h;fcntl.h;io.h;locale.h;pem.h exist failed with the following output:
Change Dir: C:/Users/Joe/source/repos/Jreatc7/curl/out/build/x64-release/CMakeFiles/CMakeTmp

Run Build Command(s):C:/Program Files/Microsoft Visual Studio/2022/Community/Common7/IDE/CommonExtensions/Microsoft/CMake/Ninja/ninja.exe cmTC_a6058 && [1/2] Building C object CMakeFiles\cmTC_a6058.dir\HAVE_PEM_H.c.obj
FAILED: CMakeFiles/cmTC_a6058.dir/HAVE_PEM_H.c.obj 
C:\PROGRA~1\MIB055~1\2022\COMMUN~1\VC\Tools\MSVC\1433~1.316\bin\HostX64\x64\cl.exe  /nologo   /DWIN32 /D_WINDOWS  /Zi /Ob0 /Od /RTC1 -MDd    -D_WIN32_WINNT=0x0600 -D_WINSOCKAPI_= /showIncludes /FoCMakeFiles\cmTC_a6058.dir\HAVE_PEM_H.c.obj /FdCMakeFiles\cmTC_a6058.dir\ /FS -c C:\Users\Joe\source\repos\Jreatc7\curl\out\build\x64-release\CMakeFiles\CheckIncludeFiles\HAVE_PEM_H.c
C:\Users\Joe\source\repos\Jreatc7\curl\out\build\x64-release\CMakeFiles\CheckIncludeFiles\HAVE_PEM_H.c(15): fatal error C1083: Cannot open include file: 'pem.h': No such file or directory
ninja: build stopped: subcommand failed.


Source:
/* */
#include <windows.h>
#include <ws2tcpip.h>
#include <winsock2.h>
#include <wincrypt.h>
#include <stdio.h>
#include <sys/stat.h>
#include <sys/types.h>
#include <sys/utime.h>
#include <assert.h>
#include <errno.h>
#include <fcntl.h>
#include <io.h>
#include <locale.h>
#include <pem.h>


int main(void){return 0;}

Determining if files windows.h;ws2tcpip.h;winsock2.h;wincrypt.h;stdio.h;sys/stat.h;sys/types.h;sys/utime.h;assert.h;errno.h;fcntl.h;io.h;locale.h;poll.h exist failed with the following output:
Change Dir: C:/Users/Joe/source/repos/Jreatc7/curl/out/build/x64-release/CMakeFiles/CMakeTmp

Run Build Command(s):C:/Program Files/Microsoft Visual Studio/2022/Community/Common7/IDE/CommonExtensions/Microsoft/CMake/Ninja/ninja.exe cmTC_88c49 && [1/2] Building C object CMakeFiles\cmTC_88c49.dir\HAVE_POLL_H.c.obj
FAILED: CMakeFiles/cmTC_88c49.dir/HAVE_POLL_H.c.obj 
C:\PROGRA~1\MIB055~1\2022\COMMUN~1\VC\Tools\MSVC\1433~1.316\bin\HostX64\x64\cl.exe  /nologo   /DWIN32 /D_WINDOWS  /Zi /Ob0 /Od /RTC1 -MDd    -D_WIN32_WINNT=0x0600 -D_WINSOCKAPI_= /showIncludes /FoCMakeFiles\cmTC_88c49.dir\HAVE_POLL_H.c.obj /FdCMakeFiles\cmTC_88c49.dir\ /FS -c C:\Users\Joe\source\repos\Jreatc7\curl\out\build\x64-release\CMakeFiles\CheckIncludeFiles\HAVE_POLL_H.c
C:\Users\Joe\source\repos\Jreatc7\curl\out\build\x64-release\CMakeFiles\CheckIncludeFiles\HAVE_POLL_H.c(15): fatal error C1083: Cannot open include file: 'poll.h': No such file or directory
ninja: build stopped: subcommand failed.


Source:
/* */
#include <windows.h>
#include <ws2tcpip.h>
#include <winsock2.h>
#include <wincrypt.h>
#include <stdio.h>
#include <sys/stat.h>
#include <sys/types.h>
#include <sys/utime.h>
#include <assert.h>
#include <errno.h>
#include <fcntl.h>
#include <io.h>
#include <locale.h>
#include <poll.h>


int main(void){return 0;}

Determining if files windows.h;ws2tcpip.h;winsock2.h;wincrypt.h;stdio.h;sys/stat.h;sys/types.h;sys/utime.h;assert.h;errno.h;fcntl.h;io.h;locale.h;setjmp.h;signal.h;ssl.h exist failed with the following output:
Change Dir: C:/Users/Joe/source/repos/Jreatc7/curl/out/build/x64-release/CMakeFiles/CMakeTmp

Run Build Command(s):C:/Program Files/Microsoft Visual Studio/2022/Community/Common7/IDE/CommonExtensions/Microsoft/CMake/Ninja/ninja.exe cmTC_4aff3 && [1/2] Building C object CMakeFiles\cmTC_4aff3.dir\HAVE_SSL_H.c.obj
FAILED: CMakeFiles/cmTC_4aff3.dir/HAVE_SSL_H.c.obj 
C:\PROGRA~1\MIB055~1\2022\COMMUN~1\VC\Tools\MSVC\1433~1.316\bin\HostX64\x64\cl.exe  /nologo   /DWIN32 /D_WINDOWS  /Zi /Ob0 /Od /RTC1 -MDd    -D_WIN32_WINNT=0x0600 -D_WINSOCKAPI_= /showIncludes /FoCMakeFiles\cmTC_4aff3.dir\HAVE_SSL_H.c.obj /FdCMakeFiles\cmTC_4aff3.dir\ /FS -c C:\Users\Joe\source\repos\Jreatc7\curl\out\build\x64-release\CMakeFiles\CheckIncludeFiles\HAVE_SSL_H.c
C:\Users\Joe\source\repos\Jreatc7\curl\out\build\x64-release\CMakeFiles\CheckIncludeFiles\HAVE_SSL_H.c(17): fatal error C1083: Cannot open include file: 'ssl.h': No such file or directory
ninja: build stopped: subcommand failed.


Source:
/* */
#include <windows.h>
#include <ws2tcpip.h>
#include <winsock2.h>
#include <wincrypt.h>
#include <stdio.h>
#include <sys/stat.h>
#include <sys/types.h>
#include <sys/utime.h>
#include <assert.h>
#include <errno.h>
#include <fcntl.h>
#include <io.h>
#include <locale.h>
#include <setjmp.h>
#include <signal.h>
#include <ssl.h>


int main(void){return 0;}

Determining if files windows.h;ws2tcpip.h;winsock2.h;wincrypt.h;stdio.h;sys/stat.h;sys/types.h;sys/utime.h;assert.h;errno.h;fcntl.h;io.h;locale.h;setjmp.h;signal.h;stdbool.h;stdio.h;stdlib.h;string.h;stropts.h exist failed with the following output:
Change Dir: C:/Users/Joe/source/repos/Jreatc7/curl/out/build/x64-release/CMakeFiles/CMakeTmp

Run Build Command(s):C:/Program Files/Microsoft Visual Studio/2022/Community/Common7/IDE/CommonExtensions/Microsoft/CMake/Ninja/ninja.exe cmTC_ed4e8 && [1/2] Building C object CMakeFiles\cmTC_ed4e8.dir\HAVE_STROPTS_H.c.obj
FAILED: CMakeFiles/cmTC_ed4e8.dir/HAVE_STROPTS_H.c.obj 
C:\PROGRA~1\MIB055~1\2022\COMMUN~1\VC\Tools\MSVC\1433~1.316\bin\HostX64\x64\cl.exe  /nologo   /DWIN32 /D_WINDOWS  /Zi /Ob0 /Od /RTC1 -MDd    -D_WIN32_WINNT=0x0600 -D_WINSOCKAPI_= /showIncludes /FoCMakeFiles\cmTC_ed4e8.dir\HAVE_STROPTS_H.c.obj /FdCMakeFiles\cmTC_ed4e8.dir\ /FS -c C:\Users\Joe\source\repos\Jreatc7\curl\out\build\x64-release\CMakeFiles\CheckIncludeFiles\HAVE_STROPTS_H.c
C:\Users\Joe\source\repos\Jreatc7\curl\out\build\x64-release\CMakeFiles\CheckIncludeFiles\HAVE_STROPTS_H.c(21): fatal error C1083: Cannot open include file: 'stropts.h': No such file or directory
ninja: build stopped: subcommand failed.


Source:
/* */
#include <windows.h>
#include <ws2tcpip.h>
#include <winsock2.h>
#include <wincrypt.h>
#include <stdio.h>
#include <sys/stat.h>
#include <sys/types.h>
#include <sys/utime.h>
#include <assert.h>
#include <errno.h>
#include <fcntl.h>
#include <io.h>
#include <locale.h>
#include <setjmp.h>
#include <signal.h>
#include <stdbool.h>
#include <stdio.h>
#include <stdlib.h>
#include <string.h>
#include <stropts.h>


int main(void){return 0;}

Determining if files windows.h;ws2tcpip.h;winsock2.h;wincrypt.h;stdio.h;sys/stat.h;sys/types.h;sys/utime.h;assert.h;errno.h;fcntl.h;io.h;locale.h;setjmp.h;signal.h;stdbool.h;stdio.h;stdlib.h;string.h;time.h;process.h;stddef.h;malloc.h;memory.h;sys/utsname.h exist failed with the following output:
Change Dir: C:/Users/Joe/source/repos/Jreatc7/curl/out/build/x64-release/CMakeFiles/CMakeTmp

Run Build Command(s):C:/Program Files/Microsoft Visual Studio/2022/Community/Common7/IDE/CommonExtensions/Microsoft/CMake/Ninja/ninja.exe cmTC_42c22 && [1/2] Building C object CMakeFiles\cmTC_42c22.dir\HAVE_SYS_UTSNAME_H.c.obj
FAILED: CMakeFiles/cmTC_42c22.dir/HAVE_SYS_UTSNAME_H.c.obj 
C:\PROGRA~1\MIB055~1\2022\COMMUN~1\VC\Tools\MSVC\1433~1.316\bin\HostX64\x64\cl.exe  /nologo   /DWIN32 /D_WINDOWS  /Zi /Ob0 /Od /RTC1 -MDd    -D_WIN32_WINNT=0x0600 -D_WINSOCKAPI_= /showIncludes /FoCMakeFiles\cmTC_42c22.dir\HAVE_SYS_UTSNAME_H.c.obj /FdCMakeFiles\cmTC_42c22.dir\ /FS -c C:\Users\Joe\source\repos\Jreatc7\curl\out\build\x64-release\CMakeFiles\CheckIncludeFiles\HAVE_SYS_UTSNAME_H.c
C:\Users\Joe\source\repos\Jreatc7\curl\out\build\x64-release\CMakeFiles\CheckIncludeFiles\HAVE_SYS_UTSNAME_H.c(26): fatal error C1083: Cannot open include file: 'sys/utsname.h': No such file or directory
ninja: build stopped: subcommand failed.


Source:
/* */
#include <windows.h>
#include <ws2tcpip.h>
#include <winsock2.h>
#include <wincrypt.h>
#include <stdio.h>
#include <sys/stat.h>
#include <sys/types.h>
#include <sys/utime.h>
#include <assert.h>
#include <errno.h>
#include <fcntl.h>
#include <io.h>
#include <locale.h>
#include <setjmp.h>
#include <signal.h>
#include <stdbool.h>
#include <stdio.h>
#include <stdlib.h>
#include <string.h>
#include <time.h>
#include <process.h>
#include <stddef.h>
#include <malloc.h>
#include <memory.h>
#include <sys/utsname.h>


int main(void){return 0;}

Determining size of ssize_t failed with the following output:
Change Dir: C:/Users/Joe/source/repos/Jreatc7/curl/out/build/x64-release/CMakeFiles/CMakeTmp

Run Build Command(s):C:/Program Files/Microsoft Visual Studio/2022/Community/Common7/IDE/CommonExtensions/Microsoft/CMake/Ninja/ninja.exe cmTC_6729a && [1/2] Building C object CMakeFiles\cmTC_6729a.dir\SIZEOF_SSIZE_T.c.obj
FAILED: CMakeFiles/cmTC_6729a.dir/SIZEOF_SSIZE_T.c.obj 
C:\PROGRA~1\MIB055~1\2022\COMMUN~1\VC\Tools\MSVC\1433~1.316\bin\HostX64\x64\cl.exe  /nologo   /DWIN32 /D_WINDOWS  /Zi /Ob0 /Od /RTC1 -MDd    -D_WIN32_WINNT=0x0600 -D_WINSOCKAPI_= /showIncludes /FoCMakeFiles\cmTC_6729a.dir\SIZEOF_SSIZE_T.c.obj /FdCMakeFiles\cmTC_6729a.dir\ /FS -c C:\Users\Joe\source\repos\Jreatc7\curl\out\build\x64-release\CMakeFiles\CheckTypeSize\SIZEOF_SSIZE_T.c
C:\Users\Joe\source\repos\Jreatc7\curl\out\build\x64-release\CMakeFiles\CheckTypeSize\SIZEOF_SSIZE_T.c(28): error C2065: 'ssize_t': undeclared identifier
C:\Users\Joe\source\repos\Jreatc7\curl\out\build\x64-release\CMakeFiles\CheckTypeSize\SIZEOF_SSIZE_T.c(29): error C2065: 'ssize_t': undeclared identifier
C:\Users\Joe\source\repos\Jreatc7\curl\out\build\x64-release\CMakeFiles\CheckTypeSize\SIZEOF_SSIZE_T.c(30): error C2065: 'ssize_t': undeclared identifier
C:\Users\Joe\source\repos\Jreatc7\curl\out\build\x64-release\CMakeFiles\CheckTypeSize\SIZEOF_SSIZE_T.c(31): error C2065: 'ssize_t': undeclared identifier
C:\Users\Joe\source\repos\Jreatc7\curl\out\build\x64-release\CMakeFiles\CheckTypeSize\SIZEOF_SSIZE_T.c(32): error C2065: 'ssize_t': undeclared identifier
ninja: build stopped: subcommand failed.


C:/Users/Joe/source/repos/Jreatc7/curl/out/build/x64-release/CMakeFiles/CheckTypeSize/SIZEOF_SSIZE_T.c:
#include <sys/types.h>
#include <stddef.h>


#undef KEY
#if defined(__i386)
# define KEY '_','_','i','3','8','6'
#elif defined(__x86_64)
# define KEY '_','_','x','8','6','_','6','4'
#elif defined(__PPC64__)
# define KEY '_','_','P','P','C','6','4','_','_'
#elif defined(__ppc64__)
# define KEY '_','_','p','p','c','6','4','_','_'
#elif defined(__PPC__)
# define KEY '_','_','P','P','C','_','_'
#elif defined(__ppc__)
# define KEY '_','_','p','p','c','_','_'
#elif defined(__aarch64__)
# define KEY '_','_','a','a','r','c','h','6','4','_','_'
#elif defined(__ARM_ARCH_7A__)
# define KEY '_','_','A','R','M','_','A','R','C','H','_','7','A','_','_'
#elif defined(__ARM_ARCH_7S__)
# define KEY '_','_','A','R','M','_','A','R','C','H','_','7','S','_','_'
#endif

#define SIZE (sizeof(ssize_t))
static char info_size[] =  {'I', 'N', 'F', 'O', ':', 's','i','z','e','[',
  ('0' + ((SIZE / 10000)%10)),
  ('0' + ((SIZE / 1000)%10)),
  ('0' + ((SIZE / 100)%10)),
  ('0' + ((SIZE / 10)%10)),
  ('0' +  (SIZE    % 10)),
  ']',
#ifdef KEY
  ' ','k','e','y','[', KEY, ']',
#endif
  '\0'};

#ifdef __CLASSIC_C__
int main(argc, argv) int argc; char *argv[];
#else
int main(int argc, char *argv[])
#endif
{
  int require = 0;
  require += info_size[argc];
  (void)argv;
  return require;
}


Determining if the basename exist failed with the following output:
Change Dir: C:/Users/Joe/source/repos/Jreatc7/curl/out/build/x64-release/CMakeFiles/CMakeTmp

Run Build Command(s):C:/Program Files/Microsoft Visual Studio/2022/Community/Common7/IDE/CommonExtensions/Microsoft/CMake/Ninja/ninja.exe cmTC_fcce2 && [1/2] Building C object CMakeFiles\cmTC_fcce2.dir\CheckSymbolExists.c.obj
FAILED: CMakeFiles/cmTC_fcce2.dir/CheckSymbolExists.c.obj 
C:\PROGRA~1\MIB055~1\2022\COMMUN~1\VC\Tools\MSVC\1433~1.316\bin\HostX64\x64\cl.exe  /nologo   /DWIN32 /D_WINDOWS  /Zi /Ob0 /Od /RTC1 -MDd    -D_WIN32_WINNT=0x0600 -D_WINSOCKAPI_= /showIncludes /FoCMakeFiles\cmTC_fcce2.dir\CheckSymbolExists.c.obj /FdCMakeFiles\cmTC_fcce2.dir\ /FS -c C:\Users\Joe\source\repos\Jreatc7\curl\out\build\x64-release\CMakeFiles\CMakeTmp\CheckSymbolExists.c
C:\Users\Joe\source\repos\Jreatc7\curl\out\build\x64-release\CMakeFiles\CMakeTmp\CheckSymbolExists.c(31): error C2065: 'basename': undeclared identifier
ninja: build stopped: subcommand failed.


File C:/Users/Joe/source/repos/Jreatc7/curl/out/build/x64-release/CMakeFiles/CMakeTmp/CheckSymbolExists.c:
/* */
#include <windows.h>
#include <ws2tcpip.h>
#include <winsock2.h>
#include <wincrypt.h>
#include <stdio.h>
#include <sys/stat.h>
#include <sys/types.h>
#include <sys/utime.h>
#include <assert.h>
#include <errno.h>
#include <fcntl.h>
#include <io.h>
#include <locale.h>
#include <setjmp.h>
#include <signal.h>
#include <stdbool.h>
#include <stdio.h>
#include <stdlib.h>
#include <string.h>
#include <time.h>
#include <process.h>
#include <stddef.h>
#include <malloc.h>
#include <memory.h>

int main(int argc, char** argv)
{
  (void)argv;
#ifndef basename
  return ((int*)(&basename))[argc];
#else
  (void)argc;
  return 0;
#endif
}
Determining if the strncmpi exist failed with the following output:
Change Dir: C:/Users/Joe/source/repos/Jreatc7/curl/out/build/x64-release/CMakeFiles/CMakeTmp

Run Build Command(s):C:/Program Files/Microsoft Visual Studio/2022/Community/Common7/IDE/CommonExtensions/Microsoft/CMake/Ninja/ninja.exe cmTC_8f701 && [1/2] Building C object CMakeFiles\cmTC_8f701.dir\CheckSymbolExists.c.obj
FAILED: CMakeFiles/cmTC_8f701.dir/CheckSymbolExists.c.obj 
C:\PROGRA~1\MIB055~1\2022\COMMUN~1\VC\Tools\MSVC\1433~1.316\bin\HostX64\x64\cl.exe  /nologo   /DWIN32 /D_WINDOWS  /Zi /Ob0 /Od /RTC1 -MDd    -D_WIN32_WINNT=0x0600 -D_WINSOCKAPI_= /showIncludes /FoCMakeFiles\cmTC_8f701.dir\CheckSymbolExists.c.obj /FdCMakeFiles\cmTC_8f701.dir\ /FS -c C:\Users\Joe\source\repos\Jreatc7\curl\out\build\x64-release\CMakeFiles\CMakeTmp\CheckSymbolExists.c
C:\Users\Joe\source\repos\Jreatc7\curl\out\build\x64-release\CMakeFiles\CMakeTmp\CheckSymbolExists.c(31): error C2065: 'strncmpi': undeclared identifier
ninja: build stopped: subcommand failed.


File C:/Users/Joe/source/repos/Jreatc7/curl/out/build/x64-release/CMakeFiles/CMakeTmp/CheckSymbolExists.c:
/* */
#include <windows.h>
#include <ws2tcpip.h>
#include <winsock2.h>
#include <wincrypt.h>
#include <stdio.h>
#include <sys/stat.h>
#include <sys/types.h>
#include <sys/utime.h>
#include <assert.h>
#include <errno.h>
#include <fcntl.h>
#include <io.h>
#include <locale.h>
#include <setjmp.h>
#include <signal.h>
#include <stdbool.h>
#include <stdio.h>
#include <stdlib.h>
#include <string.h>
#include <time.h>
#include <process.h>
#include <stddef.h>
#include <malloc.h>
#include <memory.h>

int main(int argc, char** argv)
{
  (void)argv;
#ifndef strncmpi
  return ((int*)(&strncmpi))[argc];
#else
  (void)argc;
  return 0;
#endif
}
Determining if the alarm exist failed with the following output:
Change Dir: C:/Users/Joe/source/repos/Jreatc7/curl/out/build/x64-release/CMakeFiles/CMakeTmp

Run Build Command(s):C:/Program Files/Microsoft Visual Studio/2022/Community/Common7/IDE/CommonExtensions/Microsoft/CMake/Ninja/ninja.exe cmTC_b7264 && [1/2] Building C object CMakeFiles\cmTC_b7264.dir\CheckSymbolExists.c.obj
FAILED: CMakeFiles/cmTC_b7264.dir/CheckSymbolExists.c.obj 
C:\PROGRA~1\MIB055~1\2022\COMMUN~1\VC\Tools\MSVC\1433~1.316\bin\HostX64\x64\cl.exe  /nologo   /DWIN32 /D_WINDOWS  /Zi /Ob0 /Od /RTC1 -MDd    -D_WIN32_WINNT=0x0600 -D_WINSOCKAPI_= /showIncludes /FoCMakeFiles\cmTC_b7264.dir\CheckSymbolExists.c.obj /FdCMakeFiles\cmTC_b7264.dir\ /FS -c C:\Users\Joe\source\repos\Jreatc7\curl\out\build\x64-release\CMakeFiles\CMakeTmp\CheckSymbolExists.c
C:\Users\Joe\source\repos\Jreatc7\curl\out\build\x64-release\CMakeFiles\CMakeTmp\CheckSymbolExists.c(31): error C2065: 'alarm': undeclared identifier
ninja: build stopped: subcommand failed.


File C:/Users/Joe/source/repos/Jreatc7/curl/out/build/x64-release/CMakeFiles/CMakeTmp/CheckSymbolExists.c:
/* */
#include <windows.h>
#include <ws2tcpip.h>
#include <winsock2.h>
#include <wincrypt.h>
#include <stdio.h>
#include <sys/stat.h>
#include <sys/types.h>
#include <sys/utime.h>
#include <assert.h>
#include <errno.h>
#include <fcntl.h>
#include <io.h>
#include <locale.h>
#include <setjmp.h>
#include <signal.h>
#include <stdbool.h>
#include <stdio.h>
#include <stdlib.h>
#include <string.h>
#include <time.h>
#include <process.h>
#include <stddef.h>
#include <malloc.h>
#include <memory.h>

int main(int argc, char** argv)
{
  (void)argv;
#ifndef alarm
  return ((int*)(&alarm))[argc];
#else
  (void)argc;
  return 0;
#endif
}
Determining if the getppid exist failed with the following output:
Change Dir: C:/Users/Joe/source/repos/Jreatc7/curl/out/build/x64-release/CMakeFiles/CMakeTmp

Run Build Command(s):C:/Program Files/Microsoft Visual Studio/2022/Community/Common7/IDE/CommonExtensions/Microsoft/CMake/Ninja/ninja.exe cmTC_5e65e && [1/2] Building C object CMakeFiles\cmTC_5e65e.dir\CheckSymbolExists.c.obj
FAILED: CMakeFiles/cmTC_5e65e.dir/CheckSymbolExists.c.obj 
C:\PROGRA~1\MIB055~1\2022\COMMUN~1\VC\Tools\MSVC\1433~1.316\bin\HostX64\x64\cl.exe  /nologo   /DWIN32 /D_WINDOWS  /Zi /Ob0 /Od /RTC1 -MDd    -D_WIN32_WINNT=0x0600 -D_WINSOCKAPI_= /showIncludes /FoCMakeFiles\cmTC_5e65e.dir\CheckSymbolExists.c.obj /FdCMakeFiles\cmTC_5e65e.dir\ /FS -c C:\Users\Joe\source\repos\Jreatc7\curl\out\build\x64-release\CMakeFiles\CMakeTmp\CheckSymbolExists.c
C:\Users\Joe\source\repos\Jreatc7\curl\out\build\x64-release\CMakeFiles\CMakeTmp\CheckSymbolExists.c(31): error C2065: 'getppid': undeclared identifier
ninja: build stopped: subcommand failed.


File C:/Users/Joe/source/repos/Jreatc7/curl/out/build/x64-release/CMakeFiles/CMakeTmp/CheckSymbolExists.c:
/* */
#include <windows.h>
#include <ws2tcpip.h>
#include <winsock2.h>
#include <wincrypt.h>
#include <stdio.h>
#include <sys/stat.h>
#include <sys/types.h>
#include <sys/utime.h>
#include <assert.h>
#include <errno.h>
#include <fcntl.h>
#include <io.h>
#include <locale.h>
#include <setjmp.h>
#include <signal.h>
#include <stdbool.h>
#include <stdio.h>
#include <stdlib.h>
#include <string.h>
#include <time.h>
#include <process.h>
#include <stddef.h>
#include <malloc.h>
#include <memory.h>

int main(int argc, char** argv)
{
  (void)argv;
#ifndef getppid
  return ((int*)(&getppid))[argc];
#else
  (void)argc;
  return 0;
#endif
}
Determining if the utimes exist failed with the following output:
Change Dir: C:/Users/Joe/source/repos/Jreatc7/curl/out/build/x64-release/CMakeFiles/CMakeTmp

Run Build Command(s):C:/Program Files/Microsoft Visual Studio/2022/Community/Common7/IDE/CommonExtensions/Microsoft/CMake/Ninja/ninja.exe cmTC_6c412 && [1/2] Building C object CMakeFiles\cmTC_6c412.dir\CheckSymbolExists.c.obj
FAILED: CMakeFiles/cmTC_6c412.dir/CheckSymbolExists.c.obj 
C:\PROGRA~1\MIB055~1\2022\COMMUN~1\VC\Tools\MSVC\1433~1.316\bin\HostX64\x64\cl.exe  /nologo   /DWIN32 /D_WINDOWS  /Zi /Ob0 /Od /RTC1 -MDd    -D_WIN32_WINNT=0x0600 -D_WINSOCKAPI_= /showIncludes /FoCMakeFiles\cmTC_6c412.dir\CheckSymbolExists.c.obj /FdCMakeFiles\cmTC_6c412.dir\ /FS -c C:\Users\Joe\source\repos\Jreatc7\curl\out\build\x64-release\CMakeFiles\CMakeTmp\CheckSymbolExists.c
C:\Users\Joe\source\repos\Jreatc7\curl\out\build\x64-release\CMakeFiles\CMakeTmp\CheckSymbolExists.c(31): error C2065: 'utimes': undeclared identifier
ninja: build stopped: subcommand failed.


File C:/Users/Joe/source/repos/Jreatc7/curl/out/build/x64-release/CMakeFiles/CMakeTmp/CheckSymbolExists.c:
/* */
#include <windows.h>
#include <ws2tcpip.h>
#include <winsock2.h>
#include <wincrypt.h>
#include <stdio.h>
#include <sys/stat.h>
#include <sys/types.h>
#include <sys/utime.h>
#include <assert.h>
#include <errno.h>
#include <fcntl.h>
#include <io.h>
#include <locale.h>
#include <setjmp.h>
#include <signal.h>
#include <stdbool.h>
#include <stdio.h>
#include <stdlib.h>
#include <string.h>
#include <time.h>
#include <process.h>
#include <stddef.h>
#include <malloc.h>
#include <memory.h>

int main(int argc, char** argv)
{
  (void)argv;
#ifndef utimes
  return ((int*)(&utimes))[argc];
#else
  (void)argc;
  return 0;
#endif
}
Determining if the getpwuid_r exist failed with the following output:
Change Dir: C:/Users/Joe/source/repos/Jreatc7/curl/out/build/x64-release/CMakeFiles/CMakeTmp

Run Build Command(s):C:/Program Files/Microsoft Visual Studio/2022/Community/Common7/IDE/CommonExtensions/Microsoft/CMake/Ninja/ninja.exe cmTC_7da22 && [1/2] Building C object CMakeFiles\cmTC_7da22.dir\CheckSymbolExists.c.obj
FAILED: CMakeFiles/cmTC_7da22.dir/CheckSymbolExists.c.obj 
C:\PROGRA~1\MIB055~1\2022\COMMUN~1\VC\Tools\MSVC\1433~1.316\bin\HostX64\x64\cl.exe  /nologo   /DWIN32 /D_WINDOWS  /Zi /Ob0 /Od /RTC1 -MDd    -D_WIN32_WINNT=0x0600 -D_WINSOCKAPI_= /showIncludes /FoCMakeFiles\cmTC_7da22.dir\CheckSymbolExists.c.obj /FdCMakeFiles\cmTC_7da22.dir\ /FS -c C:\Users\Joe\source\repos\Jreatc7\curl\out\build\x64-release\CMakeFiles\CMakeTmp\CheckSymbolExists.c
C:\Users\Joe\source\repos\Jreatc7\curl\out\build\x64-release\CMakeFiles\CMakeTmp\CheckSymbolExists.c(31): error C2065: 'getpwuid_r': undeclared identifier
ninja: build stopped: subcommand failed.


File C:/Users/Joe/source/repos/Jreatc7/curl/out/build/x64-release/CMakeFiles/CMakeTmp/CheckSymbolExists.c:
/* */
#include <windows.h>
#include <ws2tcpip.h>
#include <winsock2.h>
#include <wincrypt.h>
#include <stdio.h>
#include <sys/stat.h>
#include <sys/types.h>
#include <sys/utime.h>
#include <assert.h>
#include <errno.h>
#include <fcntl.h>
#include <io.h>
#include <locale.h>
#include <setjmp.h>
#include <signal.h>
#include <stdbool.h>
#include <stdio.h>
#include <stdlib.h>
#include <string.h>
#include <time.h>
#include <process.h>
#include <stddef.h>
#include <malloc.h>
#include <memory.h>

int main(int argc, char** argv)
{
  (void)argv;
#ifndef getpwuid_r
  return ((int*)(&getpwuid_r))[argc];
#else
  (void)argc;
  return 0;
#endif
}
Determining if the usleep exist failed with the following output:
Change Dir: C:/Users/Joe/source/repos/Jreatc7/curl/out/build/x64-release/CMakeFiles/CMakeTmp

Run Build Command(s):C:/Program Files/Microsoft Visual Studio/2022/Community/Common7/IDE/CommonExtensions/Microsoft/CMake/Ninja/ninja.exe cmTC_5aa1d && [1/2] Building C object CMakeFiles\cmTC_5aa1d.dir\CheckSymbolExists.c.obj
FAILED: CMakeFiles/cmTC_5aa1d.dir/CheckSymbolExists.c.obj 
C:\PROGRA~1\MIB055~1\2022\COMMUN~1\VC\Tools\MSVC\1433~1.316\bin\HostX64\x64\cl.exe  /nologo   /DWIN32 /D_WINDOWS  /Zi /Ob0 /Od /RTC1 -MDd    -D_WIN32_WINNT=0x0600 -D_WINSOCKAPI_= /showIncludes /FoCMakeFiles\cmTC_5aa1d.dir\CheckSymbolExists.c.obj /FdCMakeFiles\cmTC_5aa1d.dir\ /FS -c C:\Users\Joe\source\repos\Jreatc7\curl\out\build\x64-release\CMakeFiles\CMakeTmp\CheckSymbolExists.c
C:\Users\Joe\source\repos\Jreatc7\curl\out\build\x64-release\CMakeFiles\CMakeTmp\CheckSymbolExists.c(31): error C2065: 'usleep': undeclared identifier
ninja: build stopped: subcommand failed.


File C:/Users/Joe/source/repos/Jreatc7/curl/out/build/x64-release/CMakeFiles/CMakeTmp/CheckSymbolExists.c:
/* */
#include <windows.h>
#include <ws2tcpip.h>
#include <winsock2.h>
#include <wincrypt.h>
#include <stdio.h>
#include <sys/stat.h>
#include <sys/types.h>
#include <sys/utime.h>
#include <assert.h>
#include <errno.h>
#include <fcntl.h>
#include <io.h>
#include <locale.h>
#include <setjmp.h>
#include <signal.h>
#include <stdbool.h>
#include <stdio.h>
#include <stdlib.h>
#include <string.h>
#include <time.h>
#include <process.h>
#include <stddef.h>
#include <malloc.h>
#include <memory.h>

int main(int argc, char** argv)
{
  (void)argv;
#ifndef usleep
  return ((int*)(&usleep))[argc];
#else
  (void)argc;
  return 0;
#endif
}
